Running on host gpu07.bc4.acrc.priv
Slurm job ID is 3611911
This job runs on the following machines:
gpu07
Obtaining file:///mnt/storage/home/mk17486/neural-networks/pytorch-subLSTM
Requirement already satisfied: numpy in /mnt/storage/home/mk17486/.local/lib/python3.7/site-packages (from torch-sublstm==0.1.0) (1.18.1)
Requirement already satisfied: torch in /mnt/storage/home/mk17486/.local/lib/python3.7/site-packages (from torch-sublstm==0.1.0) (1.4.0)
Installing collected packages: torch-sublstm
  Found existing installation: torch-sublstm 0.1.0
    Uninstalling torch-sublstm-0.1.0:
      Successfully uninstalled torch-sublstm-0.1.0
  Running setup.py develop for torch-sublstm
Successfully installed torch-sublstm
LSTM
-----------------------------------------------------------------------------------------
| end of epoch   1 | time: 60.60s | valid loss  5.68 | valid ppl   293.27
-----------------------------------------------------------------------------------------
-----------------------------------------------------------------------------------------
| end of epoch   2 | time: 59.99s | valid loss  5.42 | valid ppl   224.79
-----------------------------------------------------------------------------------------
-----------------------------------------------------------------------------------------
| end of epoch   3 | time: 60.02s | valid loss  5.26 | valid ppl   192.82
-----------------------------------------------------------------------------------------
-----------------------------------------------------------------------------------------
| end of epoch   4 | time: 59.19s | valid loss  5.17 | valid ppl   176.11
-----------------------------------------------------------------------------------------
-----------------------------------------------------------------------------------------
| end of epoch   5 | time: 61.49s | valid loss  5.10 | valid ppl   163.40
-----------------------------------------------------------------------------------------
=========================================================================================
| End of training | test loss  5.05 | test ppl   155.84
=========================================================================================
subLSTM
-----------------------------------------------------------------------------------------
| end of epoch   1 | time: 278.72s | valid loss  5.84 | valid ppl   342.75
-----------------------------------------------------------------------------------------
-----------------------------------------------------------------------------------------
| end of epoch   2 | time: 278.26s | valid loss  5.73 | valid ppl   308.26
-----------------------------------------------------------------------------------------
-----------------------------------------------------------------------------------------
| end of epoch   3 | time: 279.15s | valid loss  5.67 | valid ppl   289.02
-----------------------------------------------------------------------------------------
-----------------------------------------------------------------------------------------
| end of epoch   4 | time: 281.19s | valid loss  5.61 | valid ppl   273.49
-----------------------------------------------------------------------------------------
-----------------------------------------------------------------------------------------
| end of epoch   5 | time: 268.48s | valid loss  5.58 | valid ppl   265.89
-----------------------------------------------------------------------------------------
=========================================================================================
| End of training | test loss  5.53 | test ppl   251.53
=========================================================================================
subLSTMCuda
-----------------------------------------------------------------------------------------
| end of epoch   1 | time: 173.56s | valid loss  5.84 | valid ppl   343.09
-----------------------------------------------------------------------------------------
-----------------------------------------------------------------------------------------
| end of epoch   2 | time: 166.38s | valid loss  5.73 | valid ppl   307.04
-----------------------------------------------------------------------------------------
-----------------------------------------------------------------------------------------
| end of epoch   3 | time: 171.17s | valid loss  5.66 | valid ppl   285.80
-----------------------------------------------------------------------------------------
-----------------------------------------------------------------------------------------
| end of epoch   4 | time: 172.83s | valid loss  5.62 | valid ppl   275.66
-----------------------------------------------------------------------------------------
-----------------------------------------------------------------------------------------
| end of epoch   5 | time: 176.84s | valid loss  5.58 | valid ppl   264.71
-----------------------------------------------------------------------------------------
=========================================================================================
| End of training | test loss  5.52 | test ppl   249.88
=========================================================================================
