Running on host gpu32.bc4.acrc.priv
Slurm job ID is 3592909
This job runs on the following machines:
gpu32
LSTM
-----------------------------------------------------------------------------------------
| end of epoch   1 | time: 31.41s | valid loss  5.43 | valid ppl   228.61
-----------------------------------------------------------------------------------------
-----------------------------------------------------------------------------------------
| end of epoch   2 | time: 31.51s | valid loss  5.21 | valid ppl   182.81
-----------------------------------------------------------------------------------------
-----------------------------------------------------------------------------------------
| end of epoch   3 | time: 31.28s | valid loss  5.07 | valid ppl   159.93
-----------------------------------------------------------------------------------------
-----------------------------------------------------------------------------------------
| end of epoch   4 | time: 31.35s | valid loss  5.00 | valid ppl   148.53
-----------------------------------------------------------------------------------------
-----------------------------------------------------------------------------------------
| end of epoch   5 | time: 31.27s | valid loss  4.94 | valid ppl   139.62
-----------------------------------------------------------------------------------------
=========================================================================================
| End of training | test loss  4.88 | test ppl   131.99
=========================================================================================
subLSTMCuda
-----------------------------------------------------------------------------------------
| end of epoch   1 | time: 57.59s | valid loss  5.70 | valid ppl   298.14
-----------------------------------------------------------------------------------------
-----------------------------------------------------------------------------------------
| end of epoch   2 | time: 57.49s | valid loss  5.57 | valid ppl   262.75
-----------------------------------------------------------------------------------------
-----------------------------------------------------------------------------------------
| end of epoch   3 | time: 57.51s | valid loss  5.50 | valid ppl   245.79
-----------------------------------------------------------------------------------------
-----------------------------------------------------------------------------------------
| end of epoch   4 | time: 57.49s | valid loss  5.45 | valid ppl   233.41
-----------------------------------------------------------------------------------------
-----------------------------------------------------------------------------------------
| end of epoch   5 | time: 57.49s | valid loss  5.40 | valid ppl   222.46
-----------------------------------------------------------------------------------------
=========================================================================================
| End of training | test loss  5.36 | test ppl   211.78
=========================================================================================
