Running on host gpu19.bc4.acrc.priv
Slurm job ID is 3587245
This job runs on the following machines:
gpu19
LSTM
| epoch   1 |   200/ 1327 batches | lr 0.001000 | ms/batch 24.72 | loss  6.57 | ppl   709.90
| epoch   1 |   400/ 1327 batches | lr 0.001000 | ms/batch 24.10 | loss  6.07 | ppl   431.31
| epoch   1 |   600/ 1327 batches | lr 0.001000 | ms/batch 23.47 | loss  5.92 | ppl   372.09
| epoch   1 |   800/ 1327 batches | lr 0.001000 | ms/batch 24.07 | loss  5.75 | ppl   314.95
| epoch   1 |  1000/ 1327 batches | lr 0.001000 | ms/batch 23.91 | loss  5.69 | ppl   295.10
| epoch   1 |  1200/ 1327 batches | lr 0.001000 | ms/batch 23.91 | loss  5.59 | ppl   268.36
-----------------------------------------------------------------------------------------
| end of epoch   1 | time: 32.66s | valid loss  5.43 | valid ppl   227.89
-----------------------------------------------------------------------------------------
=========================================================================================
| End of training | test loss  5.39 | test ppl   218.26
=========================================================================================
subLSTM
| epoch   1 |   200/ 1327 batches | lr 0.001000 | ms/batch 69.12 | loss  6.70 | ppl   813.90
| epoch   1 |   400/ 1327 batches | lr 0.001000 | ms/batch 65.74 | loss  6.22 | ppl   504.52
| epoch   1 |   600/ 1327 batches | lr 0.001000 | ms/batch 66.19 | loss  6.14 | ppl   463.77
| epoch   1 |   800/ 1327 batches | lr 0.001000 | ms/batch 64.82 | loss  6.01 | ppl   409.09
| epoch   1 |  1000/ 1327 batches | lr 0.001000 | ms/batch 65.44 | loss  5.98 | ppl   395.55
| epoch   1 |  1200/ 1327 batches | lr 0.001000 | ms/batch 62.91 | loss  5.92 | ppl   372.86
-----------------------------------------------------------------------------------------
| end of epoch   1 | time: 90.57s | valid loss  5.70 | valid ppl   299.17
-----------------------------------------------------------------------------------------
=========================================================================================
| End of training | test loss  5.66 | test ppl   287.68
=========================================================================================
subLSTMCuda
| epoch   1 |   200/ 1327 batches | lr 0.001000 | ms/batch 48.41 | loss  6.70 | ppl   812.58
| epoch   1 |   400/ 1327 batches | lr 0.001000 | ms/batch 46.68 | loss  6.23 | ppl   505.40
| epoch   1 |   600/ 1327 batches | lr 0.001000 | ms/batch 45.69 | loss  6.14 | ppl   463.81
| epoch   1 |   800/ 1327 batches | lr 0.001000 | ms/batch 48.14 | loss  6.01 | ppl   408.80
| epoch   1 |  1000/ 1327 batches | lr 0.001000 | ms/batch 45.92 | loss  5.98 | ppl   395.94
| epoch   1 |  1200/ 1327 batches | lr 0.001000 | ms/batch 46.58 | loss  5.92 | ppl   373.42
-----------------------------------------------------------------------------------------
| end of epoch   1 | time: 65.92s | valid loss  5.70 | valid ppl   299.79
-----------------------------------------------------------------------------------------
=========================================================================================
| End of training | test loss  5.66 | test ppl   287.85
=========================================================================================
