Running on host gpu13.bc4.acrc.priv
Slurm job ID is 3584222
This job runs on the following machines:
gpu13
subLSTM
forward time:  33.41772389411926  backward time:  42.93065357208252
-----------------------------------------------------------------------------------------
| end of epoch   1 | time: 91.80s | valid loss  5.70 | valid ppl   299.17
-----------------------------------------------------------------------------------------
=========================================================================================
| End of training | test loss  5.66 | test ppl   287.68
=========================================================================================
subLSTMCuda
forward time:  30.510744094848633  backward time:  358.0726857185364
-----------------------------------------------------------------------------------------
| end of epoch   1 | time: 565.08s | valid loss  5.70 | valid ppl   299.79
-----------------------------------------------------------------------------------------
=========================================================================================
| End of training | test loss  5.66 | test ppl   287.85
=========================================================================================
