Running on host gpu10.bc4.acrc.priv
Slurm job ID is 3575835
This job runs on the following machines:
gpu10
output shape torch.Size([35, 20, 650])
output shape torch.Size([35, 20, 650])
output shape torch.Size([35, 20, 650])
output shape torch.Size([35, 20, 650])
output shape torch.Size([35, 20, 650])
output shape torch.Size([35, 20, 650])
output shape torch.Size([35, 20, 650])
output shape torch.Size([35, 20, 650])
output shape torch.Size([35, 20, 650])
output shape torch.Size([35, 20, 650])
output shape torch.Size([35, 20, 650])
output shape torch.Size([35, 20, 650])
output shape torch.Size([35, 20, 650])
output shape torch.Size([35, 20, 650])
output shape torch.Size([35, 20, 650])
output shape torch.Size([35, 20, 650])
output shape torch.Size([35, 20, 650])
output shape torch.Size([35, 20, 650])
output shape torch.Size([35, 20, 650])
output shape torch.Size([35, 20, 650])
output shape torch.Size([35, 20, 650])
output shape torch.Size([35, 20, 650])
output shape torch.Size([35, 20, 650])
output shape torch.Size([35, 20, 650])
output shape torch.Size([35, 20, 650])
output shape torch.Size([35, 20, 650])
output shape torch.Size([35, 20, 650])
output shape torch.Size([35, 20, 650])
output shape torch.Size([35, 20, 650])
output shape torch.Size([35, 20, 650])
output shape torch.Size([35, 20, 650])
output shape torch.Size([35, 20, 650])
output shape torch.Size([35, 20, 650])
output shape torch.Size([35, 20, 650])
output shape torch.Size([35, 20, 650])
output shape torch.Size([35, 20, 650])
output shape torch.Size([35, 20, 650])
output shape torch.Size([35, 20, 650])
output shape torch.Size([35, 20, 650])
output shape torch.Size([35, 20, 650])
output shape torch.Size([35, 20, 650])
output shape torch.Size([35, 20, 650])
output shape torch.Size([35, 20, 650])
output shape torch.Size([35, 20, 650])
output shape torch.Size([35, 20, 650])
output shape torch.Size([35, 20, 650])
output shape torch.Size([35, 20, 650])
output shape torch.Size([35, 20, 650])
output shape torch.Size([35, 20, 650])
output shape torch.Size([35, 20, 650])
output shape torch.Size([35, 20, 650])
output shape torch.Size([35, 20, 650])
output shape torch.Size([35, 20, 650])
output shape torch.Size([35, 20, 650])
output shape torch.Size([35, 20, 650])
output shape torch.Size([35, 20, 650])
output shape torch.Size([35, 20, 650])
output shape torch.Size([35, 20, 650])
output shape torch.Size([35, 20, 650])
output shape torch.Size([35, 20, 650])
output shape torch.Size([35, 20, 650])
output shape torch.Size([35, 20, 650])
output shape torch.Size([35, 20, 650])
output shape torch.Size([35, 20, 650])
output shape torch.Size([35, 20, 650])
output shape torch.Size([35, 20, 650])
output shape torch.Size([35, 20, 650])
output shape torch.Size([35, 20, 650])
output shape torch.Size([35, 20, 650])
output shape torch.Size([35, 20, 650])
output shape torch.Size([35, 20, 650])
output shape torch.Size([35, 20, 650])
output shape torch.Size([35, 20, 650])
output shape torch.Size([35, 20, 650])
output shape torch.Size([35, 20, 650])
output shape torch.Size([35, 20, 650])
output shape torch.Size([35, 20, 650])
output shape torch.Size([35, 20, 650])
output shape torch.Size([35, 20, 650])
output shape torch.Size([35, 20, 650])
output shape torch.Size([35, 20, 650])
output shape torch.Size([35, 20, 650])
output shape torch.Size([35, 20, 650])
output shape torch.Size([35, 20, 650])
output shape torch.Size([35, 20, 650])
output shape torch.Size([35, 20, 650])
output shape torch.Size([35, 20, 650])
output shape torch.Size([35, 20, 650])
output shape torch.Size([35, 20, 650])
output shape torch.Size([35, 20, 650])
output shape torch.Size([35, 20, 650])
output shape torch.Size([35, 20, 650])
output shape torch.Size([35, 20, 650])
output shape torch.Size([35, 20, 650])
output shape torch.Size([35, 20, 650])
output shape torch.Size([35, 20, 650])
output shape torch.Size([35, 20, 650])
output shape torch.Size([35, 20, 650])
output shape torch.Size([35, 20, 650])
output shape torch.Size([35, 20, 650])
output shape torch.Size([35, 20, 650])
output shape torch.Size([35, 20, 650])
output shape torch.Size([35, 20, 650])
output shape torch.Size([35, 20, 650])
output shape torch.Size([35, 20, 650])
output shape torch.Size([35, 20, 650])
output shape torch.Size([35, 20, 650])
output shape torch.Size([35, 20, 650])
output shape torch.Size([35, 20, 650])
output shape torch.Size([35, 20, 650])
output shape torch.Size([35, 20, 650])
output shape torch.Size([35, 20, 650])
output shape torch.Size([35, 20, 650])
output shape torch.Size([35, 20, 650])
output shape torch.Size([35, 20, 650])
output shape torch.Size([35, 20, 650])
output shape torch.Size([35, 20, 650])
output shape torch.Size([35, 20, 650])
output shape torch.Size([35, 20, 650])
output shape torch.Size([35, 20, 650])
output shape torch.Size([35, 20, 650])
output shape torch.Size([35, 20, 650])
output shape torch.Size([35, 20, 650])
output shape torch.Size([35, 20, 650])
output shape torch.Size([35, 20, 650])
output shape torch.Size([35, 20, 650])
output shape torch.Size([35, 20, 650])
output shape torch.Size([35, 20, 650])
output shape torch.Size([35, 20, 650])
output shape torch.Size([35, 20, 650])
output shape torch.Size([35, 20, 650])
output shape torch.Size([35, 20, 650])
output shape torch.Size([35, 20, 650])
output shape torch.Size([35, 20, 650])
output shape torch.Size([35, 20, 650])
output shape torch.Size([35, 20, 650])
output shape torch.Size([35, 20, 650])
output shape torch.Size([35, 20, 650])
output shape torch.Size([35, 20, 650])
output shape torch.Size([35, 20, 650])
output shape torch.Size([35, 20, 650])
output shape torch.Size([35, 20, 650])
output shape torch.Size([35, 20, 650])
output shape torch.Size([35, 20, 650])
output shape torch.Size([35, 20, 650])
output shape torch.Size([35, 20, 650])
output shape torch.Size([35, 20, 650])
output shape torch.Size([35, 20, 650])
output shape torch.Size([35, 20, 650])
output shape torch.Size([35, 20, 650])
output shape torch.Size([35, 20, 650])
output shape torch.Size([35, 20, 650])
output shape torch.Size([35, 20, 650])
output shape torch.Size([35, 20, 650])
output shape torch.Size([35, 20, 650])
output shape torch.Size([35, 20, 650])
output shape torch.Size([35, 20, 650])
output shape torch.Size([35, 20, 650])
output shape torch.Size([35, 20, 650])
output shape torch.Size([35, 20, 650])
output shape torch.Size([35, 20, 650])
output shape torch.Size([35, 20, 650])
output shape torch.Size([35, 20, 650])
output shape torch.Size([35, 20, 650])
output shape torch.Size([35, 20, 650])
output shape torch.Size([35, 20, 650])
output shape torch.Size([35, 20, 650])
output shape torch.Size([35, 20, 650])
output shape torch.Size([35, 20, 650])
output shape torch.Size([35, 20, 650])
output shape torch.Size([35, 20, 650])
output shape torch.Size([35, 20, 650])
output shape torch.Size([35, 20, 650])
output shape torch.Size([35, 20, 650])
output shape torch.Size([35, 20, 650])
output shape torch.Size([35, 20, 650])
output shape torch.Size([35, 20, 650])
output shape torch.Size([35, 20, 650])
output shape torch.Size([35, 20, 650])
output shape torch.Size([35, 20, 650])
output shape torch.Size([35, 20, 650])
output shape torch.Size([35, 20, 650])
output shape torch.Size([35, 20, 650])
output shape torch.Size([35, 20, 650])
output shape torch.Size([35, 20, 650])
output shape torch.Size([35, 20, 650])
output shape torch.Size([35, 20, 650])
output shape torch.Size([35, 20, 650])
output shape torch.Size([35, 20, 650])
output shape torch.Size([35, 20, 650])
output shape torch.Size([35, 20, 650])
output shape torch.Size([35, 20, 650])
output shape torch.Size([35, 20, 650])
output shape torch.Size([35, 20, 650])
output shape torch.Size([35, 20, 650])
output shape torch.Size([35, 20, 650])
output shape torch.Size([35, 20, 650])
output shape torch.Size([35, 20, 650])
output shape torch.Size([35, 20, 650])
output shape torch.Size([35, 20, 650])
output shape torch.Size([35, 20, 650])
| epoch   1 |   200/ 1327 batches | lr 0.001000 | ms/batch 22.34 | loss  6.68 | ppl   793.91
output shape torch.Size([35, 20, 650])
output shape torch.Size([35, 20, 650])
output shape torch.Size([35, 20, 650])
output shape torch.Size([35, 20, 650])
output shape torch.Size([35, 20, 650])
output shape torch.Size([35, 20, 650])
output shape torch.Size([35, 20, 650])
output shape torch.Size([35, 20, 650])
output shape torch.Size([35, 20, 650])
output shape torch.Size([35, 20, 650])
output shape torch.Size([35, 20, 650])
output shape torch.Size([35, 20, 650])
output shape torch.Size([35, 20, 650])
output shape torch.Size([35, 20, 650])
output shape torch.Size([35, 20, 650])
output shape torch.Size([35, 20, 650])
output shape torch.Size([35, 20, 650])
output shape torch.Size([35, 20, 650])
output shape torch.Size([35, 20, 650])
output shape torch.Size([35, 20, 650])
output shape torch.Size([35, 20, 650])
output shape torch.Size([35, 20, 650])
output shape torch.Size([35, 20, 650])
output shape torch.Size([35, 20, 650])
output shape torch.Size([35, 20, 650])
output shape torch.Size([35, 20, 650])
output shape torch.Size([35, 20, 650])
output shape torch.Size([35, 20, 650])
output shape torch.Size([35, 20, 650])
output shape torch.Size([35, 20, 650])
output shape torch.Size([35, 20, 650])
output shape torch.Size([35, 20, 650])
output shape torch.Size([35, 20, 650])
output shape torch.Size([35, 20, 650])
output shape torch.Size([35, 20, 650])
output shape torch.Size([35, 20, 650])
output shape torch.Size([35, 20, 650])
output shape torch.Size([35, 20, 650])
output shape torch.Size([35, 20, 650])
output shape torch.Size([35, 20, 650])
output shape torch.Size([35, 20, 650])
output shape torch.Size([35, 20, 650])
output shape torch.Size([35, 20, 650])
output shape torch.Size([35, 20, 650])
output shape torch.Size([35, 20, 650])
output shape torch.Size([35, 20, 650])
output shape torch.Size([35, 20, 650])
output shape torch.Size([35, 20, 650])
output shape torch.Size([35, 20, 650])
output shape torch.Size([35, 20, 650])
output shape torch.Size([35, 20, 650])
output shape torch.Size([35, 20, 650])
output shape torch.Size([35, 20, 650])
output shape torch.Size([35, 20, 650])
output shape torch.Size([35, 20, 650])
output shape torch.Size([35, 20, 650])
output shape torch.Size([35, 20, 650])
output shape torch.Size([35, 20, 650])
output shape torch.Size([35, 20, 650])
output shape torch.Size([35, 20, 650])
output shape torch.Size([35, 20, 650])
output shape torch.Size([35, 20, 650])
output shape torch.Size([35, 20, 650])
output shape torch.Size([35, 20, 650])
output shape torch.Size([35, 20, 650])
output shape torch.Size([35, 20, 650])
output shape torch.Size([35, 20, 650])
output shape torch.Size([35, 20, 650])
output shape torch.Size([35, 20, 650])
output shape torch.Size([35, 20, 650])
output shape torch.Size([35, 20, 650])
output shape torch.Size([35, 20, 650])
output shape torch.Size([35, 20, 650])
output shape torch.Size([35, 20, 650])
output shape torch.Size([35, 20, 650])
output shape torch.Size([35, 20, 650])
output shape torch.Size([35, 20, 650])
output shape torch.Size([35, 20, 650])
output shape torch.Size([35, 20, 650])
output shape torch.Size([35, 20, 650])
output shape torch.Size([35, 20, 650])
output shape torch.Size([35, 20, 650])
output shape torch.Size([35, 20, 650])
output shape torch.Size([35, 20, 650])
output shape torch.Size([35, 20, 650])
output shape torch.Size([35, 20, 650])
output shape torch.Size([35, 20, 650])
output shape torch.Size([35, 20, 650])
output shape torch.Size([35, 20, 650])
output shape torch.Size([35, 20, 650])
output shape torch.Size([35, 20, 650])
output shape torch.Size([35, 20, 650])
output shape torch.Size([35, 20, 650])
output shape torch.Size([35, 20, 650])
output shape torch.Size([35, 20, 650])
output shape torch.Size([35, 20, 650])
output shape torch.Size([35, 20, 650])
output shape torch.Size([35, 20, 650])
output shape torch.Size([35, 20, 650])
output shape torch.Size([35, 20, 650])
output shape torch.Size([35, 20, 650])
output shape torch.Size([35, 20, 650])
output shape torch.Size([35, 20, 650])
output shape torch.Size([35, 20, 650])
output shape torch.Size([35, 20, 650])
output shape torch.Size([35, 20, 650])
output shape torch.Size([35, 20, 650])
output shape torch.Size([35, 20, 650])
output shape torch.Size([35, 20, 650])
output shape torch.Size([35, 20, 650])
output shape torch.Size([35, 20, 650])
output shape torch.Size([35, 20, 650])
output shape torch.Size([35, 20, 650])
output shape torch.Size([35, 20, 650])
output shape torch.Size([35, 20, 650])
output shape torch.Size([35, 20, 650])
output shape torch.Size([35, 20, 650])
output shape torch.Size([35, 20, 650])
output shape torch.Size([35, 20, 650])
output shape torch.Size([35, 20, 650])
output shape torch.Size([35, 20, 650])
output shape torch.Size([35, 20, 650])
output shape torch.Size([35, 20, 650])
output shape torch.Size([35, 20, 650])
output shape torch.Size([35, 20, 650])
output shape torch.Size([35, 20, 650])
output shape torch.Size([35, 20, 650])
output shape torch.Size([35, 20, 650])
output shape torch.Size([35, 20, 650])
output shape torch.Size([35, 20, 650])
output shape torch.Size([35, 20, 650])
output shape torch.Size([35, 20, 650])
output shape torch.Size([35, 20, 650])
output shape torch.Size([35, 20, 650])
output shape torch.Size([35, 20, 650])
output shape torch.Size([35, 20, 650])
output shape torch.Size([35, 20, 650])
output shape torch.Size([35, 20, 650])
output shape torch.Size([35, 20, 650])
output shape torch.Size([35, 20, 650])
output shape torch.Size([35, 20, 650])
output shape torch.Size([35, 20, 650])
output shape torch.Size([35, 20, 650])
output shape torch.Size([35, 20, 650])
output shape torch.Size([35, 20, 650])
output shape torch.Size([35, 20, 650])
output shape torch.Size([35, 20, 650])
output shape torch.Size([35, 20, 650])
output shape torch.Size([35, 20, 650])
output shape torch.Size([35, 20, 650])
output shape torch.Size([35, 20, 650])
output shape torch.Size([35, 20, 650])
output shape torch.Size([35, 20, 650])
output shape torch.Size([35, 20, 650])
output shape torch.Size([35, 20, 650])
output shape torch.Size([35, 20, 650])
output shape torch.Size([35, 20, 650])
output shape torch.Size([35, 20, 650])
output shape torch.Size([35, 20, 650])
output shape torch.Size([35, 20, 650])
output shape torch.Size([35, 20, 650])
output shape torch.Size([35, 20, 650])
output shape torch.Size([35, 20, 650])
output shape torch.Size([35, 20, 650])
output shape torch.Size([35, 20, 650])
output shape torch.Size([35, 20, 650])
output shape torch.Size([35, 20, 650])
output shape torch.Size([35, 20, 650])
output shape torch.Size([35, 20, 650])
output shape torch.Size([35, 20, 650])
output shape torch.Size([35, 20, 650])
output shape torch.Size([35, 20, 650])
output shape torch.Size([35, 20, 650])
output shape torch.Size([35, 20, 650])
output shape torch.Size([35, 20, 650])
output shape torch.Size([35, 20, 650])
output shape torch.Size([35, 20, 650])
output shape torch.Size([35, 20, 650])
output shape torch.Size([35, 20, 650])
output shape torch.Size([35, 20, 650])
output shape torch.Size([35, 20, 650])
output shape torch.Size([35, 20, 650])
output shape torch.Size([35, 20, 650])
output shape torch.Size([35, 20, 650])
output shape torch.Size([35, 20, 650])
output shape torch.Size([35, 20, 650])
output shape torch.Size([35, 20, 650])
output shape torch.Size([35, 20, 650])
output shape torch.Size([35, 20, 650])
output shape torch.Size([35, 20, 650])
output shape torch.Size([35, 20, 650])
output shape torch.Size([35, 20, 650])
output shape torch.Size([35, 20, 650])
output shape torch.Size([35, 20, 650])
output shape torch.Size([35, 20, 650])
output shape torch.Size([35, 20, 650])
output shape torch.Size([35, 20, 650])
output shape torch.Size([35, 20, 650])
output shape torch.Size([35, 20, 650])
output shape torch.Size([35, 20, 650])
| epoch   1 |   400/ 1327 batches | lr 0.001000 | ms/batch 22.11 | loss  6.27 | ppl   530.91
output shape torch.Size([35, 20, 650])
output shape torch.Size([35, 20, 650])
output shape torch.Size([35, 20, 650])
output shape torch.Size([35, 20, 650])
output shape torch.Size([35, 20, 650])
output shape torch.Size([35, 20, 650])
output shape torch.Size([35, 20, 650])
output shape torch.Size([35, 20, 650])
output shape torch.Size([35, 20, 650])
output shape torch.Size([35, 20, 650])
output shape torch.Size([35, 20, 650])
output shape torch.Size([35, 20, 650])
output shape torch.Size([35, 20, 650])
output shape torch.Size([35, 20, 650])
output shape torch.Size([35, 20, 650])
output shape torch.Size([35, 20, 650])
output shape torch.Size([35, 20, 650])
output shape torch.Size([35, 20, 650])
output shape torch.Size([35, 20, 650])
output shape torch.Size([35, 20, 650])
output shape torch.Size([35, 20, 650])
output shape torch.Size([35, 20, 650])
output shape torch.Size([35, 20, 650])
output shape torch.Size([35, 20, 650])
output shape torch.Size([35, 20, 650])
output shape torch.Size([35, 20, 650])
output shape torch.Size([35, 20, 650])
output shape torch.Size([35, 20, 650])
output shape torch.Size([35, 20, 650])
output shape torch.Size([35, 20, 650])
output shape torch.Size([35, 20, 650])
output shape torch.Size([35, 20, 650])
output shape torch.Size([35, 20, 650])
output shape torch.Size([35, 20, 650])
output shape torch.Size([35, 20, 650])
output shape torch.Size([35, 20, 650])
output shape torch.Size([35, 20, 650])
output shape torch.Size([35, 20, 650])
output shape torch.Size([35, 20, 650])
output shape torch.Size([35, 20, 650])
output shape torch.Size([35, 20, 650])
output shape torch.Size([35, 20, 650])
output shape torch.Size([35, 20, 650])
output shape torch.Size([35, 20, 650])
output shape torch.Size([35, 20, 650])
output shape torch.Size([35, 20, 650])
output shape torch.Size([35, 20, 650])
output shape torch.Size([35, 20, 650])
output shape torch.Size([35, 20, 650])
output shape torch.Size([35, 20, 650])
output shape torch.Size([35, 20, 650])
output shape torch.Size([35, 20, 650])
output shape torch.Size([35, 20, 650])
output shape torch.Size([35, 20, 650])
output shape torch.Size([35, 20, 650])
output shape torch.Size([35, 20, 650])
output shape torch.Size([35, 20, 650])
output shape torch.Size([35, 20, 650])
output shape torch.Size([35, 20, 650])
output shape torch.Size([35, 20, 650])
output shape torch.Size([35, 20, 650])
output shape torch.Size([35, 20, 650])
output shape torch.Size([35, 20, 650])
output shape torch.Size([35, 20, 650])
output shape torch.Size([35, 20, 650])
output shape torch.Size([35, 20, 650])
output shape torch.Size([35, 20, 650])
output shape torch.Size([35, 20, 650])
output shape torch.Size([35, 20, 650])
output shape torch.Size([35, 20, 650])
output shape torch.Size([35, 20, 650])
output shape torch.Size([35, 20, 650])
output shape torch.Size([35, 20, 650])
output shape torch.Size([35, 20, 650])
output shape torch.Size([35, 20, 650])
output shape torch.Size([35, 20, 650])
output shape torch.Size([35, 20, 650])
output shape torch.Size([35, 20, 650])
output shape torch.Size([35, 20, 650])
output shape torch.Size([35, 20, 650])
output shape torch.Size([35, 20, 650])
output shape torch.Size([35, 20, 650])
output shape torch.Size([35, 20, 650])
output shape torch.Size([35, 20, 650])
output shape torch.Size([35, 20, 650])
output shape torch.Size([35, 20, 650])
output shape torch.Size([35, 20, 650])
output shape torch.Size([35, 20, 650])
output shape torch.Size([35, 20, 650])
output shape torch.Size([35, 20, 650])
output shape torch.Size([35, 20, 650])
output shape torch.Size([35, 20, 650])
output shape torch.Size([35, 20, 650])
output shape torch.Size([35, 20, 650])
output shape torch.Size([35, 20, 650])
output shape torch.Size([35, 20, 650])
output shape torch.Size([35, 20, 650])
output shape torch.Size([35, 20, 650])
output shape torch.Size([35, 20, 650])
output shape torch.Size([35, 20, 650])
output shape torch.Size([35, 20, 650])
output shape torch.Size([35, 20, 650])
output shape torch.Size([35, 20, 650])
output shape torch.Size([35, 20, 650])
output shape torch.Size([35, 20, 650])
output shape torch.Size([35, 20, 650])
output shape torch.Size([35, 20, 650])
output shape torch.Size([35, 20, 650])
output shape torch.Size([35, 20, 650])
output shape torch.Size([35, 20, 650])
output shape torch.Size([35, 20, 650])
output shape torch.Size([35, 20, 650])
output shape torch.Size([35, 20, 650])
output shape torch.Size([35, 20, 650])
output shape torch.Size([35, 20, 650])
output shape torch.Size([35, 20, 650])
output shape torch.Size([35, 20, 650])
output shape torch.Size([35, 20, 650])
output shape torch.Size([35, 20, 650])
output shape torch.Size([35, 20, 650])
output shape torch.Size([35, 20, 650])
output shape torch.Size([35, 20, 650])
output shape torch.Size([35, 20, 650])
output shape torch.Size([35, 20, 650])
output shape torch.Size([35, 20, 650])
output shape torch.Size([35, 20, 650])
output shape torch.Size([35, 20, 650])
output shape torch.Size([35, 20, 650])
output shape torch.Size([35, 20, 650])
output shape torch.Size([35, 20, 650])
output shape torch.Size([35, 20, 650])
output shape torch.Size([35, 20, 650])
output shape torch.Size([35, 20, 650])
output shape torch.Size([35, 20, 650])
output shape torch.Size([35, 20, 650])
output shape torch.Size([35, 20, 650])
output shape torch.Size([35, 20, 650])
output shape torch.Size([35, 20, 650])
output shape torch.Size([35, 20, 650])
output shape torch.Size([35, 20, 650])
output shape torch.Size([35, 20, 650])
output shape torch.Size([35, 20, 650])
output shape torch.Size([35, 20, 650])
output shape torch.Size([35, 20, 650])
output shape torch.Size([35, 20, 650])
output shape torch.Size([35, 20, 650])
output shape torch.Size([35, 20, 650])
output shape torch.Size([35, 20, 650])
output shape torch.Size([35, 20, 650])
output shape torch.Size([35, 20, 650])
output shape torch.Size([35, 20, 650])
output shape torch.Size([35, 20, 650])
output shape torch.Size([35, 20, 650])
output shape torch.Size([35, 20, 650])
output shape torch.Size([35, 20, 650])
output shape torch.Size([35, 20, 650])
output shape torch.Size([35, 20, 650])
output shape torch.Size([35, 20, 650])
output shape torch.Size([35, 20, 650])
output shape torch.Size([35, 20, 650])
output shape torch.Size([35, 20, 650])
output shape torch.Size([35, 20, 650])
output shape torch.Size([35, 20, 650])
output shape torch.Size([35, 20, 650])
output shape torch.Size([35, 20, 650])
output shape torch.Size([35, 20, 650])
output shape torch.Size([35, 20, 650])
output shape torch.Size([35, 20, 650])
output shape torch.Size([35, 20, 650])
output shape torch.Size([35, 20, 650])
output shape torch.Size([35, 20, 650])
output shape torch.Size([35, 20, 650])
output shape torch.Size([35, 20, 650])
output shape torch.Size([35, 20, 650])
output shape torch.Size([35, 20, 650])
output shape torch.Size([35, 20, 650])
output shape torch.Size([35, 20, 650])
output shape torch.Size([35, 20, 650])
output shape torch.Size([35, 20, 650])
output shape torch.Size([35, 20, 650])
output shape torch.Size([35, 20, 650])
output shape torch.Size([35, 20, 650])
output shape torch.Size([35, 20, 650])
output shape torch.Size([35, 20, 650])
output shape torch.Size([35, 20, 650])
output shape torch.Size([35, 20, 650])
output shape torch.Size([35, 20, 650])
output shape torch.Size([35, 20, 650])
output shape torch.Size([35, 20, 650])
output shape torch.Size([35, 20, 650])
output shape torch.Size([35, 20, 650])
output shape torch.Size([35, 20, 650])
output shape torch.Size([35, 20, 650])
output shape torch.Size([35, 20, 650])
output shape torch.Size([35, 20, 650])
output shape torch.Size([35, 20, 650])
output shape torch.Size([35, 20, 650])
output shape torch.Size([35, 20, 650])
output shape torch.Size([35, 20, 650])
output shape torch.Size([35, 20, 650])
| epoch   1 |   600/ 1327 batches | lr 0.001000 | ms/batch 21.84 | loss  6.18 | ppl   482.20
output shape torch.Size([35, 20, 650])
output shape torch.Size([35, 20, 650])
output shape torch.Size([35, 20, 650])
output shape torch.Size([35, 20, 650])
output shape torch.Size([35, 20, 650])
output shape torch.Size([35, 20, 650])
output shape torch.Size([35, 20, 650])
output shape torch.Size([35, 20, 650])
output shape torch.Size([35, 20, 650])
output shape torch.Size([35, 20, 650])
output shape torch.Size([35, 20, 650])
output shape torch.Size([35, 20, 650])
output shape torch.Size([35, 20, 650])
output shape torch.Size([35, 20, 650])
output shape torch.Size([35, 20, 650])
output shape torch.Size([35, 20, 650])
output shape torch.Size([35, 20, 650])
output shape torch.Size([35, 20, 650])
output shape torch.Size([35, 20, 650])
output shape torch.Size([35, 20, 650])
output shape torch.Size([35, 20, 650])
output shape torch.Size([35, 20, 650])
output shape torch.Size([35, 20, 650])
output shape torch.Size([35, 20, 650])
output shape torch.Size([35, 20, 650])
output shape torch.Size([35, 20, 650])
output shape torch.Size([35, 20, 650])
output shape torch.Size([35, 20, 650])
output shape torch.Size([35, 20, 650])
output shape torch.Size([35, 20, 650])
output shape torch.Size([35, 20, 650])
output shape torch.Size([35, 20, 650])
output shape torch.Size([35, 20, 650])
output shape torch.Size([35, 20, 650])
output shape torch.Size([35, 20, 650])
output shape torch.Size([35, 20, 650])
output shape torch.Size([35, 20, 650])
output shape torch.Size([35, 20, 650])
output shape torch.Size([35, 20, 650])
output shape torch.Size([35, 20, 650])
output shape torch.Size([35, 20, 650])
output shape torch.Size([35, 20, 650])
output shape torch.Size([35, 20, 650])
output shape torch.Size([35, 20, 650])
output shape torch.Size([35, 20, 650])
output shape torch.Size([35, 20, 650])
output shape torch.Size([35, 20, 650])
output shape torch.Size([35, 20, 650])
output shape torch.Size([35, 20, 650])
output shape torch.Size([35, 20, 650])
output shape torch.Size([35, 20, 650])
output shape torch.Size([35, 20, 650])
output shape torch.Size([35, 20, 650])
output shape torch.Size([35, 20, 650])
output shape torch.Size([35, 20, 650])
output shape torch.Size([35, 20, 650])
output shape torch.Size([35, 20, 650])
output shape torch.Size([35, 20, 650])
output shape torch.Size([35, 20, 650])
output shape torch.Size([35, 20, 650])
output shape torch.Size([35, 20, 650])
output shape torch.Size([35, 20, 650])
output shape torch.Size([35, 20, 650])
output shape torch.Size([35, 20, 650])
output shape torch.Size([35, 20, 650])
output shape torch.Size([35, 20, 650])
output shape torch.Size([35, 20, 650])
output shape torch.Size([35, 20, 650])
output shape torch.Size([35, 20, 650])
output shape torch.Size([35, 20, 650])
output shape torch.Size([35, 20, 650])
output shape torch.Size([35, 20, 650])
output shape torch.Size([35, 20, 650])
output shape torch.Size([35, 20, 650])
output shape torch.Size([35, 20, 650])
output shape torch.Size([35, 20, 650])
output shape torch.Size([35, 20, 650])
output shape torch.Size([35, 20, 650])
output shape torch.Size([35, 20, 650])
output shape torch.Size([35, 20, 650])
output shape torch.Size([35, 20, 650])
output shape torch.Size([35, 20, 650])
output shape torch.Size([35, 20, 650])
output shape torch.Size([35, 20, 650])
output shape torch.Size([35, 20, 650])
output shape torch.Size([35, 20, 650])
output shape torch.Size([35, 20, 650])
output shape torch.Size([35, 20, 650])
output shape torch.Size([35, 20, 650])
output shape torch.Size([35, 20, 650])
output shape torch.Size([35, 20, 650])
output shape torch.Size([35, 20, 650])
output shape torch.Size([35, 20, 650])
output shape torch.Size([35, 20, 650])
output shape torch.Size([35, 20, 650])
output shape torch.Size([35, 20, 650])
output shape torch.Size([35, 20, 650])
output shape torch.Size([35, 20, 650])
output shape torch.Size([35, 20, 650])
output shape torch.Size([35, 20, 650])
output shape torch.Size([35, 20, 650])
output shape torch.Size([35, 20, 650])
output shape torch.Size([35, 20, 650])
output shape torch.Size([35, 20, 650])
output shape torch.Size([35, 20, 650])
output shape torch.Size([35, 20, 650])
output shape torch.Size([35, 20, 650])
output shape torch.Size([35, 20, 650])
output shape torch.Size([35, 20, 650])
output shape torch.Size([35, 20, 650])
output shape torch.Size([35, 20, 650])
output shape torch.Size([35, 20, 650])
output shape torch.Size([35, 20, 650])
output shape torch.Size([35, 20, 650])
output shape torch.Size([35, 20, 650])
output shape torch.Size([35, 20, 650])
output shape torch.Size([35, 20, 650])
output shape torch.Size([35, 20, 650])
output shape torch.Size([35, 20, 650])
output shape torch.Size([35, 20, 650])
output shape torch.Size([35, 20, 650])
output shape torch.Size([35, 20, 650])
output shape torch.Size([35, 20, 650])
output shape torch.Size([35, 20, 650])
output shape torch.Size([35, 20, 650])
output shape torch.Size([35, 20, 650])
output shape torch.Size([35, 20, 650])
output shape torch.Size([35, 20, 650])
output shape torch.Size([35, 20, 650])
output shape torch.Size([35, 20, 650])
output shape torch.Size([35, 20, 650])
output shape torch.Size([35, 20, 650])
output shape torch.Size([35, 20, 650])
output shape torch.Size([35, 20, 650])
output shape torch.Size([35, 20, 650])
output shape torch.Size([35, 20, 650])
output shape torch.Size([35, 20, 650])
output shape torch.Size([35, 20, 650])
output shape torch.Size([35, 20, 650])
output shape torch.Size([35, 20, 650])
output shape torch.Size([35, 20, 650])
output shape torch.Size([35, 20, 650])
output shape torch.Size([35, 20, 650])
output shape torch.Size([35, 20, 650])
output shape torch.Size([35, 20, 650])
output shape torch.Size([35, 20, 650])
output shape torch.Size([35, 20, 650])
output shape torch.Size([35, 20, 650])
output shape torch.Size([35, 20, 650])
output shape torch.Size([35, 20, 650])
output shape torch.Size([35, 20, 650])
output shape torch.Size([35, 20, 650])
output shape torch.Size([35, 20, 650])
output shape torch.Size([35, 20, 650])
output shape torch.Size([35, 20, 650])
output shape torch.Size([35, 20, 650])
output shape torch.Size([35, 20, 650])
output shape torch.Size([35, 20, 650])
output shape torch.Size([35, 20, 650])
output shape torch.Size([35, 20, 650])
output shape torch.Size([35, 20, 650])
output shape torch.Size([35, 20, 650])
output shape torch.Size([35, 20, 650])
output shape torch.Size([35, 20, 650])
output shape torch.Size([35, 20, 650])
output shape torch.Size([35, 20, 650])
output shape torch.Size([35, 20, 650])
output shape torch.Size([35, 20, 650])
output shape torch.Size([35, 20, 650])
output shape torch.Size([35, 20, 650])
output shape torch.Size([35, 20, 650])
output shape torch.Size([35, 20, 650])
output shape torch.Size([35, 20, 650])
output shape torch.Size([35, 20, 650])
output shape torch.Size([35, 20, 650])
output shape torch.Size([35, 20, 650])
output shape torch.Size([35, 20, 650])
output shape torch.Size([35, 20, 650])
output shape torch.Size([35, 20, 650])
output shape torch.Size([35, 20, 650])
output shape torch.Size([35, 20, 650])
output shape torch.Size([35, 20, 650])
output shape torch.Size([35, 20, 650])
output shape torch.Size([35, 20, 650])
output shape torch.Size([35, 20, 650])
output shape torch.Size([35, 20, 650])
output shape torch.Size([35, 20, 650])
output shape torch.Size([35, 20, 650])
output shape torch.Size([35, 20, 650])
output shape torch.Size([35, 20, 650])
output shape torch.Size([35, 20, 650])
output shape torch.Size([35, 20, 650])
output shape torch.Size([35, 20, 650])
output shape torch.Size([35, 20, 650])
output shape torch.Size([35, 20, 650])
output shape torch.Size([35, 20, 650])
output shape torch.Size([35, 20, 650])
output shape torch.Size([35, 20, 650])
output shape torch.Size([35, 20, 650])
output shape torch.Size([35, 20, 650])
| epoch   1 |   800/ 1327 batches | lr 0.001000 | ms/batch 21.72 | loss  6.04 | ppl   421.00
output shape torch.Size([35, 20, 650])
output shape torch.Size([35, 20, 650])
output shape torch.Size([35, 20, 650])
output shape torch.Size([35, 20, 650])
output shape torch.Size([35, 20, 650])
output shape torch.Size([35, 20, 650])
output shape torch.Size([35, 20, 650])
output shape torch.Size([35, 20, 650])
output shape torch.Size([35, 20, 650])
output shape torch.Size([35, 20, 650])
output shape torch.Size([35, 20, 650])
output shape torch.Size([35, 20, 650])
output shape torch.Size([35, 20, 650])
output shape torch.Size([35, 20, 650])
output shape torch.Size([35, 20, 650])
output shape torch.Size([35, 20, 650])
output shape torch.Size([35, 20, 650])
output shape torch.Size([35, 20, 650])
output shape torch.Size([35, 20, 650])
output shape torch.Size([35, 20, 650])
output shape torch.Size([35, 20, 650])
output shape torch.Size([35, 20, 650])
output shape torch.Size([35, 20, 650])
output shape torch.Size([35, 20, 650])
output shape torch.Size([35, 20, 650])
output shape torch.Size([35, 20, 650])
output shape torch.Size([35, 20, 650])
output shape torch.Size([35, 20, 650])
output shape torch.Size([35, 20, 650])
output shape torch.Size([35, 20, 650])
output shape torch.Size([35, 20, 650])
output shape torch.Size([35, 20, 650])
output shape torch.Size([35, 20, 650])
output shape torch.Size([35, 20, 650])
output shape torch.Size([35, 20, 650])
output shape torch.Size([35, 20, 650])
output shape torch.Size([35, 20, 650])
output shape torch.Size([35, 20, 650])
output shape torch.Size([35, 20, 650])
output shape torch.Size([35, 20, 650])
output shape torch.Size([35, 20, 650])
output shape torch.Size([35, 20, 650])
output shape torch.Size([35, 20, 650])
output shape torch.Size([35, 20, 650])
output shape torch.Size([35, 20, 650])
output shape torch.Size([35, 20, 650])
output shape torch.Size([35, 20, 650])
output shape torch.Size([35, 20, 650])
output shape torch.Size([35, 20, 650])
output shape torch.Size([35, 20, 650])
output shape torch.Size([35, 20, 650])
output shape torch.Size([35, 20, 650])
output shape torch.Size([35, 20, 650])
output shape torch.Size([35, 20, 650])
output shape torch.Size([35, 20, 650])
output shape torch.Size([35, 20, 650])
output shape torch.Size([35, 20, 650])
output shape torch.Size([35, 20, 650])
output shape torch.Size([35, 20, 650])
output shape torch.Size([35, 20, 650])
output shape torch.Size([35, 20, 650])
output shape torch.Size([35, 20, 650])
output shape torch.Size([35, 20, 650])
output shape torch.Size([35, 20, 650])
output shape torch.Size([35, 20, 650])
output shape torch.Size([35, 20, 650])
output shape torch.Size([35, 20, 650])
output shape torch.Size([35, 20, 650])
output shape torch.Size([35, 20, 650])
output shape torch.Size([35, 20, 650])
output shape torch.Size([35, 20, 650])
output shape torch.Size([35, 20, 650])
output shape torch.Size([35, 20, 650])
output shape torch.Size([35, 20, 650])
output shape torch.Size([35, 20, 650])
output shape torch.Size([35, 20, 650])
output shape torch.Size([35, 20, 650])
output shape torch.Size([35, 20, 650])
output shape torch.Size([35, 20, 650])
output shape torch.Size([35, 20, 650])
output shape torch.Size([35, 20, 650])
output shape torch.Size([35, 20, 650])
output shape torch.Size([35, 20, 650])
output shape torch.Size([35, 20, 650])
output shape torch.Size([35, 20, 650])
output shape torch.Size([35, 20, 650])
output shape torch.Size([35, 20, 650])
output shape torch.Size([35, 20, 650])
output shape torch.Size([35, 20, 650])
output shape torch.Size([35, 20, 650])
output shape torch.Size([35, 20, 650])
output shape torch.Size([35, 20, 650])
output shape torch.Size([35, 20, 650])
output shape torch.Size([35, 20, 650])
output shape torch.Size([35, 20, 650])
output shape torch.Size([35, 20, 650])
output shape torch.Size([35, 20, 650])
output shape torch.Size([35, 20, 650])
output shape torch.Size([35, 20, 650])
output shape torch.Size([35, 20, 650])
output shape torch.Size([35, 20, 650])
output shape torch.Size([35, 20, 650])
output shape torch.Size([35, 20, 650])
output shape torch.Size([35, 20, 650])
output shape torch.Size([35, 20, 650])
output shape torch.Size([35, 20, 650])
output shape torch.Size([35, 20, 650])
output shape torch.Size([35, 20, 650])
output shape torch.Size([35, 20, 650])
output shape torch.Size([35, 20, 650])
output shape torch.Size([35, 20, 650])
output shape torch.Size([35, 20, 650])
output shape torch.Size([35, 20, 650])
output shape torch.Size([35, 20, 650])
output shape torch.Size([35, 20, 650])
output shape torch.Size([35, 20, 650])
output shape torch.Size([35, 20, 650])
output shape torch.Size([35, 20, 650])
output shape torch.Size([35, 20, 650])
output shape torch.Size([35, 20, 650])
output shape torch.Size([35, 20, 650])
output shape torch.Size([35, 20, 650])
output shape torch.Size([35, 20, 650])
output shape torch.Size([35, 20, 650])
output shape torch.Size([35, 20, 650])
output shape torch.Size([35, 20, 650])
output shape torch.Size([35, 20, 650])
output shape torch.Size([35, 20, 650])
output shape torch.Size([35, 20, 650])
output shape torch.Size([35, 20, 650])
output shape torch.Size([35, 20, 650])
output shape torch.Size([35, 20, 650])
output shape torch.Size([35, 20, 650])
output shape torch.Size([35, 20, 650])
output shape torch.Size([35, 20, 650])
output shape torch.Size([35, 20, 650])
output shape torch.Size([35, 20, 650])
output shape torch.Size([35, 20, 650])
output shape torch.Size([35, 20, 650])
output shape torch.Size([35, 20, 650])
output shape torch.Size([35, 20, 650])
output shape torch.Size([35, 20, 650])
output shape torch.Size([35, 20, 650])
output shape torch.Size([35, 20, 650])
output shape torch.Size([35, 20, 650])
output shape torch.Size([35, 20, 650])
output shape torch.Size([35, 20, 650])
output shape torch.Size([35, 20, 650])
output shape torch.Size([35, 20, 650])
output shape torch.Size([35, 20, 650])
output shape torch.Size([35, 20, 650])
output shape torch.Size([35, 20, 650])
output shape torch.Size([35, 20, 650])
output shape torch.Size([35, 20, 650])
output shape torch.Size([35, 20, 650])
output shape torch.Size([35, 20, 650])
output shape torch.Size([35, 20, 650])
output shape torch.Size([35, 20, 650])
output shape torch.Size([35, 20, 650])
output shape torch.Size([35, 20, 650])
output shape torch.Size([35, 20, 650])
output shape torch.Size([35, 20, 650])
output shape torch.Size([35, 20, 650])
output shape torch.Size([35, 20, 650])
output shape torch.Size([35, 20, 650])
output shape torch.Size([35, 20, 650])
output shape torch.Size([35, 20, 650])
output shape torch.Size([35, 20, 650])
output shape torch.Size([35, 20, 650])
output shape torch.Size([35, 20, 650])
output shape torch.Size([35, 20, 650])
output shape torch.Size([35, 20, 650])
output shape torch.Size([35, 20, 650])
output shape torch.Size([35, 20, 650])
output shape torch.Size([35, 20, 650])
output shape torch.Size([35, 20, 650])
output shape torch.Size([35, 20, 650])
output shape torch.Size([35, 20, 650])
output shape torch.Size([35, 20, 650])
output shape torch.Size([35, 20, 650])
output shape torch.Size([35, 20, 650])
output shape torch.Size([35, 20, 650])
output shape torch.Size([35, 20, 650])
output shape torch.Size([35, 20, 650])
output shape torch.Size([35, 20, 650])
output shape torch.Size([35, 20, 650])
output shape torch.Size([35, 20, 650])
output shape torch.Size([35, 20, 650])
output shape torch.Size([35, 20, 650])
output shape torch.Size([35, 20, 650])
output shape torch.Size([35, 20, 650])
output shape torch.Size([35, 20, 650])
output shape torch.Size([35, 20, 650])
output shape torch.Size([35, 20, 650])
output shape torch.Size([35, 20, 650])
output shape torch.Size([35, 20, 650])
output shape torch.Size([35, 20, 650])
output shape torch.Size([35, 20, 650])
output shape torch.Size([35, 20, 650])
output shape torch.Size([35, 20, 650])
| epoch   1 |  1000/ 1327 batches | lr 0.001000 | ms/batch 21.96 | loss  6.00 | ppl   402.78
output shape torch.Size([35, 20, 650])
output shape torch.Size([35, 20, 650])
output shape torch.Size([35, 20, 650])
output shape torch.Size([35, 20, 650])
output shape torch.Size([35, 20, 650])
output shape torch.Size([35, 20, 650])
output shape torch.Size([35, 20, 650])
output shape torch.Size([35, 20, 650])
output shape torch.Size([35, 20, 650])
output shape torch.Size([35, 20, 650])
output shape torch.Size([35, 20, 650])
output shape torch.Size([35, 20, 650])
output shape torch.Size([35, 20, 650])
output shape torch.Size([35, 20, 650])
output shape torch.Size([35, 20, 650])
output shape torch.Size([35, 20, 650])
output shape torch.Size([35, 20, 650])
output shape torch.Size([35, 20, 650])
output shape torch.Size([35, 20, 650])
output shape torch.Size([35, 20, 650])
output shape torch.Size([35, 20, 650])
output shape torch.Size([35, 20, 650])
output shape torch.Size([35, 20, 650])
output shape torch.Size([35, 20, 650])
output shape torch.Size([35, 20, 650])
output shape torch.Size([35, 20, 650])
output shape torch.Size([35, 20, 650])
output shape torch.Size([35, 20, 650])
output shape torch.Size([35, 20, 650])
output shape torch.Size([35, 20, 650])
output shape torch.Size([35, 20, 650])
output shape torch.Size([35, 20, 650])
output shape torch.Size([35, 20, 650])
output shape torch.Size([35, 20, 650])
output shape torch.Size([35, 20, 650])
output shape torch.Size([35, 20, 650])
output shape torch.Size([35, 20, 650])
output shape torch.Size([35, 20, 650])
output shape torch.Size([35, 20, 650])
output shape torch.Size([35, 20, 650])
output shape torch.Size([35, 20, 650])
output shape torch.Size([35, 20, 650])
output shape torch.Size([35, 20, 650])
output shape torch.Size([35, 20, 650])
output shape torch.Size([35, 20, 650])
output shape torch.Size([35, 20, 650])
output shape torch.Size([35, 20, 650])
output shape torch.Size([35, 20, 650])
output shape torch.Size([35, 20, 650])
output shape torch.Size([35, 20, 650])
output shape torch.Size([35, 20, 650])
output shape torch.Size([35, 20, 650])
output shape torch.Size([35, 20, 650])
output shape torch.Size([35, 20, 650])
output shape torch.Size([35, 20, 650])
output shape torch.Size([35, 20, 650])
output shape torch.Size([35, 20, 650])
output shape torch.Size([35, 20, 650])
output shape torch.Size([35, 20, 650])
output shape torch.Size([35, 20, 650])
output shape torch.Size([35, 20, 650])
output shape torch.Size([35, 20, 650])
output shape torch.Size([35, 20, 650])
output shape torch.Size([35, 20, 650])
output shape torch.Size([35, 20, 650])
output shape torch.Size([35, 20, 650])
output shape torch.Size([35, 20, 650])
output shape torch.Size([35, 20, 650])
output shape torch.Size([35, 20, 650])
output shape torch.Size([35, 20, 650])
output shape torch.Size([35, 20, 650])
output shape torch.Size([35, 20, 650])
output shape torch.Size([35, 20, 650])
output shape torch.Size([35, 20, 650])
output shape torch.Size([35, 20, 650])
output shape torch.Size([35, 20, 650])
output shape torch.Size([35, 20, 650])
output shape torch.Size([35, 20, 650])
output shape torch.Size([35, 20, 650])
output shape torch.Size([35, 20, 650])
output shape torch.Size([35, 20, 650])
output shape torch.Size([35, 20, 650])
output shape torch.Size([35, 20, 650])
output shape torch.Size([35, 20, 650])
output shape torch.Size([35, 20, 650])
output shape torch.Size([35, 20, 650])
output shape torch.Size([35, 20, 650])
output shape torch.Size([35, 20, 650])
output shape torch.Size([35, 20, 650])
output shape torch.Size([35, 20, 650])
output shape torch.Size([35, 20, 650])
output shape torch.Size([35, 20, 650])
output shape torch.Size([35, 20, 650])
output shape torch.Size([35, 20, 650])
output shape torch.Size([35, 20, 650])
output shape torch.Size([35, 20, 650])
output shape torch.Size([35, 20, 650])
output shape torch.Size([35, 20, 650])
output shape torch.Size([35, 20, 650])
output shape torch.Size([35, 20, 650])
output shape torch.Size([35, 20, 650])
output shape torch.Size([35, 20, 650])
output shape torch.Size([35, 20, 650])
output shape torch.Size([35, 20, 650])
output shape torch.Size([35, 20, 650])
output shape torch.Size([35, 20, 650])
output shape torch.Size([35, 20, 650])
output shape torch.Size([35, 20, 650])
output shape torch.Size([35, 20, 650])
output shape torch.Size([35, 20, 650])
output shape torch.Size([35, 20, 650])
output shape torch.Size([35, 20, 650])
output shape torch.Size([35, 20, 650])
output shape torch.Size([35, 20, 650])
output shape torch.Size([35, 20, 650])
output shape torch.Size([35, 20, 650])
output shape torch.Size([35, 20, 650])
output shape torch.Size([35, 20, 650])
output shape torch.Size([35, 20, 650])
output shape torch.Size([35, 20, 650])
output shape torch.Size([35, 20, 650])
output shape torch.Size([35, 20, 650])
output shape torch.Size([35, 20, 650])
output shape torch.Size([35, 20, 650])
output shape torch.Size([35, 20, 650])
output shape torch.Size([35, 20, 650])
output shape torch.Size([35, 20, 650])
output shape torch.Size([35, 20, 650])
output shape torch.Size([35, 20, 650])
output shape torch.Size([35, 20, 650])
output shape torch.Size([35, 20, 650])
output shape torch.Size([35, 20, 650])
output shape torch.Size([35, 20, 650])
output shape torch.Size([35, 20, 650])
output shape torch.Size([35, 20, 650])
output shape torch.Size([35, 20, 650])
output shape torch.Size([35, 20, 650])
output shape torch.Size([35, 20, 650])
output shape torch.Size([35, 20, 650])
output shape torch.Size([35, 20, 650])
output shape torch.Size([35, 20, 650])
output shape torch.Size([35, 20, 650])
output shape torch.Size([35, 20, 650])
output shape torch.Size([35, 20, 650])
output shape torch.Size([35, 20, 650])
output shape torch.Size([35, 20, 650])
output shape torch.Size([35, 20, 650])
output shape torch.Size([35, 20, 650])
output shape torch.Size([35, 20, 650])
output shape torch.Size([35, 20, 650])
output shape torch.Size([35, 20, 650])
output shape torch.Size([35, 20, 650])
output shape torch.Size([35, 20, 650])
output shape torch.Size([35, 20, 650])
output shape torch.Size([35, 20, 650])
output shape torch.Size([35, 20, 650])
output shape torch.Size([35, 20, 650])
output shape torch.Size([35, 20, 650])
output shape torch.Size([35, 20, 650])
output shape torch.Size([35, 20, 650])
output shape torch.Size([35, 20, 650])
output shape torch.Size([35, 20, 650])
output shape torch.Size([35, 20, 650])
output shape torch.Size([35, 20, 650])
output shape torch.Size([35, 20, 650])
output shape torch.Size([35, 20, 650])
output shape torch.Size([35, 20, 650])
output shape torch.Size([35, 20, 650])
output shape torch.Size([35, 20, 650])
output shape torch.Size([35, 20, 650])
output shape torch.Size([35, 20, 650])
output shape torch.Size([35, 20, 650])
output shape torch.Size([35, 20, 650])
output shape torch.Size([35, 20, 650])
output shape torch.Size([35, 20, 650])
output shape torch.Size([35, 20, 650])
output shape torch.Size([35, 20, 650])
output shape torch.Size([35, 20, 650])
output shape torch.Size([35, 20, 650])
output shape torch.Size([35, 20, 650])
output shape torch.Size([35, 20, 650])
output shape torch.Size([35, 20, 650])
output shape torch.Size([35, 20, 650])
output shape torch.Size([35, 20, 650])
output shape torch.Size([35, 20, 650])
output shape torch.Size([35, 20, 650])
output shape torch.Size([35, 20, 650])
output shape torch.Size([35, 20, 650])
output shape torch.Size([35, 20, 650])
output shape torch.Size([35, 20, 650])
output shape torch.Size([35, 20, 650])
output shape torch.Size([35, 20, 650])
output shape torch.Size([35, 20, 650])
output shape torch.Size([35, 20, 650])
output shape torch.Size([35, 20, 650])
output shape torch.Size([35, 20, 650])
output shape torch.Size([35, 20, 650])
output shape torch.Size([35, 20, 650])
output shape torch.Size([35, 20, 650])
output shape torch.Size([35, 20, 650])
| epoch   1 |  1200/ 1327 batches | lr 0.001000 | ms/batch 21.98 | loss  5.94 | ppl   379.09
output shape torch.Size([35, 20, 650])
output shape torch.Size([35, 20, 650])
output shape torch.Size([35, 20, 650])
output shape torch.Size([35, 20, 650])
output shape torch.Size([35, 20, 650])
output shape torch.Size([35, 20, 650])
output shape torch.Size([35, 20, 650])
output shape torch.Size([35, 20, 650])
output shape torch.Size([35, 20, 650])
output shape torch.Size([35, 20, 650])
output shape torch.Size([35, 20, 650])
output shape torch.Size([35, 20, 650])
output shape torch.Size([35, 20, 650])
output shape torch.Size([35, 20, 650])
output shape torch.Size([35, 20, 650])
output shape torch.Size([35, 20, 650])
output shape torch.Size([35, 20, 650])
output shape torch.Size([35, 20, 650])
output shape torch.Size([35, 20, 650])
output shape torch.Size([35, 20, 650])
output shape torch.Size([35, 20, 650])
output shape torch.Size([35, 20, 650])
output shape torch.Size([35, 20, 650])
output shape torch.Size([35, 20, 650])
output shape torch.Size([35, 20, 650])
output shape torch.Size([35, 20, 650])
output shape torch.Size([35, 20, 650])
output shape torch.Size([35, 20, 650])
output shape torch.Size([35, 20, 650])
output shape torch.Size([35, 20, 650])
output shape torch.Size([35, 20, 650])
output shape torch.Size([35, 20, 650])
output shape torch.Size([35, 20, 650])
output shape torch.Size([35, 20, 650])
output shape torch.Size([35, 20, 650])
output shape torch.Size([35, 20, 650])
output shape torch.Size([35, 20, 650])
output shape torch.Size([35, 20, 650])
output shape torch.Size([35, 20, 650])
output shape torch.Size([35, 20, 650])
output shape torch.Size([35, 20, 650])
output shape torch.Size([35, 20, 650])
output shape torch.Size([35, 20, 650])
output shape torch.Size([35, 20, 650])
output shape torch.Size([35, 20, 650])
output shape torch.Size([35, 20, 650])
output shape torch.Size([35, 20, 650])
output shape torch.Size([35, 20, 650])
output shape torch.Size([35, 20, 650])
output shape torch.Size([35, 20, 650])
output shape torch.Size([35, 20, 650])
output shape torch.Size([35, 20, 650])
output shape torch.Size([35, 20, 650])
output shape torch.Size([35, 20, 650])
output shape torch.Size([35, 20, 650])
output shape torch.Size([35, 20, 650])
output shape torch.Size([35, 20, 650])
output shape torch.Size([35, 20, 650])
output shape torch.Size([35, 20, 650])
output shape torch.Size([35, 20, 650])
output shape torch.Size([35, 20, 650])
output shape torch.Size([35, 20, 650])
output shape torch.Size([35, 20, 650])
output shape torch.Size([35, 20, 650])
output shape torch.Size([35, 20, 650])
output shape torch.Size([35, 20, 650])
output shape torch.Size([35, 20, 650])
output shape torch.Size([35, 20, 650])
output shape torch.Size([35, 20, 650])
output shape torch.Size([35, 20, 650])
output shape torch.Size([35, 20, 650])
output shape torch.Size([35, 20, 650])
output shape torch.Size([35, 20, 650])
output shape torch.Size([35, 20, 650])
output shape torch.Size([35, 20, 650])
output shape torch.Size([35, 20, 650])
output shape torch.Size([35, 20, 650])
output shape torch.Size([35, 20, 650])
output shape torch.Size([35, 20, 650])
output shape torch.Size([35, 20, 650])
output shape torch.Size([35, 20, 650])
output shape torch.Size([35, 20, 650])
output shape torch.Size([35, 20, 650])
output shape torch.Size([35, 20, 650])
output shape torch.Size([35, 20, 650])
output shape torch.Size([35, 20, 650])
output shape torch.Size([35, 20, 650])
output shape torch.Size([35, 20, 650])
output shape torch.Size([35, 20, 650])
output shape torch.Size([35, 20, 650])
output shape torch.Size([35, 20, 650])
output shape torch.Size([35, 20, 650])
output shape torch.Size([35, 20, 650])
output shape torch.Size([35, 20, 650])
output shape torch.Size([35, 20, 650])
output shape torch.Size([35, 20, 650])
output shape torch.Size([35, 20, 650])
output shape torch.Size([35, 20, 650])
output shape torch.Size([35, 20, 650])
output shape torch.Size([35, 20, 650])
output shape torch.Size([35, 20, 650])
output shape torch.Size([35, 20, 650])
output shape torch.Size([35, 20, 650])
output shape torch.Size([35, 20, 650])
output shape torch.Size([35, 20, 650])
output shape torch.Size([35, 20, 650])
output shape torch.Size([35, 20, 650])
output shape torch.Size([35, 20, 650])
output shape torch.Size([35, 20, 650])
output shape torch.Size([35, 20, 650])
output shape torch.Size([35, 20, 650])
output shape torch.Size([35, 20, 650])
output shape torch.Size([35, 20, 650])
output shape torch.Size([35, 20, 650])
output shape torch.Size([35, 20, 650])
output shape torch.Size([35, 20, 650])
output shape torch.Size([35, 20, 650])
output shape torch.Size([35, 20, 650])
output shape torch.Size([35, 20, 650])
output shape torch.Size([35, 20, 650])
output shape torch.Size([35, 20, 650])
output shape torch.Size([35, 20, 650])
output shape torch.Size([35, 20, 650])
output shape torch.Size([35, 20, 650])
output shape torch.Size([35, 20, 650])
output shape torch.Size([35, 20, 650])
Traceback (most recent call last):
  File "main.py", line 233, in <module>
    train()
  File "main.py", line 204, in train
    output, hidden = model(data, hidden)
  File "/mnt/storage/home/mk17486/.local/lib/python3.7/site-packages/torch/nn/modules/module.py", line 532, in __call__
    result = self.forward(*input, **kwargs)
  File "/mnt/storage/home/mk17486/neural-networks/pytorch-subLSTM/tasks/word_language_model/model.py", line 69, in forward
    output, hidden = self.rnn(emb, hidden)
  File "/mnt/storage/home/mk17486/.local/lib/python3.7/site-packages/torch/nn/modules/module.py", line 532, in __call__
    result = self.forward(*input, **kwargs)
  File "/mnt/storage/home/mk17486/.local/lib/python3.7/site-packages/torch/nn/modules/rnn.py", line 556, in forward
    self.check_forward_args(input, hx, batch_sizes)
  File "/mnt/storage/home/mk17486/.local/lib/python3.7/site-packages/torch/nn/modules/rnn.py", line 512, in check_forward_args
    'Expected hidden[0] size {}, got {}')
  File "/mnt/storage/home/mk17486/.local/lib/python3.7/site-packages/torch/nn/modules/rnn.py", line 176, in check_hidden_size
    raise RuntimeError(msg.format(expected_hidden_size, tuple(hx.size())))
RuntimeError: Expected hidden[0] size (2, 33, 650), got (2, 35, 650)
