Running on host gpu32.bc4.acrc.priv
Slurm job ID is 3604123
This job runs on the following machines:
gpu32
Obtaining file:///mnt/storage/home/mk17486/neural-networks/pytorch-subLSTM
Requirement already satisfied: numpy in /mnt/storage/home/mk17486/.local/lib/python3.7/site-packages (from torch-sublstm==0.1.0) (1.18.1)
Requirement already satisfied: torch in /mnt/storage/home/mk17486/.local/lib/python3.7/site-packages (from torch-sublstm==0.1.0) (1.4.0)
Installing collected packages: torch-sublstm
  Found existing installation: torch-sublstm 0.1.0
    Uninstalling torch-sublstm-0.1.0:
      Successfully uninstalled torch-sublstm-0.1.0
  Running setup.py develop for torch-sublstm
    ERROR: Complete output from command /mnt/storage/software/languages/miniconda/miniconda3/bin/python -c 'import setuptools, tokenize;__file__='"'"'/mnt/storage/home/mk17486/neural-networks/pytorch-subLSTM/setup.py'"'"';f=getattr(tokenize, '"'"'open'"'"', open)(__file__);code=f.read().replace('"'"'\r\n'"'"', '"'"'\n'"'"');f.close();exec(compile(code, __file__, '"'"'exec'"'"'))' develop --no-deps --user --prefix=:
    ERROR: running develop
    running egg_info
    writing src/torch_sublstm.egg-info/PKG-INFO
    writing dependency_links to src/torch_sublstm.egg-info/dependency_links.txt
    writing requirements to src/torch_sublstm.egg-info/requires.txt
    writing top-level names to src/torch_sublstm.egg-info/top_level.txt
    reading manifest file 'src/torch_sublstm.egg-info/SOURCES.txt'
    writing manifest file 'src/torch_sublstm.egg-info/SOURCES.txt'
    running build_ext
    building 'sublstm_cuda' extension
    gcc -pthread -B /mnt/storage/software/languages/miniconda/miniconda3/compiler_compat -Wl,--sysroot=/ -Wsign-compare -DNDEBUG -g -fwrapv -O3 -Wall -Wstrict-prototypes -fPIC -I/mnt/storage/home/mk17486/.local/lib/python3.7/site-packages/torch/include -I/mnt/storage/home/mk17486/.local/lib/python3.7/site-packages/torch/include/torch/csrc/api/include -I/mnt/storage/home/mk17486/.local/lib/python3.7/site-packages/torch/include/TH -I/mnt/storage/home/mk17486/.local/lib/python3.7/site-packages/torch/include/THC -I/mnt/storage/software/libraries/nvidia/cuda-10.0/include -I/mnt/storage/software/languages/miniconda/miniconda3/include/python3.7m -c src/subLSTM/basic/sublstm.cpp -o build/temp.linux-x86_64-3.7/src/subLSTM/basic/sublstm.o -DTORCH_API_INCLUDE_EXTENSION_H -DTORCH_EXTENSION_NAME=sublstm_cuda -D_GLIBCXX_USE_CXX11_ABI=0 -std=c++11
    cc1plus: warning: command line option '-Wstrict-prototypes' is valid for C/ObjC but not for C++
    In file included from /mnt/storage/home/mk17486/.local/lib/python3.7/site-packages/torch/include/ATen/core/ivalue.h:651:0,
                     from /mnt/storage/home/mk17486/.local/lib/python3.7/site-packages/torch/include/ATen/core/jit_type.h:6,
                     from /mnt/storage/home/mk17486/.local/lib/python3.7/site-packages/torch/include/ATen/core/function_schema.h:4,
                     from /mnt/storage/home/mk17486/.local/lib/python3.7/site-packages/torch/include/ATen/core/dispatch/DispatchTable.h:3,
                     from /mnt/storage/home/mk17486/.local/lib/python3.7/site-packages/torch/include/ATen/core/dispatch/OperatorEntry.h:3,
                     from /mnt/storage/home/mk17486/.local/lib/python3.7/site-packages/torch/include/ATen/core/dispatch/Dispatcher.h:3,
                     from /mnt/storage/home/mk17486/.local/lib/python3.7/site-packages/torch/include/ATen/core/TensorMethods.h:10,
                     from /mnt/storage/home/mk17486/.local/lib/python3.7/site-packages/torch/include/ATen/Tensor.h:12,
                     from /mnt/storage/home/mk17486/.local/lib/python3.7/site-packages/torch/include/ATen/Context.h:4,
                     from /mnt/storage/home/mk17486/.local/lib/python3.7/site-packages/torch/include/ATen/ATen.h:5,
                     from /mnt/storage/home/mk17486/.local/lib/python3.7/site-packages/torch/include/torch/csrc/api/include/torch/types.h:3,
                     from /mnt/storage/home/mk17486/.local/lib/python3.7/site-packages/torch/include/torch/csrc/api/include/torch/data/dataloader_options.h:4,
                     from /mnt/storage/home/mk17486/.local/lib/python3.7/site-packages/torch/include/torch/csrc/api/include/torch/data/dataloader/base.h:3,
                     from /mnt/storage/home/mk17486/.local/lib/python3.7/site-packages/torch/include/torch/csrc/api/include/torch/data/dataloader/stateful.h:3,
                     from /mnt/storage/home/mk17486/.local/lib/python3.7/site-packages/torch/include/torch/csrc/api/include/torch/data/dataloader.h:3,
                     from /mnt/storage/home/mk17486/.local/lib/python3.7/site-packages/torch/include/torch/csrc/api/include/torch/data.h:3,
                     from /mnt/storage/home/mk17486/.local/lib/python3.7/site-packages/torch/include/torch/csrc/api/include/torch/all.h:4,
                     from src/subLSTM/basic/sublstm.cpp:6:
    /mnt/storage/home/mk17486/.local/lib/python3.7/site-packages/torch/include/ATen/core/ivalue_inl.h: In instantiation of 'struct c10::ivalue::detail::has_constructor<std::vector<at::Tensor>, void>':
    /mnt/storage/home/mk17486/.local/lib/python3.7/site-packages/torch/include/ATen/core/ivalue_inl.h:844:23:   required from 'c10::IValue c10::ivalue::from(T) [with T = std::vector<at::Tensor>]'
    /mnt/storage/home/mk17486/.local/lib/python3.7/site-packages/torch/include/ATen/core/boxing/kernel_functor.h:184:29:   required from 'c10::IValue c10::detail::return_to_ivalue(T&&) [with T = std::vector<at::Tensor>; bool AllowDeprecatedTypes = true]'
    /mnt/storage/home/mk17486/.local/lib/python3.7/site-packages/torch/include/ATen/core/boxing/kernel_functor.h:208:82:   required from 'static void c10::detail::push_outputs<OutputType, AllowDeprecatedTypes>::call(OutputType&&, c10::Stack*) [with OutputType = std::vector<at::Tensor>; bool AllowDeprecatedTypes = true; c10::Stack = std::vector<c10::IValue, std::allocator<c10::IValue> >]'
    /mnt/storage/home/mk17486/.local/lib/python3.7/site-packages/torch/include/ATen/core/boxing/kernel_functor.h:236:115:   required from 'static void c10::detail::wrap_kernel_functor_boxed<KernelFunctor, AllowDeprecatedTypes, typename std::enable_if<(! std::is_same<void, typename c10::guts::infer_function_traits<Functor>::type::return_type>::value), void>::type>::call(c10::OperatorKernel*, c10::Stack*) [with KernelFunctor = c10::detail::WrapRuntimeKernelFunctor_<std::vector<at::Tensor> (*)(at::Tensor, at::Tensor, at::Tensor, at::Tensor, at::Tensor, at::Tensor, at::Tensor, at::Tensor, at::Tensor, at::Tensor, at::Tensor), std::vector<at::Tensor>, c10::guts::typelist::typelist<at::Tensor, at::Tensor, at::Tensor, at::Tensor, at::Tensor, at::Tensor, at::Tensor, at::Tensor, at::Tensor, at::Tensor, at::Tensor> >; bool AllowDeprecatedTypes = true; c10::Stack = std::vector<c10::IValue, std::allocator<c10::IValue> >]'
    /mnt/storage/home/mk17486/.local/lib/python3.7/site-packages/torch/include/ATen/core/boxing/KernelFunction.h:172:7:   required from 'static c10::KernelFunction c10::KernelFunction::makeFromUnboxedFunctor(std::unique_ptr<c10::OperatorKernel>) [with bool AllowLegacyTypes = true; KernelFunctor = c10::detail::WrapRuntimeKernelFunctor_<std::vector<at::Tensor> (*)(at::Tensor, at::Tensor, at::Tensor, at::Tensor, at::Tensor, at::Tensor, at::Tensor, at::Tensor, at::Tensor, at::Tensor, at::Tensor), std::vector<at::Tensor>, c10::guts::typelist::typelist<at::Tensor, at::Tensor, at::Tensor, at::Tensor, at::Tensor, at::Tensor, at::Tensor, at::Tensor, at::Tensor, at::Tensor, at::Tensor> >]'
    /mnt/storage/home/mk17486/.local/lib/python3.7/site-packages/torch/include/ATen/core/boxing/KernelFunction.h:313:111:   required from 'static c10::KernelFunction c10::KernelFunction::makeFromUnboxedRuntimeFunction(FuncType*) [with bool AllowLegacyTypes = true; FuncType = std::vector<at::Tensor>(at::Tensor, at::Tensor, at::Tensor, at::Tensor, at::Tensor, at::Tensor, at::Tensor, at::Tensor, at::Tensor, at::Tensor, at::Tensor)]'
    /mnt/storage/home/mk17486/.local/lib/python3.7/site-packages/torch/include/ATen/core/op_registration/op_registration.h:517:72:   required from 'c10::guts::enable_if_t<(c10::guts::is_function_type<T>::value && (! std::is_same<FuncType, void(c10::OperatorKernel*, std::vector<c10::IValue, std::allocator<c10::IValue> >*)>::value)), c10::RegisterOperators&&> c10::RegisterOperators::op(const string&, FuncType*, c10::RegisterOperators::Options&&) && [with FuncType = std::vector<at::Tensor>(at::Tensor, at::Tensor, at::Tensor, at::Tensor, at::Tensor, at::Tensor, at::Tensor, at::Tensor, at::Tensor, at::Tensor, at::Tensor); c10::guts::enable_if_t<(c10::guts::is_function_type<T>::value && (! std::is_same<FuncType, void(c10::OperatorKernel*, std::vector<c10::IValue, std::allocator<c10::IValue> >*)>::value)), c10::RegisterOperators&&> = c10::RegisterOperators&&; std::string = std::basic_string<char>]'
    src/subLSTM/basic/sublstm.cpp:202:51:   required from here
    /mnt/storage/home/mk17486/.local/lib/python3.7/site-packages/torch/include/ATen/core/ivalue_inl.h:815:19: warning: 'c10::IValue::IValue(std::vector<at::Tensor>)' is deprecated [-Wdeprecated-declarations]
     >: std::true_type {};
                       ^
    /mnt/storage/home/mk17486/.local/lib/python3.7/site-packages/torch/include/ATen/core/ivalue_inl.h:700:8: note: declared here
     inline IValue::IValue(std::vector<at::Tensor> v)
            ^
    /mnt/storage/home/mk17486/.local/lib/python3.7/site-packages/torch/include/ATen/core/ivalue_inl.h:815:19: warning: 'c10::IValue::IValue(std::vector<at::Tensor>)' is deprecated [-Wdeprecated-declarations]
     >: std::true_type {};
                       ^
    /mnt/storage/home/mk17486/.local/lib/python3.7/site-packages/torch/include/ATen/core/ivalue_inl.h:700:8: note: declared here
     inline IValue::IValue(std::vector<at::Tensor> v)
            ^
    /mnt/storage/home/mk17486/.local/lib/python3.7/site-packages/torch/include/ATen/core/ivalue_inl.h: In instantiation of 'c10::IValue c10::ivalue::detail::from_(T, std::true_type) [with T = std::vector<at::Tensor>; std::true_type = std::integral_constant<bool, true>]':
    /mnt/storage/home/mk17486/.local/lib/python3.7/site-packages/torch/include/ATen/core/ivalue_inl.h:844:23:   required from 'c10::IValue c10::ivalue::from(T) [with T = std::vector<at::Tensor>]'
    /mnt/storage/home/mk17486/.local/lib/python3.7/site-packages/torch/include/ATen/core/boxing/kernel_functor.h:184:29:   required from 'c10::IValue c10::detail::return_to_ivalue(T&&) [with T = std::vector<at::Tensor>; bool AllowDeprecatedTypes = true]'
    /mnt/storage/home/mk17486/.local/lib/python3.7/site-packages/torch/include/ATen/core/boxing/kernel_functor.h:208:82:   required from 'static void c10::detail::push_outputs<OutputType, AllowDeprecatedTypes>::call(OutputType&&, c10::Stack*) [with OutputType = std::vector<at::Tensor>; bool AllowDeprecatedTypes = true; c10::Stack = std::vector<c10::IValue, std::allocator<c10::IValue> >]'
    /mnt/storage/home/mk17486/.local/lib/python3.7/site-packages/torch/include/ATen/core/boxing/kernel_functor.h:236:115:   required from 'static void c10::detail::wrap_kernel_functor_boxed<KernelFunctor, AllowDeprecatedTypes, typename std::enable_if<(! std::is_same<void, typename c10::guts::infer_function_traits<Functor>::type::return_type>::value), void>::type>::call(c10::OperatorKernel*, c10::Stack*) [with KernelFunctor = c10::detail::WrapRuntimeKernelFunctor_<std::vector<at::Tensor> (*)(at::Tensor, at::Tensor, at::Tensor, at::Tensor, at::Tensor, at::Tensor, at::Tensor, at::Tensor, at::Tensor, at::Tensor, at::Tensor), std::vector<at::Tensor>, c10::guts::typelist::typelist<at::Tensor, at::Tensor, at::Tensor, at::Tensor, at::Tensor, at::Tensor, at::Tensor, at::Tensor, at::Tensor, at::Tensor, at::Tensor> >; bool AllowDeprecatedTypes = true; c10::Stack = std::vector<c10::IValue, std::allocator<c10::IValue> >]'
    /mnt/storage/home/mk17486/.local/lib/python3.7/site-packages/torch/include/ATen/core/boxing/KernelFunction.h:172:7:   required from 'static c10::KernelFunction c10::KernelFunction::makeFromUnboxedFunctor(std::unique_ptr<c10::OperatorKernel>) [with bool AllowLegacyTypes = true; KernelFunctor = c10::detail::WrapRuntimeKernelFunctor_<std::vector<at::Tensor> (*)(at::Tensor, at::Tensor, at::Tensor, at::Tensor, at::Tensor, at::Tensor, at::Tensor, at::Tensor, at::Tensor, at::Tensor, at::Tensor), std::vector<at::Tensor>, c10::guts::typelist::typelist<at::Tensor, at::Tensor, at::Tensor, at::Tensor, at::Tensor, at::Tensor, at::Tensor, at::Tensor, at::Tensor, at::Tensor, at::Tensor> >]'
    /mnt/storage/home/mk17486/.local/lib/python3.7/site-packages/torch/include/ATen/core/boxing/KernelFunction.h:313:111:   required from 'static c10::KernelFunction c10::KernelFunction::makeFromUnboxedRuntimeFunction(FuncType*) [with bool AllowLegacyTypes = true; FuncType = std::vector<at::Tensor>(at::Tensor, at::Tensor, at::Tensor, at::Tensor, at::Tensor, at::Tensor, at::Tensor, at::Tensor, at::Tensor, at::Tensor, at::Tensor)]'
    /mnt/storage/home/mk17486/.local/lib/python3.7/site-packages/torch/include/ATen/core/op_registration/op_registration.h:517:72:   required from 'c10::guts::enable_if_t<(c10::guts::is_function_type<T>::value && (! std::is_same<FuncType, void(c10::OperatorKernel*, std::vector<c10::IValue, std::allocator<c10::IValue> >*)>::value)), c10::RegisterOperators&&> c10::RegisterOperators::op(const string&, FuncType*, c10::RegisterOperators::Options&&) && [with FuncType = std::vector<at::Tensor>(at::Tensor, at::Tensor, at::Tensor, at::Tensor, at::Tensor, at::Tensor, at::Tensor, at::Tensor, at::Tensor, at::Tensor, at::Tensor); c10::guts::enable_if_t<(c10::guts::is_function_type<T>::value && (! std::is_same<FuncType, void(c10::OperatorKernel*, std::vector<c10::IValue, std::allocator<c10::IValue> >*)>::value)), c10::RegisterOperators&&> = c10::RegisterOperators&&; std::string = std::basic_string<char>]'
    src/subLSTM/basic/sublstm.cpp:202:51:   required from here
    /mnt/storage/home/mk17486/.local/lib/python3.7/site-packages/torch/include/ATen/core/ivalue_inl.h:819:18: warning: 'c10::IValue::IValue(std::vector<at::Tensor>)' is deprecated [-Wdeprecated-declarations]
       return IValue(x);
                      ^
    /mnt/storage/home/mk17486/.local/lib/python3.7/site-packages/torch/include/ATen/core/ivalue_inl.h:700:8: note: declared here
     inline IValue::IValue(std::vector<at::Tensor> v)
            ^
    /mnt/storage/software/libraries/nvidia/cuda-10.0/bin/nvcc -I/mnt/storage/home/mk17486/.local/lib/python3.7/site-packages/torch/include -I/mnt/storage/home/mk17486/.local/lib/python3.7/site-packages/torch/include/torch/csrc/api/include -I/mnt/storage/home/mk17486/.local/lib/python3.7/site-packages/torch/include/TH -I/mnt/storage/home/mk17486/.local/lib/python3.7/site-packages/torch/include/THC -I/mnt/storage/software/libraries/nvidia/cuda-10.0/include -I/mnt/storage/software/languages/miniconda/miniconda3/include/python3.7m -c src/subLSTM/basic/sublstm_kernel.cu -o build/temp.linux-x86_64-3.7/src/subLSTM/basic/sublstm_kernel.o -D__CUDA_NO_HALF_OPERATORS__ -D__CUDA_NO_HALF_CONVERSIONS__ -D__CUDA_NO_HALF2_OPERATORS__ --expt-relaxed-constexpr --compiler-options '-fPIC' -DTORCH_API_INCLUDE_EXTENSION_H -DTORCH_EXTENSION_NAME=sublstm_cuda -D_GLIBCXX_USE_CXX11_ABI=0 -gencode=arch=compute_60,code=sm_60 -std=c++11
    /mnt/storage/home/mk17486/.local/lib/python3.7/site-packages/torch/include/c10/core/TensorTypeSet.h(44): warning: integer conversion resulted in a change of sign
    
    /mnt/storage/home/mk17486/.local/lib/python3.7/site-packages/torch/include/torch/csrc/api/include/torch/nn/functional/padding.h(14): warning: integer conversion resulted in a change of sign
    
    /mnt/storage/home/mk17486/.local/lib/python3.7/site-packages/torch/include/torch/csrc/api/include/torch/nn/functional/padding.h(15): warning: integer conversion resulted in a change of sign
    
    /mnt/storage/home/mk17486/.local/lib/python3.7/site-packages/torch/include/torch/csrc/api/include/torch/nn/functional/padding.h(15): warning: integer conversion resulted in a change of sign
    
    /mnt/storage/home/mk17486/.local/lib/python3.7/site-packages/torch/include/torch/csrc/api/include/torch/nn/functional/padding.h(15): warning: integer conversion resulted in a change of sign
    
    /mnt/storage/home/mk17486/.local/lib/python3.7/site-packages/torch/include/torch/csrc/api/include/torch/nn/functional/padding.h(18): warning: integer conversion resulted in a change of sign
    
    /mnt/storage/home/mk17486/.local/lib/python3.7/site-packages/torch/include/torch/csrc/api/include/torch/nn/functional/padding.h(19): warning: integer conversion resulted in a change of sign
    
    /mnt/storage/home/mk17486/.local/lib/python3.7/site-packages/torch/include/torch/csrc/api/include/torch/nn/functional/padding.h(19): warning: integer conversion resulted in a change of sign
    
    /mnt/storage/home/mk17486/.local/lib/python3.7/site-packages/torch/include/torch/csrc/api/include/torch/nn/functional/padding.h(19): warning: integer conversion resulted in a change of sign
    
    /mnt/storage/home/mk17486/.local/lib/python3.7/site-packages/torch/include/torch/csrc/api/include/torch/nn/functional/padding.h(23): warning: integer conversion resulted in a change of sign
    
    /mnt/storage/home/mk17486/.local/lib/python3.7/site-packages/torch/include/torch/csrc/api/include/torch/nn/functional/padding.h(24): warning: integer conversion resulted in a change of sign
    
    /mnt/storage/home/mk17486/.local/lib/python3.7/site-packages/torch/include/torch/csrc/api/include/torch/nn/functional/padding.h(24): warning: integer conversion resulted in a change of sign
    
    /mnt/storage/home/mk17486/.local/lib/python3.7/site-packages/torch/include/torch/csrc/api/include/torch/nn/functional/padding.h(24): warning: integer conversion resulted in a change of sign
    
    /mnt/storage/home/mk17486/.local/lib/python3.7/site-packages/torch/include/torch/csrc/autograd/profiler.h(97): warning: attribute "__visibility__" does not apply here
    
    /mnt/storage/home/mk17486/.local/lib/python3.7/site-packages/torch/include/torch/csrc/autograd/profiler.h(112): warning: attribute "__visibility__" does not apply here
    
    src/subLSTM/basic/sublstm_kernel.cu(124): error: identifier "gates_weights" is undefined
    
    src/subLSTM/basic/sublstm_kernel.cu(161): error: type name is not allowed
    
    src/subLSTM/basic/sublstm_kernel.cu(161): error: argument list for class template "at::RestrictPtrTraits" is missing
    
    src/subLSTM/basic/sublstm_kernel.cu(161): error: expected an expression
    
    src/subLSTM/basic/sublstm_kernel.cu(161): error: no instance of function template "<unnamed>::forward_cuda_kernel" matches the argument list
                argument types are: (const int64_t, const int64_t, at::PackedTensorAccessor32<double, 3UL, at::RestrictPtrTraits>, at::PackedTensorAccessor32<double, 2UL, at::RestrictPtrTraits>, <error-type>, int, <error-type>)
    
    src/subLSTM/basic/sublstm_kernel.cu(161): error: type name is not allowed
    
    src/subLSTM/basic/sublstm_kernel.cu(161): error: argument list for class template "at::RestrictPtrTraits" is missing
    
    src/subLSTM/basic/sublstm_kernel.cu(161): error: expected an expression
    
    src/subLSTM/basic/sublstm_kernel.cu(161): error: no instance of function template "<unnamed>::forward_cuda_kernel" matches the argument list
                argument types are: (const int64_t, const int64_t, at::PackedTensorAccessor32<float, 3UL, at::RestrictPtrTraits>, at::PackedTensorAccessor32<float, 2UL, at::RestrictPtrTraits>, <error-type>, int, <error-type>)
    
    /mnt/storage/home/mk17486/.local/lib/python3.7/site-packages/torch/include/torch/csrc/api/include/torch/enum.h(179): warning: statement is unreachable
    
    9 errors detected in the compilation of "/tmp/tmpxft_00003cda_00000000-6_sublstm_kernel.cpp1.ii".
    error: command '/mnt/storage/software/libraries/nvidia/cuda-10.0/bin/nvcc' failed with exit status 1
    ----------------------------------------
  Rolling back uninstall of torch-sublstm
  Moving to /mnt/storage/home/mk17486/.local/lib/python3.7/site-packages/torch-sublstm.egg-link
   from /tmp/pip-uninstall-sd5nn24x/torch-sublstm.egg-link
ERROR: Command "/mnt/storage/software/languages/miniconda/miniconda3/bin/python -c 'import setuptools, tokenize;__file__='"'"'/mnt/storage/home/mk17486/neural-networks/pytorch-subLSTM/setup.py'"'"';f=getattr(tokenize, '"'"'open'"'"', open)(__file__);code=f.read().replace('"'"'\r\n'"'"', '"'"'\n'"'"');f.close();exec(compile(code, __file__, '"'"'exec'"'"'))' develop --no-deps --user --prefix=" failed with error code 1 in /mnt/storage/home/mk17486/neural-networks/pytorch-subLSTM/
subLSTMCuda
Traceback (most recent call last):
  File "main.py", line 98, in <module>
    model = model.RNNModel(args.model, ntokens, args.emsize, args.nhid, args.nlayers, args.dropout, args.tied, args.batch_size)
  File "/mnt/storage/home/mk17486/neural-networks/pytorch-subLSTM/tasks/word_language_model/model.py", line 37, in __init__
    batch_size=batch_size)
  File "../../src/subLSTM/basic/nn.py", line 249, in __init__
    traced_layer = torch.jit.script(layer_type(layer_in_size, layer_out_size, bias)).cuda()
  File "/mnt/storage/home/mk17486/.local/lib/python3.7/site-packages/torch/jit/__init__.py", line 1255, in script
    return torch.jit._recursive.recursive_script(obj)
  File "/mnt/storage/home/mk17486/.local/lib/python3.7/site-packages/torch/jit/_recursive.py", line 534, in recursive_script
    return create_script_module(nn_module, infer_methods_to_compile(nn_module))
  File "/mnt/storage/home/mk17486/.local/lib/python3.7/site-packages/torch/jit/_recursive.py", line 296, in create_script_module
    return create_script_module_impl(nn_module, concrete_type, cpp_module, stubs)
  File "/mnt/storage/home/mk17486/.local/lib/python3.7/site-packages/torch/jit/_recursive.py", line 340, in create_script_module_impl
    create_methods_from_stubs(concrete_type, stubs)
  File "/mnt/storage/home/mk17486/.local/lib/python3.7/site-packages/torch/jit/_recursive.py", line 259, in create_methods_from_stubs
    concrete_type._create_methods(defs, rcbs, defaults)
RuntimeError: 
Tried to set an attribute: requires_grad on a non-class: Tensor:
  File "../../src/subLSTM/basic/nn.py", line 100

        #with torch.no_grad() is not supported by TorchScript
        old_h.requires_grad = False
        ~~~~~~~~~~~~~~~~~~~~~~~~~~~ <--- HERE
        input.requires_grad = False
        self.bias.requires_grad = False

