Running on host gpu32.bc4.acrc.priv
Slurm job ID is 3607719
This job runs on the following machines:
gpu32
Obtaining file:///mnt/storage/home/mk17486/neural-networks/pytorch-subLSTM
Requirement already satisfied: numpy in /mnt/storage/home/mk17486/.local/lib/python3.7/site-packages (from torch-sublstm==0.1.0) (1.18.1)
Requirement already satisfied: torch in /mnt/storage/home/mk17486/.local/lib/python3.7/site-packages (from torch-sublstm==0.1.0) (1.4.0)
Installing collected packages: torch-sublstm
  Found existing installation: torch-sublstm 0.1.0
    Uninstalling torch-sublstm-0.1.0:
      Successfully uninstalled torch-sublstm-0.1.0
  Running setup.py develop for torch-sublstm
Successfully installed torch-sublstm
subLSTMCuda
True True True False False False False
Traceback (most recent call last):
  File "main.py", line 232, in <module>
    train()
  File "main.py", line 192, in train
    output, hidden = model(data, hidden)
  File "/mnt/storage/home/mk17486/.local/lib/python3.7/site-packages/torch/nn/modules/module.py", line 532, in __call__
    result = self.forward(*input, **kwargs)
  File "/mnt/storage/home/mk17486/neural-networks/pytorch-subLSTM/tasks/word_language_model/model.py", line 72, in forward
    output, hidden = self.rnn(emb, hidden)
  File "/mnt/storage/home/mk17486/.local/lib/python3.7/site-packages/torch/nn/modules/module.py", line 532, in __call__
    result = self.forward(*input, **kwargs)
  File "../../src/subLSTM/basic/nn.py", line 360, in forward
    out, c = layer(outputs[time], hx[l])
  File "/mnt/storage/home/mk17486/.local/lib/python3.7/site-packages/torch/nn/modules/module.py", line 532, in __call__
    result = self.forward(*input, **kwargs)
  File "../../src/subLSTM/basic/nn.py", line 149, in forward
    return SubLSTMFunction.apply(input, self.weights, self.bias, old_h, old_cell, [X, gate_weights])
  File "../../src/subLSTM/basic/nn.py", line 66, in forward
    ctx.varies = [X, gates_weights, old_h, old_cell]
NameError: name 'gates_weights' is not defined
