Running on host gpu25.bc4.acrc.priv
Slurm job ID is 3587317
This job runs on the following machines:
gpu25
LSTM
| epoch   1 |   200/ 1327 batches | lr 0.001000 | ms/batch 23.87 | loss  6.79 | ppl   889.13
| epoch   1 |   400/ 1327 batches | lr 0.001000 | ms/batch 23.05 | loss  6.64 | ppl   765.82
| epoch   1 |   600/ 1327 batches | lr 0.001000 | ms/batch 23.31 | loss  6.66 | ppl   777.16
| epoch   1 |   800/ 1327 batches | lr 0.001000 | ms/batch 23.15 | loss  6.60 | ppl   734.54
| epoch   1 |  1000/ 1327 batches | lr 0.001000 | ms/batch 23.41 | loss  6.60 | ppl   736.22
| epoch   1 |  1200/ 1327 batches | lr 0.001000 | ms/batch 23.35 | loss  6.60 | ppl   735.52
-----------------------------------------------------------------------------------------
| end of epoch   1 | time: 31.70s | valid loss  1.88 | valid ppl     6.56
-----------------------------------------------------------------------------------------
=========================================================================================
| End of training | test loss  1.86 | test ppl     6.41
=========================================================================================
subLSTM
| epoch   1 |   200/ 1327 batches | lr 0.001000 | ms/batch 64.10 | loss  6.89 | ppl   986.00
| epoch   1 |   400/ 1327 batches | lr 0.001000 | ms/batch 65.05 | loss  6.67 | ppl   786.15
| epoch   1 |   600/ 1327 batches | lr 0.001000 | ms/batch 62.90 | loss  6.69 | ppl   800.85
| epoch   1 |   800/ 1327 batches | lr 0.001000 | ms/batch 62.65 | loss  6.63 | ppl   759.54
| epoch   1 |  1000/ 1327 batches | lr 0.001000 | ms/batch 64.02 | loss  6.64 | ppl   764.88
| epoch   1 |  1200/ 1327 batches | lr 0.001000 | ms/batch 63.31 | loss  6.64 | ppl   766.50
-----------------------------------------------------------------------------------------
| end of epoch   1 | time: 88.24s | valid loss  1.88 | valid ppl     6.57
-----------------------------------------------------------------------------------------
=========================================================================================
| End of training | test loss  1.86 | test ppl     6.43
=========================================================================================
subLSTMCuda
| epoch   1 |   200/ 1327 batches | lr 0.001000 | ms/batch 51.84 | loss  6.89 | ppl   986.89
| epoch   1 |   400/ 1327 batches | lr 0.001000 | ms/batch 50.31 | loss  6.67 | ppl   786.27
| epoch   1 |   600/ 1327 batches | lr 0.001000 | ms/batch 49.24 | loss  6.69 | ppl   801.07
| epoch   1 |   800/ 1327 batches | lr 0.001000 | ms/batch 48.52 | loss  6.63 | ppl   759.56
| epoch   1 |  1000/ 1327 batches | lr 0.001000 | ms/batch 50.18 | loss  6.64 | ppl   764.47
| epoch   1 |  1200/ 1327 batches | lr 0.001000 | ms/batch 48.39 | loss  6.64 | ppl   766.56
-----------------------------------------------------------------------------------------
| end of epoch   1 | time: 69.06s | valid loss  1.88 | valid ppl     6.57
-----------------------------------------------------------------------------------------
=========================================================================================
| End of training | test loss  1.86 | test ppl     6.43
=========================================================================================
