Running on host gpu32.bc4.acrc.priv
Slurm job ID is 3575258
This job runs on the following machines:
gpu32
Requirement already satisfied: matplotlib in /mnt/storage/home/mk17486/.local/lib/python3.7/site-packages (3.2.1)
Requirement already satisfied: cycler>=0.10 in /mnt/storage/home/mk17486/.local/lib/python3.7/site-packages (from matplotlib) (0.10.0)
Requirement already satisfied: numpy>=1.11 in /mnt/storage/home/mk17486/.local/lib/python3.7/site-packages (from matplotlib) (1.18.1)
Requirement already satisfied: python-dateutil>=2.1 in /mnt/storage/home/mk17486/.local/lib/python3.7/site-packages (from matplotlib) (2.8.1)
Requirement already satisfied: pyparsing!=2.0.4,!=2.1.2,!=2.1.6,>=2.0.1 in /mnt/storage/home/mk17486/.local/lib/python3.7/site-packages (from matplotlib) (2.4.6)
Requirement already satisfied: kiwisolver>=1.0.1 in /mnt/storage/home/mk17486/.local/lib/python3.7/site-packages (from matplotlib) (1.1.0)
Requirement already satisfied: six in /mnt/storage/software/languages/miniconda/miniconda3/lib/python3.7/site-packages (from cycler>=0.10->matplotlib) (1.12.0)
Requirement already satisfied: setuptools in /mnt/storage/software/languages/miniconda/miniconda3/lib/python3.7/site-packages (from kiwisolver>=1.0.1->matplotlib) (41.0.1)
Requirement already satisfied: torchvision in /mnt/storage/home/mk17486/.local/lib/python3.7/site-packages (0.5.0)
Requirement already satisfied: torch==1.4.0 in /mnt/storage/home/mk17486/.local/lib/python3.7/site-packages (from torchvision) (1.4.0)
Requirement already satisfied: pillow>=4.1.1 in /mnt/storage/home/mk17486/.local/lib/python3.7/site-packages (from torchvision) (7.0.0)
Requirement already satisfied: six in /mnt/storage/software/languages/miniconda/miniconda3/lib/python3.7/site-packages (from torchvision) (1.12.0)
Requirement already satisfied: numpy in /mnt/storage/home/mk17486/.local/lib/python3.7/site-packages (from torchvision) (1.18.1)
Requirement already satisfied: ninja in /mnt/storage/home/mk17486/.local/lib/python3.7/site-packages (1.9.0.post1)
Processing /mnt/storage/home/mk17486/neural-networks/pytorch-subLSTM
Requirement already satisfied: numpy in /mnt/storage/home/mk17486/.local/lib/python3.7/site-packages (from torch-sublstm==0.1.0) (1.18.1)
Requirement already satisfied: torch in /mnt/storage/home/mk17486/.local/lib/python3.7/site-packages (from torch-sublstm==0.1.0) (1.4.0)
Building wheels for collected packages: torch-sublstm
  Building wheel for torch-sublstm (setup.py): started
  Building wheel for torch-sublstm (setup.py): still running...
  Building wheel for torch-sublstm (setup.py): finished with status 'done'
  Stored in directory: /mnt/storage/home/mk17486/.cache/pip/wheels/31/17/41/f7b13d3b73f5822baeb1d95f85487aba02a62f36c7b48952c9
Successfully built torch-sublstm
Installing collected packages: torch-sublstm
  Found existing installation: torch-sublstm 0.1.0
    Uninstalling torch-sublstm-0.1.0:
      Successfully uninstalled torch-sublstm-0.1.0
Successfully installed torch-sublstm-0.1.0
| epoch   1 |   200/ 1327 batches | lr 0.001000 | ms/batch 355.51 | loss  7.03 | ppl  1133.75
| epoch   1 |   400/ 1327 batches | lr 0.001000 | ms/batch 353.65 | loss  6.31 | ppl   550.00
| epoch   1 |   600/ 1327 batches | lr 0.001000 | ms/batch 353.65 | loss  6.25 | ppl   515.62
| epoch   1 |   800/ 1327 batches | lr 0.001000 | ms/batch 353.63 | loss  6.13 | ppl   460.94
| epoch   1 |  1000/ 1327 batches | lr 0.001000 | ms/batch 353.65 | loss  6.11 | ppl   448.94
| epoch   1 |  1200/ 1327 batches | lr 0.001000 | ms/batch 353.64 | loss  6.06 | ppl   429.18
Traceback (most recent call last):
  File "main.py", line 227, in <module>
    train()
  File "main.py", line 197, in train
    output, hidden = model(data, hidden)
  File "/mnt/storage/home/mk17486/.local/lib/python3.7/site-packages/torch/nn/modules/module.py", line 532, in __call__
    result = self.forward(*input, **kwargs)
  File "/mnt/storage/home/mk17486/neural-networks/pytorch-subLSTM/tasks/word_language_model/model.py", line 69, in forward
    output, hidden = self.rnn(emb, hidden)
  File "/mnt/storage/home/mk17486/.local/lib/python3.7/site-packages/torch/nn/modules/module.py", line 532, in __call__
    result = self.forward(*input, **kwargs)
  File "../../src/subLSTM/basic/nn.py", line 281, in forward
    out, c = layer(outputs[time], hx[l])
  File "/mnt/storage/home/mk17486/.local/lib/python3.7/site-packages/torch/nn/modules/module.py", line 532, in __call__
    result = self.forward(*input, **kwargs)
  File "../../src/subLSTM/basic/nn.py", line 90, in forward
    return SubLSTMFunction.apply(input, self.weights, self.bias, *state)
  File "../../src/subLSTM/basic/nn.py", line 29, in forward
    old_cell)
RuntimeError: invalid argument 0: Sizes of tensors must match except in dimension 1. Got 33 and 35 in dimension 0 at /pytorch/aten/src/THC/generic/THCTensorMath.cu:71
