Running on host gpu15.bc4.acrc.priv
Slurm job ID is 3587668
This job runs on the following machines:
gpu15
LSTM
| epoch   1 |   200/ 1327 batches | lr 0.001000 | ms/batch 24.80 | loss  6.56 | ppl   708.63
| epoch   1 |   400/ 1327 batches | lr 0.001000 | ms/batch 24.72 | loss  6.07 | ppl   431.97
| epoch   1 |   600/ 1327 batches | lr 0.001000 | ms/batch 24.92 | loss  5.92 | ppl   373.46
| epoch   1 |   800/ 1327 batches | lr 0.001000 | ms/batch 24.93 | loss  5.76 | ppl   315.81
| epoch   1 |  1000/ 1327 batches | lr 0.001000 | ms/batch 24.95 | loss  5.69 | ppl   295.19
| epoch   1 |  1200/ 1327 batches | lr 0.001000 | ms/batch 25.12 | loss  5.60 | ppl   269.26
------------------------------------  ---------------  ---------------  ---------------  ---------------  ---------------  ---------------  ---------------  ---------------  ---------------  
Name                                  Self CPU total %  Self CPU total   CPU total %      CPU total        CPU time avg     CUDA total %     CUDA total       CUDA time avg    Number of Calls  
------------------------------------  ---------------  ---------------  ---------------  ---------------  ---------------  ---------------  ---------------  ---------------  ---------------  
label-BACKWARD                        12.78%           4.365s           12.81%           4.376s           3.296ms          20.16%           15.776s          11.880ms         1328             
CudnnRnnBackward                      0.15%            51.313ms         7.73%            2.639s           1.987ms          13.35%           10.449s          7.868ms          1328             
_cudnn_rnn_backward                   7.58%            2.588s           7.58%            2.588s           1.949ms          13.35%           10.445s          7.865ms          1328             
label-FORWARD                         0.95%            324.099ms        8.14%            2.779s           2.092ms          10.61%           8.299s           6.250ms          1328             
lstm                                  0.19%            65.981ms         6.09%            2.080s           1.566ms          7.56%            5.917s           4.456ms          1328             
_cudnn_rnn                            5.76%            1.967s           5.76%            1.967s           1.481ms          7.49%            5.858s           4.411ms          1328             
AddmmBackward                         0.12%            42.614ms         0.47%            160.980ms        121.220us        4.82%            3.774s           2.842ms          1328             
mm                                    0.26%            87.328ms         0.26%            87.328ms         32.879us         4.79%            3.750s           1.412ms          2656             
addmm                                 0.24%            82.846ms         0.24%            82.846ms         62.384us         2.73%            2.139s           1.611ms          1328             
add_                                  2.20%            750.034ms        2.20%            750.034ms        16.615us         2.39%            1.873s           41.482us         45141            
mul_                                  2.18%            745.343ms        2.18%            745.343ms        17.016us         2.06%            1.615s           36.862us         43802            
norm                                  1.45%            495.736ms        1.45%            495.736ms        33.936us         1.61%            1.259s           86.153us         14608            
addcdiv_                              0.77%            262.938ms        0.77%            262.938ms        18.000us         1.18%            920.081ms        62.985us         14608            
torch::autograd::AccumulateGrad       0.47%            160.119ms        1.09%            372.147ms        25.476us         0.90%            701.342ms        48.011us         14608            
addcmul_                              0.73%            249.866ms        0.73%            249.866ms        17.105us         0.88%            692.079ms        47.377us         14608            
div                                   1.04%            353.587ms        1.04%            353.587ms        24.195us         0.72%            560.187ms        38.332us         14614            
sqrt                                  0.97%            331.629ms        0.97%            331.629ms        22.702us         0.66%            516.596ms        35.364us         14608            
item                                  0.31%            106.002ms        58.08%           19.840s          1.357ms          0.58%            454.530ms        31.087us         14621            
_local_scalar_dense                   57.77%           19.734s          57.77%           19.734s          1.350ms          0.48%            372.064ms        25.447us         14621            
log_softmax                           0.04%            13.254ms         0.18%            62.763ms         47.261us         0.40%            311.844ms        234.823us        1328             
LogSoftmaxBackward                    0.06%            19.048ms         0.15%            51.474ms         38.761us         0.40%            310.159ms        233.554us        1328             
_log_softmax                          0.14%            49.509ms         0.14%            49.509ms         37.281us         0.39%            306.025ms        230.440us        1328             
_log_softmax_backward_data            0.09%            32.426ms         0.09%            32.426ms         24.417us         0.39%            303.341ms        228.420us        1328             
zero_                                 0.57%            194.556ms        0.57%            194.556ms        13.328us         0.39%            301.473ms        20.653us         14597            
EmbeddingBackward                     0.04%            15.124ms         0.22%            76.224ms         57.397us         0.18%            141.343ms        106.433us        1328             
embedding_backward                    0.03%            10.455ms         0.18%            61.099ms         46.009us         0.17%            136.888ms        103.078us        1328             
embedding_dense_backward              0.15%            50.644ms         0.15%            50.644ms         38.135us         0.17%            132.492ms        99.768us         1328             
NllLossBackward                       0.08%            28.334ms         0.25%            86.195ms         64.906us         0.15%            113.517ms        85.480us         1328             
nll_loss_backward                     0.17%            57.861ms         0.17%            57.861ms         43.570us         0.14%            106.299ms        80.045us         1328             
sum                                   0.12%            41.943ms         0.12%            41.943ms         31.583us         0.12%            93.705ms         70.561us         1328             
dropout                               0.10%            32.486ms         0.41%            140.956ms        53.071us         0.12%            91.985ms         34.633us         2656             
_fused_dropout                        0.32%            108.470ms        0.32%            108.470ms        40.840us         0.10%            78.911ms         29.710us         2656             
FusedDropoutBackward                  0.09%            31.157ms         0.30%            102.626ms        38.639us         0.07%            51.115ms         19.245us         2656             
nll_loss                              0.03%            11.762ms         0.17%            56.460ms         42.515us         0.06%            47.437ms         35.721us         1328             
embedding                             0.20%            68.914ms         0.20%            68.914ms         51.893us         0.06%            44.279ms         33.343us         1328             
_masked_scale                         0.21%            71.468ms         0.21%            71.468ms         26.908us         0.05%            41.340ms         15.565us         2656             
nll_loss_forward                      0.13%            44.697ms         0.13%            44.697ms         33.658us         0.05%            40.393ms         30.416us         1328             
reshape                               0.15%            51.066ms         0.42%            141.935ms        21.376us         0.05%            37.082ms         5.585us          6640             
ViewBackward                          0.09%            30.202ms         0.30%            102.031ms        25.610us         0.04%            33.015ms         8.287us          3984             
is_floating_point                     0.15%            49.608ms         0.15%            49.608ms         3.395us          0.04%            32.128ms         2.198us          14614            
detach_                               0.14%            47.816ms         0.14%            47.816ms         3.276us          0.04%            27.429ms         1.879us          14597            
view                                  0.41%            140.272ms        0.41%            140.272ms        13.203us         0.02%            19.023ms         1.791us          10624            
_cudnn_init_dropout_state             0.04%            14.440ms         0.04%            14.440ms         14.440ms         0.02%            14.442ms         14.442ms         1                
unsigned short                        0.16%            55.575ms         0.16%            55.575ms         8.370us          0.01%            11.194ms         1.686us          6640             
set_                                  0.04%            12.205ms         0.04%            12.205ms         9.190us          0.01%            6.830ms          5.143us          1328             
TBackward                             0.03%            11.695ms         0.06%            21.056ms         15.855us         0.01%            6.600ms          4.970us          1328             
detach                                0.04%            13.189ms         0.04%            13.189ms         4.949us          0.01%            5.820ms          2.184us          2665             
slice                                 0.06%            21.433ms         0.06%            21.433ms         8.070us          0.01%            5.117ms          1.927us          2656             
profiler::_record_function_enter      0.04%            12.174ms         0.04%            12.174ms         4.584us          0.01%            5.060ms          1.905us          2656             
torch::autograd::GraphRoot            0.04%            13.299ms         0.04%            13.299ms         10.014us         0.01%            4.715ms          3.550us          1328             
profiler::_record_function_exit       0.06%            19.709ms         0.06%            19.709ms         7.420us          0.01%            4.428ms          1.667us          2656             
empty                                 0.04%            14.526ms         0.04%            14.526ms         10.881us         0.01%            3.951ms          2.960us          1335             
cudnn_is_acceptable                   0.02%            6.245ms          0.02%            6.245ms          4.703us          0.00%            3.427ms          2.581us          1328             
to                                    0.00%            198.799us        0.00%            244.226us        40.704us         0.00%            241.000us        40.167us         6                
random_                               0.00%            59.360us         0.00%            59.360us         59.360us         0.00%            59.872us         59.872us         1                
select                                0.00%            63.910us         0.00%            63.910us         10.652us         0.00%            11.500us         1.917us          6                
------------------------------------  ---------------  ---------------  ---------------  ---------------  ---------------  ---------------  ---------------  ---------------  ---------------  
Self CPU time total: 34.158s
CUDA time total: 78.244s

-----------------------------------------------------------------------------------------
| end of epoch   1 | time: 47.29s | valid loss  5.43 | valid ppl   228.61
-----------------------------------------------------------------------------------------
=========================================================================================
| End of training | test loss  5.39 | test ppl   219.71
=========================================================================================
subLSTM
slurmstepd: error: Job 3587668 exceeded memory limit (10685972 > 10240000), being killed
slurmstepd: error: Exceeded job memory limit
slurmstepd: error: *** JOB 3587668 ON gpu15 CANCELLED AT 2020-04-15T18:00:38 ***
