Running on host gpu30.bc4.acrc.priv
Slurm job ID is 3587503
This job runs on the following machines:
gpu30
LSTM
| epoch   1 |   200/ 1327 batches | lr 0.001000 | ms/batch 26.11 | loss  6.56 | ppl   708.63
| epoch   1 |   400/ 1327 batches | lr 0.001000 | ms/batch 26.27 | loss  6.07 | ppl   431.97
| epoch   1 |   600/ 1327 batches | lr 0.001000 | ms/batch 24.56 | loss  5.92 | ppl   373.46
| epoch   1 |   800/ 1327 batches | lr 0.001000 | ms/batch 26.43 | loss  5.76 | ppl   315.81
| epoch   1 |  1000/ 1327 batches | lr 0.001000 | ms/batch 25.48 | loss  5.69 | ppl   295.19
| epoch   1 |  1200/ 1327 batches | lr 0.001000 | ms/batch 25.82 | loss  5.60 | ppl   269.26
------------------------------------  ---------------  ---------------  ---------------  ---------------  ---------------  ---------------  ---------------  ---------------  ---------------  
Name                                  Self CPU total %  Self CPU total   CPU total %      CPU total        CPU time avg     CUDA total %     CUDA total       CUDA time avg    Number of Calls  
------------------------------------  ---------------  ---------------  ---------------  ---------------  ---------------  ---------------  ---------------  ---------------  ---------------  
label-BACKWARD                        16.10%           5.763s           16.14%           5.777s           4.350ms          19.84%           15.835s          11.924ms         1328             
CudnnRnnBackward                      0.19%            69.605ms         9.57%            3.426s           2.580ms          13.14%           10.483s          7.894ms          1328             
_cudnn_rnn_backward                   9.38%            3.356s           9.38%            3.356s           2.527ms          13.13%           10.479s          7.891ms          1328             
label-FORWARD                         1.18%            422.263ms        10.55%           3.775s           2.843ms          10.69%           8.527s           6.421ms          1328             
lstm                                  0.32%            114.134ms        7.91%            2.833s           2.133ms          7.59%            6.055s           4.560ms          1328             
_cudnn_rnn                            7.46%            2.670s           7.46%            2.670s           2.011ms          7.47%            5.959s           4.487ms          1328             
AddmmBackward                         0.15%            52.358ms         0.55%            196.656ms        148.084us        4.72%            3.767s           2.836ms          1328             
mm                                    0.30%            106.612ms        0.30%            106.612ms        40.140us         4.69%            3.743s           1.409ms          2656             
addmm                                 0.32%            115.559ms        0.32%            115.559ms        87.017us         2.71%            2.166s           1.631ms          1328             
add_                                  2.91%            1.041s           2.91%            1.041s           23.053us         2.46%            1.963s           43.489us         45141            
mul_                                  2.82%            1.009s           2.82%            1.009s           23.028us         2.15%            1.717s           39.200us         43802            
norm                                  1.95%            698.076ms        1.95%            698.076ms        47.787us         1.76%            1.405s           96.206us         14608            
addcdiv_                              1.08%            387.207ms        1.08%            387.207ms        26.507us         1.23%            984.223ms        67.376us         14608            
item                                  0.42%            151.991ms        46.83%           16.762s          1.146ms          0.87%            696.283ms        47.622us         14621            
torch::autograd::AccumulateGrad       0.54%            194.821ms        1.29%            463.487ms        31.728us         0.87%            695.946ms        47.641us         14608            
addcmul_                              0.89%            318.952ms        0.89%            318.952ms        21.834us         0.87%            694.870ms        47.568us         14608            
_local_scalar_dense                   46.41%           16.610s          46.41%           16.610s          1.136ms          0.74%            589.672ms        40.331us         14621            
div                                   1.24%            444.130ms        1.24%            444.130ms        30.391us         0.73%            585.452ms        40.061us         14614            
sqrt                                  1.12%            401.200ms        1.12%            401.200ms        27.464us         0.64%            512.423ms        35.078us         14608            
log_softmax                           0.06%            22.434ms         0.27%            95.026ms         71.556us         0.40%            318.550ms        239.872us        1328             
LogSoftmaxBackward                    0.07%            24.943ms         0.18%            65.747ms         49.508us         0.39%            310.843ms        234.068us        1328             
_log_softmax                          0.20%            72.592ms         0.20%            72.592ms         54.663us         0.39%            310.804ms        234.039us        1328             
_log_softmax_backward_data            0.11%            40.804ms         0.11%            40.804ms         30.726us         0.38%            304.544ms        229.325us        1328             
zero_                                 0.60%            215.662ms        0.60%            215.662ms        14.774us         0.32%            251.661ms        17.241us         14597            
EmbeddingBackward                     0.05%            19.591ms         0.28%            98.811ms         74.406us         0.18%            141.222ms        106.342us        1328             
embedding_backward                    0.04%            13.709ms         0.22%            79.219ms         59.653us         0.17%            137.115ms        103.249us        1328             
embedding_dense_backward              0.18%            65.510ms         0.18%            65.510ms         49.330us         0.17%            132.969ms        100.127us        1328             
NllLossBackward                       0.10%            35.705ms         0.30%            108.935ms        82.030us         0.14%            114.066ms        85.893us         1328             
nll_loss_backward                     0.20%            73.231ms         0.20%            73.231ms         55.144us         0.13%            107.077ms        80.630us         1328             
dropout                               0.14%            48.339ms         0.51%            181.117ms        68.192us         0.13%            102.159ms        38.463us         2656             
sum                                   0.15%            54.610ms         0.15%            54.610ms         41.122us         0.12%            92.396ms         69.575us         1328             
_fused_dropout                        0.37%            132.778ms        0.37%            132.778ms        49.992us         0.10%            81.508ms         30.688us         2656             
is_floating_point                     0.29%            102.400ms        0.29%            102.400ms        7.007us          0.08%            63.568ms         4.350us          14614            
nll_loss                              0.07%            24.044ms         0.28%            99.504ms         74.928us         0.08%            59.949ms         45.142us         1328             
FusedDropoutBackward                  0.12%            41.587ms         0.37%            132.877ms        50.029us         0.06%            51.485ms         19.384us         2656             
embedding                             0.26%            93.716ms         0.26%            93.716ms         70.570us         0.06%            50.568ms         38.078us         1328             
reshape                               0.21%            74.152ms         0.58%            206.050ms        31.032us         0.06%            48.889ms         7.363us          6640             
nll_loss_forward                      0.21%            75.460ms         0.21%            75.460ms         56.822us         0.06%            48.462ms         36.492us         1328             
_masked_scale                         0.26%            91.291ms         0.26%            91.291ms         34.371us         0.05%            42.164ms         15.875us         2656             
view                                  0.55%            196.593ms        0.55%            196.593ms        18.505us         0.04%            34.963ms         3.291us          10624            
ViewBackward                          0.11%            37.876ms         0.36%            129.665ms        32.546us         0.04%            30.880ms         7.751us          3984             
detach_                               0.19%            69.765ms         0.19%            69.765ms         4.779us          0.03%            25.164ms         1.724us          14597            
_cudnn_init_dropout_state             0.05%            17.586ms         0.05%            17.586ms         17.586ms         0.02%            17.590ms         17.590ms         1                
unsigned short                        0.22%            77.950ms         0.22%            77.950ms         11.740us         0.02%            17.342ms         2.612us          6640             
set_                                  0.03%            12.260ms         0.03%            12.260ms         9.232us          0.01%            8.297ms          6.248us          1328             
empty                                 0.03%            10.764ms         0.03%            10.764ms         8.063us          0.01%            7.095ms          5.315us          1335             
TBackward                             0.04%            14.200ms         0.07%            26.366ms         19.854us         0.01%            6.209ms          4.675us          1328             
detach                                0.05%            16.451ms         0.05%            16.451ms         6.173us          0.01%            5.681ms          2.132us          2665             
cudnn_is_acceptable                   0.02%            8.045ms          0.02%            8.045ms          6.058us          0.01%            5.423ms          4.084us          1328             
profiler::_record_function_enter      0.05%            16.812ms         0.05%            16.812ms         6.330us          0.01%            5.150ms          1.939us          2656             
slice                                 0.08%            27.745ms         0.08%            27.745ms         10.446us         0.01%            4.750ms          1.788us          2656             
torch::autograd::GraphRoot            0.04%            15.663ms         0.04%            15.663ms         11.795us         0.01%            4.529ms          3.410us          1328             
profiler::_record_function_exit       0.07%            23.332ms         0.07%            23.332ms         8.784us          0.01%            4.177ms          1.573us          2656             
to                                    0.00%            292.831us        0.00%            357.687us        59.615us         0.00%            357.500us        59.583us         6                
random_                               0.00%            60.980us         0.00%            60.980us         60.980us         0.00%            61.087us         61.087us         1                
select                                0.00%            99.955us         0.00%            99.955us         16.659us         0.00%            8.500us          1.417us          6                
------------------------------------  ---------------  ---------------  ---------------  ---------------  ---------------  ---------------  ---------------  ---------------  ---------------  
Self CPU time total: 35.794s
CUDA time total: 79.806s

-----------------------------------------------------------------------------------------
| end of epoch   1 | time: 51.73s | valid loss  5.43 | valid ppl   228.61
-----------------------------------------------------------------------------------------
=========================================================================================
| End of training | test loss  5.39 | test ppl   219.71
=========================================================================================
subLSTM
slurmstepd: error: Job 3587503 exceeded memory limit (5084772 > 4096000), being killed
slurmstepd: error: Exceeded job memory limit
slurmstepd: error: *** JOB 3587503 ON gpu30 CANCELLED AT 2020-04-15T17:46:52 ***
