Running on host gpu16.bc4.acrc.priv
Slurm job ID is 3604176
This job runs on the following machines:
gpu16
Obtaining file:///mnt/storage/home/mk17486/neural-networks/pytorch-subLSTM
Requirement already satisfied: numpy in /mnt/storage/home/mk17486/.local/lib/python3.7/site-packages (from torch-sublstm==0.1.0) (1.18.1)
Requirement already satisfied: torch in /mnt/storage/home/mk17486/.local/lib/python3.7/site-packages (from torch-sublstm==0.1.0) (1.4.0)
Installing collected packages: torch-sublstm
  Found existing installation: torch-sublstm 0.1.0
    Uninstalling torch-sublstm-0.1.0:
      Successfully uninstalled torch-sublstm-0.1.0
  Running setup.py develop for torch-sublstm
    ERROR: Complete output from command /mnt/storage/software/languages/miniconda/miniconda3/bin/python -c 'import setuptools, tokenize;__file__='"'"'/mnt/storage/home/mk17486/neural-networks/pytorch-subLSTM/setup.py'"'"';f=getattr(tokenize, '"'"'open'"'"', open)(__file__);code=f.read().replace('"'"'\r\n'"'"', '"'"'\n'"'"');f.close();exec(compile(code, __file__, '"'"'exec'"'"'))' develop --no-deps --user --prefix=:
    ERROR: running develop
    running egg_info
    writing src/torch_sublstm.egg-info/PKG-INFO
    writing dependency_links to src/torch_sublstm.egg-info/dependency_links.txt
    writing requirements to src/torch_sublstm.egg-info/requires.txt
    writing top-level names to src/torch_sublstm.egg-info/top_level.txt
    reading manifest file 'src/torch_sublstm.egg-info/SOURCES.txt'
    writing manifest file 'src/torch_sublstm.egg-info/SOURCES.txt'
    running build_ext
    building 'sublstm_cuda' extension
    gcc -pthread -B /mnt/storage/software/languages/miniconda/miniconda3/compiler_compat -Wl,--sysroot=/ -Wsign-compare -DNDEBUG -g -fwrapv -O3 -Wall -Wstrict-prototypes -fPIC -I/mnt/storage/home/mk17486/.local/lib/python3.7/site-packages/torch/include -I/mnt/storage/home/mk17486/.local/lib/python3.7/site-packages/torch/include/torch/csrc/api/include -I/mnt/storage/home/mk17486/.local/lib/python3.7/site-packages/torch/include/TH -I/mnt/storage/home/mk17486/.local/lib/python3.7/site-packages/torch/include/THC -I/mnt/storage/software/libraries/nvidia/cuda-10.0/include -I/mnt/storage/software/languages/miniconda/miniconda3/include/python3.7m -c src/subLSTM/basic/sublstm.cpp -o build/temp.linux-x86_64-3.7/src/subLSTM/basic/sublstm.o -DTORCH_API_INCLUDE_EXTENSION_H -DTORCH_EXTENSION_NAME=sublstm_cuda -D_GLIBCXX_USE_CXX11_ABI=0 -std=c++11
    cc1plus: warning: command line option '-Wstrict-prototypes' is valid for C/ObjC but not for C++
    src/subLSTM/basic/sublstm.cpp: In static member function 'static torch::autograd::tensor_list SubLSTMFunction::backward(torch::autograd::AutogradContext*, torch::autograd::tensor_list)':
    src/subLSTM/basic/sublstm.cpp:182:85: error: too few arguments to function 'std::vector<at::Tensor> backward_sublstm(at::Tensor, at::Tensor, at::Tensor, at::Tensor, at::Tensor, at::Tensor, at::Tensor, at::Tensor, at::Tensor, at::Tensor, at::Tensor)'
               saved_vars[2], saved_vars[3], saved_vars[4], saved_vars[5], saved_vars[6] );
                                                                                         ^
    src/subLSTM/basic/sublstm.cpp:53:28: note: declared here
     std::vector<torch::Tensor> backward_sublstm(
                                ^
    src/subLSTM/basic/sublstm.cpp:191:64: error: could not convert '{d_input, d_weights, d_bias, d_old_h, d_old_cell}' from '<brace-enclosed initializer list>' to 'torch::autograd::tensor_list {aka std::vector<at::Tensor>}'
             return {d_input, d_weights, d_bias, d_old_h, d_old_cell}; //, X, gate_weights};
                                                                    ^
    In file included from /mnt/storage/home/mk17486/.local/lib/python3.7/site-packages/torch/include/ATen/core/ivalue.h:651:0,
                     from /mnt/storage/home/mk17486/.local/lib/python3.7/site-packages/torch/include/ATen/core/jit_type.h:6,
                     from /mnt/storage/home/mk17486/.local/lib/python3.7/site-packages/torch/include/ATen/core/function_schema.h:4,
                     from /mnt/storage/home/mk17486/.local/lib/python3.7/site-packages/torch/include/ATen/core/dispatch/DispatchTable.h:3,
                     from /mnt/storage/home/mk17486/.local/lib/python3.7/site-packages/torch/include/ATen/core/dispatch/OperatorEntry.h:3,
                     from /mnt/storage/home/mk17486/.local/lib/python3.7/site-packages/torch/include/ATen/core/dispatch/Dispatcher.h:3,
                     from /mnt/storage/home/mk17486/.local/lib/python3.7/site-packages/torch/include/ATen/core/TensorMethods.h:10,
                     from /mnt/storage/home/mk17486/.local/lib/python3.7/site-packages/torch/include/ATen/Tensor.h:12,
                     from /mnt/storage/home/mk17486/.local/lib/python3.7/site-packages/torch/include/ATen/Context.h:4,
                     from /mnt/storage/home/mk17486/.local/lib/python3.7/site-packages/torch/include/ATen/ATen.h:5,
                     from /mnt/storage/home/mk17486/.local/lib/python3.7/site-packages/torch/include/torch/csrc/api/include/torch/types.h:3,
                     from /mnt/storage/home/mk17486/.local/lib/python3.7/site-packages/torch/include/torch/csrc/api/include/torch/data/dataloader_options.h:4,
                     from /mnt/storage/home/mk17486/.local/lib/python3.7/site-packages/torch/include/torch/csrc/api/include/torch/data/dataloader/base.h:3,
                     from /mnt/storage/home/mk17486/.local/lib/python3.7/site-packages/torch/include/torch/csrc/api/include/torch/data/dataloader/stateful.h:3,
                     from /mnt/storage/home/mk17486/.local/lib/python3.7/site-packages/torch/include/torch/csrc/api/include/torch/data/dataloader.h:3,
                     from /mnt/storage/home/mk17486/.local/lib/python3.7/site-packages/torch/include/torch/csrc/api/include/torch/data.h:3,
                     from /mnt/storage/home/mk17486/.local/lib/python3.7/site-packages/torch/include/torch/csrc/api/include/torch/all.h:4,
                     from src/subLSTM/basic/sublstm.cpp:6:
    /mnt/storage/home/mk17486/.local/lib/python3.7/site-packages/torch/include/ATen/core/ivalue_inl.h: In instantiation of 'struct c10::ivalue::detail::has_constructor<std::vector<at::Tensor>, void>':
    /mnt/storage/home/mk17486/.local/lib/python3.7/site-packages/torch/include/ATen/core/ivalue_inl.h:844:23:   required from 'c10::IValue c10::ivalue::from(T) [with T = std::vector<at::Tensor>]'
    /mnt/storage/home/mk17486/.local/lib/python3.7/site-packages/torch/include/ATen/core/boxing/kernel_functor.h:184:29:   required from 'c10::IValue c10::detail::return_to_ivalue(T&&) [with T = std::vector<at::Tensor>; bool AllowDeprecatedTypes = true]'
    /mnt/storage/home/mk17486/.local/lib/python3.7/site-packages/torch/include/ATen/core/boxing/kernel_functor.h:208:82:   required from 'static void c10::detail::push_outputs<OutputType, AllowDeprecatedTypes>::call(OutputType&&, c10::Stack*) [with OutputType = std::vector<at::Tensor>; bool AllowDeprecatedTypes = true; c10::Stack = std::vector<c10::IValue, std::allocator<c10::IValue> >]'
    /mnt/storage/home/mk17486/.local/lib/python3.7/site-packages/torch/include/ATen/core/boxing/kernel_functor.h:236:115:   required from 'static void c10::detail::wrap_kernel_functor_boxed<KernelFunctor, AllowDeprecatedTypes, typename std::enable_if<(! std::is_same<void, typename c10::guts::infer_function_traits<Functor>::type::return_type>::value), void>::type>::call(c10::OperatorKernel*, c10::Stack*) [with KernelFunctor = c10::detail::WrapRuntimeKernelFunctor_<std::vector<at::Tensor> (*)(at::Tensor, at::Tensor, at::Tensor, at::Tensor, at::Tensor, at::Tensor, at::Tensor, at::Tensor, at::Tensor, at::Tensor, at::Tensor), std::vector<at::Tensor>, c10::guts::typelist::typelist<at::Tensor, at::Tensor, at::Tensor, at::Tensor, at::Tensor, at::Tensor, at::Tensor, at::Tensor, at::Tensor, at::Tensor, at::Tensor> >; bool AllowDeprecatedTypes = true; c10::Stack = std::vector<c10::IValue, std::allocator<c10::IValue> >]'
    /mnt/storage/home/mk17486/.local/lib/python3.7/site-packages/torch/include/ATen/core/boxing/KernelFunction.h:172:7:   required from 'static c10::KernelFunction c10::KernelFunction::makeFromUnboxedFunctor(std::unique_ptr<c10::OperatorKernel>) [with bool AllowLegacyTypes = true; KernelFunctor = c10::detail::WrapRuntimeKernelFunctor_<std::vector<at::Tensor> (*)(at::Tensor, at::Tensor, at::Tensor, at::Tensor, at::Tensor, at::Tensor, at::Tensor, at::Tensor, at::Tensor, at::Tensor, at::Tensor), std::vector<at::Tensor>, c10::guts::typelist::typelist<at::Tensor, at::Tensor, at::Tensor, at::Tensor, at::Tensor, at::Tensor, at::Tensor, at::Tensor, at::Tensor, at::Tensor, at::Tensor> >]'
    /mnt/storage/home/mk17486/.local/lib/python3.7/site-packages/torch/include/ATen/core/boxing/KernelFunction.h:313:111:   required from 'static c10::KernelFunction c10::KernelFunction::makeFromUnboxedRuntimeFunction(FuncType*) [with bool AllowLegacyTypes = true; FuncType = std::vector<at::Tensor>(at::Tensor, at::Tensor, at::Tensor, at::Tensor, at::Tensor, at::Tensor, at::Tensor, at::Tensor, at::Tensor, at::Tensor, at::Tensor)]'
    /mnt/storage/home/mk17486/.local/lib/python3.7/site-packages/torch/include/ATen/core/op_registration/op_registration.h:517:72:   required from 'c10::guts::enable_if_t<(c10::guts::is_function_type<T>::value && (! std::is_same<FuncType, void(c10::OperatorKernel*, std::vector<c10::IValue, std::allocator<c10::IValue> >*)>::value)), c10::RegisterOperators&&> c10::RegisterOperators::op(const string&, FuncType*, c10::RegisterOperators::Options&&) && [with FuncType = std::vector<at::Tensor>(at::Tensor, at::Tensor, at::Tensor, at::Tensor, at::Tensor, at::Tensor, at::Tensor, at::Tensor, at::Tensor, at::Tensor, at::Tensor); c10::guts::enable_if_t<(c10::guts::is_function_type<T>::value && (! std::is_same<FuncType, void(c10::OperatorKernel*, std::vector<c10::IValue, std::allocator<c10::IValue> >*)>::value)), c10::RegisterOperators&&> = c10::RegisterOperators&&; std::string = std::basic_string<char>]'
    src/subLSTM/basic/sublstm.cpp:210:51:   required from here
    /mnt/storage/home/mk17486/.local/lib/python3.7/site-packages/torch/include/ATen/core/ivalue_inl.h:815:19: warning: 'c10::IValue::IValue(std::vector<at::Tensor>)' is deprecated [-Wdeprecated-declarations]
     >: std::true_type {};
                       ^
    /mnt/storage/home/mk17486/.local/lib/python3.7/site-packages/torch/include/ATen/core/ivalue_inl.h:700:8: note: declared here
     inline IValue::IValue(std::vector<at::Tensor> v)
            ^
    /mnt/storage/home/mk17486/.local/lib/python3.7/site-packages/torch/include/ATen/core/ivalue_inl.h:815:19: warning: 'c10::IValue::IValue(std::vector<at::Tensor>)' is deprecated [-Wdeprecated-declarations]
     >: std::true_type {};
                       ^
    /mnt/storage/home/mk17486/.local/lib/python3.7/site-packages/torch/include/ATen/core/ivalue_inl.h:700:8: note: declared here
     inline IValue::IValue(std::vector<at::Tensor> v)
            ^
    /mnt/storage/home/mk17486/.local/lib/python3.7/site-packages/torch/include/ATen/core/ivalue_inl.h: In instantiation of 'c10::IValue c10::ivalue::detail::from_(T, std::true_type) [with T = std::vector<at::Tensor>; std::true_type = std::integral_constant<bool, true>]':
    /mnt/storage/home/mk17486/.local/lib/python3.7/site-packages/torch/include/ATen/core/ivalue_inl.h:844:23:   required from 'c10::IValue c10::ivalue::from(T) [with T = std::vector<at::Tensor>]'
    /mnt/storage/home/mk17486/.local/lib/python3.7/site-packages/torch/include/ATen/core/boxing/kernel_functor.h:184:29:   required from 'c10::IValue c10::detail::return_to_ivalue(T&&) [with T = std::vector<at::Tensor>; bool AllowDeprecatedTypes = true]'
    /mnt/storage/home/mk17486/.local/lib/python3.7/site-packages/torch/include/ATen/core/boxing/kernel_functor.h:208:82:   required from 'static void c10::detail::push_outputs<OutputType, AllowDeprecatedTypes>::call(OutputType&&, c10::Stack*) [with OutputType = std::vector<at::Tensor>; bool AllowDeprecatedTypes = true; c10::Stack = std::vector<c10::IValue, std::allocator<c10::IValue> >]'
    /mnt/storage/home/mk17486/.local/lib/python3.7/site-packages/torch/include/ATen/core/boxing/kernel_functor.h:236:115:   required from 'static void c10::detail::wrap_kernel_functor_boxed<KernelFunctor, AllowDeprecatedTypes, typename std::enable_if<(! std::is_same<void, typename c10::guts::infer_function_traits<Functor>::type::return_type>::value), void>::type>::call(c10::OperatorKernel*, c10::Stack*) [with KernelFunctor = c10::detail::WrapRuntimeKernelFunctor_<std::vector<at::Tensor> (*)(at::Tensor, at::Tensor, at::Tensor, at::Tensor, at::Tensor, at::Tensor, at::Tensor, at::Tensor, at::Tensor, at::Tensor, at::Tensor), std::vector<at::Tensor>, c10::guts::typelist::typelist<at::Tensor, at::Tensor, at::Tensor, at::Tensor, at::Tensor, at::Tensor, at::Tensor, at::Tensor, at::Tensor, at::Tensor, at::Tensor> >; bool AllowDeprecatedTypes = true; c10::Stack = std::vector<c10::IValue, std::allocator<c10::IValue> >]'
    /mnt/storage/home/mk17486/.local/lib/python3.7/site-packages/torch/include/ATen/core/boxing/KernelFunction.h:172:7:   required from 'static c10::KernelFunction c10::KernelFunction::makeFromUnboxedFunctor(std::unique_ptr<c10::OperatorKernel>) [with bool AllowLegacyTypes = true; KernelFunctor = c10::detail::WrapRuntimeKernelFunctor_<std::vector<at::Tensor> (*)(at::Tensor, at::Tensor, at::Tensor, at::Tensor, at::Tensor, at::Tensor, at::Tensor, at::Tensor, at::Tensor, at::Tensor, at::Tensor), std::vector<at::Tensor>, c10::guts::typelist::typelist<at::Tensor, at::Tensor, at::Tensor, at::Tensor, at::Tensor, at::Tensor, at::Tensor, at::Tensor, at::Tensor, at::Tensor, at::Tensor> >]'
    /mnt/storage/home/mk17486/.local/lib/python3.7/site-packages/torch/include/ATen/core/boxing/KernelFunction.h:313:111:   required from 'static c10::KernelFunction c10::KernelFunction::makeFromUnboxedRuntimeFunction(FuncType*) [with bool AllowLegacyTypes = true; FuncType = std::vector<at::Tensor>(at::Tensor, at::Tensor, at::Tensor, at::Tensor, at::Tensor, at::Tensor, at::Tensor, at::Tensor, at::Tensor, at::Tensor, at::Tensor)]'
    /mnt/storage/home/mk17486/.local/lib/python3.7/site-packages/torch/include/ATen/core/op_registration/op_registration.h:517:72:   required from 'c10::guts::enable_if_t<(c10::guts::is_function_type<T>::value && (! std::is_same<FuncType, void(c10::OperatorKernel*, std::vector<c10::IValue, std::allocator<c10::IValue> >*)>::value)), c10::RegisterOperators&&> c10::RegisterOperators::op(const string&, FuncType*, c10::RegisterOperators::Options&&) && [with FuncType = std::vector<at::Tensor>(at::Tensor, at::Tensor, at::Tensor, at::Tensor, at::Tensor, at::Tensor, at::Tensor, at::Tensor, at::Tensor, at::Tensor, at::Tensor); c10::guts::enable_if_t<(c10::guts::is_function_type<T>::value && (! std::is_same<FuncType, void(c10::OperatorKernel*, std::vector<c10::IValue, std::allocator<c10::IValue> >*)>::value)), c10::RegisterOperators&&> = c10::RegisterOperators&&; std::string = std::basic_string<char>]'
    src/subLSTM/basic/sublstm.cpp:210:51:   required from here
    /mnt/storage/home/mk17486/.local/lib/python3.7/site-packages/torch/include/ATen/core/ivalue_inl.h:819:18: warning: 'c10::IValue::IValue(std::vector<at::Tensor>)' is deprecated [-Wdeprecated-declarations]
       return IValue(x);
                      ^
    /mnt/storage/home/mk17486/.local/lib/python3.7/site-packages/torch/include/ATen/core/ivalue_inl.h:700:8: note: declared here
     inline IValue::IValue(std::vector<at::Tensor> v)
            ^
    /mnt/storage/home/mk17486/.local/lib/python3.7/site-packages/torch/include/ATen/core/ivalue_inl.h: In instantiation of 'T c10::IValue::to() && [with T = std::vector<at::Tensor>]':
    /mnt/storage/home/mk17486/.local/lib/python3.7/site-packages/torch/include/ATen/core/boxing/kernel_functor.h:178:31:   required from 'T c10::detail::ivalue_to_arg(c10::IValue&&) [with T = std::vector<at::Tensor>; bool AllowDeprecatedTypes = true]'
    /mnt/storage/home/mk17486/.local/lib/python3.7/site-packages/torch/include/ATen/core/boxing/kernel_functor.h:194:166:   required from 'typename c10::guts::infer_function_traits<Functor>::type::return_type c10::detail::call_functor_with_args_from_stack_(Functor*, c10::Stack*, c10::guts::index_sequence<INDEX ...>) [with Functor = c10::detail::WrapRuntimeKernelFunctor_<std::vector<at::Tensor> (*)(at::Tensor, at::Tensor, at::Tensor, at::Tensor, at::Tensor, std::vector<at::Tensor>), std::vector<at::Tensor>, c10::guts::typelist::typelist<at::Tensor, at::Tensor, at::Tensor, at::Tensor, at::Tensor, std::vector<at::Tensor, std::allocator<at::Tensor> > > >; bool AllowDeprecatedTypes = true; long unsigned int ...ivalue_arg_indices = {0ul, 1ul, 2ul, 3ul, 4ul, 5ul}; typename c10::guts::infer_function_traits<Functor>::type::return_type = std::vector<at::Tensor>; c10::Stack = std::vector<c10::IValue, std::allocator<c10::IValue> >; c10::guts::index_sequence<INDEX ...> = c10::guts::integer_sequence<long unsigned int, 0ul, 1ul, 2ul, 3ul, 4ul, 5ul>]'
    /mnt/storage/home/mk17486/.local/lib/python3.7/site-packages/torch/include/ATen/core/boxing/kernel_functor.h:202:77:   required from 'typename c10::guts::infer_function_traits<Functor>::type::return_type c10::detail::call_functor_with_args_from_stack(Functor*, c10::Stack*) [with Functor = c10::detail::WrapRuntimeKernelFunctor_<std::vector<at::Tensor> (*)(at::Tensor, at::Tensor, at::Tensor, at::Tensor, at::Tensor, std::vector<at::Tensor>), std::vector<at::Tensor>, c10::guts::typelist::typelist<at::Tensor, at::Tensor, at::Tensor, at::Tensor, at::Tensor, std::vector<at::Tensor, std::allocator<at::Tensor> > > >; bool AllowDeprecatedTypes = true; typename c10::guts::infer_function_traits<Functor>::type::return_type = std::vector<at::Tensor>; c10::Stack = std::vector<c10::IValue, std::allocator<c10::IValue> >]'
    /mnt/storage/home/mk17486/.local/lib/python3.7/site-packages/torch/include/ATen/core/boxing/kernel_functor.h:234:91:   required from 'static void c10::detail::wrap_kernel_functor_boxed<KernelFunctor, AllowDeprecatedTypes, typename std::enable_if<(! std::is_same<void, typename c10::guts::infer_function_traits<Functor>::type::return_type>::value), void>::type>::call(c10::OperatorKernel*, c10::Stack*) [with KernelFunctor = c10::detail::WrapRuntimeKernelFunctor_<std::vector<at::Tensor> (*)(at::Tensor, at::Tensor, at::Tensor, at::Tensor, at::Tensor, std::vector<at::Tensor>), std::vector<at::Tensor>, c10::guts::typelist::typelist<at::Tensor, at::Tensor, at::Tensor, at::Tensor, at::Tensor, std::vector<at::Tensor, std::allocator<at::Tensor> > > >; bool AllowDeprecatedTypes = true; c10::Stack = std::vector<c10::IValue, std::allocator<c10::IValue> >]'
    /mnt/storage/home/mk17486/.local/lib/python3.7/site-packages/torch/include/ATen/core/boxing/KernelFunction.h:172:7:   required from 'static c10::KernelFunction c10::KernelFunction::makeFromUnboxedFunctor(std::unique_ptr<c10::OperatorKernel>) [with bool AllowLegacyTypes = true; KernelFunctor = c10::detail::WrapRuntimeKernelFunctor_<std::vector<at::Tensor> (*)(at::Tensor, at::Tensor, at::Tensor, at::Tensor, at::Tensor, std::vector<at::Tensor>), std::vector<at::Tensor>, c10::guts::typelist::typelist<at::Tensor, at::Tensor, at::Tensor, at::Tensor, at::Tensor, std::vector<at::Tensor, std::allocator<at::Tensor> > > >]'
    /mnt/storage/home/mk17486/.local/lib/python3.7/site-packages/torch/include/ATen/core/boxing/KernelFunction.h:313:111:   required from 'static c10::KernelFunction c10::KernelFunction::makeFromUnboxedRuntimeFunction(FuncType*) [with bool AllowLegacyTypes = true; FuncType = std::vector<at::Tensor>(at::Tensor, at::Tensor, at::Tensor, at::Tensor, at::Tensor, std::vector<at::Tensor>)]'
    /mnt/storage/home/mk17486/.local/lib/python3.7/site-packages/torch/include/ATen/core/op_registration/op_registration.h:517:72:   required from 'c10::guts::enable_if_t<(c10::guts::is_function_type<T>::value && (! std::is_same<FuncType, void(c10::OperatorKernel*, std::vector<c10::IValue, std::allocator<c10::IValue> >*)>::value)), c10::RegisterOperators&&> c10::RegisterOperators::op(const string&, FuncType*, c10::RegisterOperators::Options&&) && [with FuncType = std::vector<at::Tensor>(at::Tensor, at::Tensor, at::Tensor, at::Tensor, at::Tensor, std::vector<at::Tensor>); c10::guts::enable_if_t<(c10::guts::is_function_type<T>::value && (! std::is_same<FuncType, void(c10::OperatorKernel*, std::vector<c10::IValue, std::allocator<c10::IValue> >*)>::value)), c10::RegisterOperators&&> = c10::RegisterOperators&&; std::string = std::basic_string<char>]'
    src/subLSTM/basic/sublstm.cpp:211:45:   required from here
    /mnt/storage/home/mk17486/.local/lib/python3.7/site-packages/torch/include/ATen/core/ivalue_inl.h:570:20: warning: 'std::vector<T> c10::generic_to(c10::IValue, c10::_fake_type<std::vector<T> >) [with Elem = at::Tensor]' is deprecated [-Wdeprecated-declarations]
       return generic_to(std::move(*this), _fake_type<T>{});
                        ^
    /mnt/storage/home/mk17486/.local/lib/python3.7/site-packages/torch/include/ATen/core/ivalue_inl.h:474:19: note: declared here
     std::vector<Elem> generic_to(
                       ^
    error: command 'gcc' failed with exit status 1
    ----------------------------------------
  Rolling back uninstall of torch-sublstm
  Moving to /mnt/storage/home/mk17486/.local/lib/python3.7/site-packages/torch-sublstm.egg-link
   from /tmp/pip-uninstall-p4k19jbs/torch-sublstm.egg-link
ERROR: Command "/mnt/storage/software/languages/miniconda/miniconda3/bin/python -c 'import setuptools, tokenize;__file__='"'"'/mnt/storage/home/mk17486/neural-networks/pytorch-subLSTM/setup.py'"'"';f=getattr(tokenize, '"'"'open'"'"', open)(__file__);code=f.read().replace('"'"'\r\n'"'"', '"'"'\n'"'"');f.close();exec(compile(code, __file__, '"'"'exec'"'"'))' develop --no-deps --user --prefix=" failed with error code 1 in /mnt/storage/home/mk17486/neural-networks/pytorch-subLSTM/
subLSTMCuda
Traceback (most recent call last):
  File "main.py", line 98, in <module>
    model = model.RNNModel(args.model, ntokens, args.emsize, args.nhid, args.nlayers, args.dropout, args.tied, args.batch_size)
  File "/mnt/storage/home/mk17486/neural-networks/pytorch-subLSTM/tasks/word_language_model/model.py", line 37, in __init__
    batch_size=batch_size)
  File "../../src/subLSTM/basic/nn.py", line 240, in __init__
    traced_layer = torch.jit.script(layer_type(layer_in_size, layer_out_size, bias)).cuda()
  File "/mnt/storage/home/mk17486/.local/lib/python3.7/site-packages/torch/jit/__init__.py", line 1255, in script
    return torch.jit._recursive.recursive_script(obj)
  File "/mnt/storage/home/mk17486/.local/lib/python3.7/site-packages/torch/jit/_recursive.py", line 534, in recursive_script
    return create_script_module(nn_module, infer_methods_to_compile(nn_module))
  File "/mnt/storage/home/mk17486/.local/lib/python3.7/site-packages/torch/jit/_recursive.py", line 296, in create_script_module
    return create_script_module_impl(nn_module, concrete_type, cpp_module, stubs)
  File "/mnt/storage/home/mk17486/.local/lib/python3.7/site-packages/torch/jit/_recursive.py", line 340, in create_script_module_impl
    create_methods_from_stubs(concrete_type, stubs)
  File "/mnt/storage/home/mk17486/.local/lib/python3.7/site-packages/torch/jit/_recursive.py", line 259, in create_methods_from_stubs
    concrete_type._create_methods(defs, rcbs, defaults)
RuntimeError: 

sublstm::apply(Tensor _0, Tensor _1, Tensor _2, Tensor _3, Tensor _4, Tensor _5, Tensor _6) -> (Tensor[] _0):
Expected a value of type 'Tensor' for argument '_5' but instead found type 'List[Tensor]'.
Empty lists default to List[Tensor]. Add a variable annotation to the assignment to create an empty list of another type (torch.jit.annotate(List[T, []]) where T is the type of elements in the list for Python 2)
:
  File "../../src/subLSTM/basic/nn.py", line 106
        print(input.requires_grad, self.weights.requires_grad, self.bias.requires_grad, old_h.requires_grad, old_cell.requires_grad, X.requires_grad, gate_weights.requires_grad)
        # still need to pass in all parameters so they can be saved for the backwards pass
        new_h, new_cell = torch.ops.sublstm.apply(input, self.weights, self.bias, old_h, old_cell, [X, gate_weights])
                          ~~~~~~~~~~~~~~~~~~~~~~~ <--- HERE
        return new_h, new_cell

