Running on host gpu32.bc4.acrc.priv
Slurm job ID is 3602199
This job runs on the following machines:
gpu32
Obtaining file:///mnt/storage/home/mk17486/neural-networks/pytorch-subLSTM
Requirement already satisfied: numpy in /mnt/storage/home/mk17486/.local/lib/python3.7/site-packages (from torch-sublstm==0.1.0) (1.18.1)
Requirement already satisfied: torch in /mnt/storage/home/mk17486/.local/lib/python3.7/site-packages (from torch-sublstm==0.1.0) (1.4.0)
Installing collected packages: torch-sublstm
  Found existing installation: torch-sublstm 0.1.0
    Uninstalling torch-sublstm-0.1.0:
      Successfully uninstalled torch-sublstm-0.1.0
  Running setup.py develop for torch-sublstm
Successfully installed torch-sublstm
subLSTMCuda
-----------------------------------------------------------------------------------------
| end of epoch   1 | time: 57.79s | valid loss  5.70 | valid ppl   298.39
-----------------------------------------------------------------------------------------
Cannot yet save a CUDA model.Must make subLSTM be entirely traced
-----------------------------------------------------------------------------------------
| end of epoch   2 | time: 57.75s | valid loss  5.57 | valid ppl   263.26
-----------------------------------------------------------------------------------------
Cannot yet save a CUDA model.Must make subLSTM be entirely traced
-----------------------------------------------------------------------------------------
| end of epoch   3 | time: 57.73s | valid loss  5.51 | valid ppl   247.65
-----------------------------------------------------------------------------------------
Cannot yet save a CUDA model.Must make subLSTM be entirely traced
-----------------------------------------------------------------------------------------
| end of epoch   4 | time: 57.74s | valid loss  5.46 | valid ppl   235.13
-----------------------------------------------------------------------------------------
Cannot yet save a CUDA model.Must make subLSTM be entirely traced
-----------------------------------------------------------------------------------------
| end of epoch   5 | time: 57.73s | valid loss  5.41 | valid ppl   223.15
-----------------------------------------------------------------------------------------
Cannot yet save a CUDA model.Must make subLSTM be entirely traced
Traceback (most recent call last):
  File "main.py", line 257, in <module>
    model = torch.load(f)
  File "/mnt/storage/home/mk17486/.local/lib/python3.7/site-packages/torch/serialization.py", line 526, in load
    if _is_zipfile(opened_file):
  File "/mnt/storage/home/mk17486/.local/lib/python3.7/site-packages/torch/serialization.py", line 76, in _is_zipfile
    if ord(magic_byte) != ord(read_byte):
TypeError: ord() expected a character, but string of length 0 found
