Running on host gpu07.bc4.acrc.priv
Slurm job ID is 3575800
This job runs on the following machines:
gpu07
input shape:  torch.Size([35, 20])
input shape:  torch.Size([35, 20])
input shape:  torch.Size([35, 20])
input shape:  torch.Size([35, 20])
input shape:  torch.Size([35, 20])
input shape:  torch.Size([35, 20])
input shape:  torch.Size([35, 20])
input shape:  torch.Size([35, 20])
input shape:  torch.Size([35, 20])
input shape:  torch.Size([35, 20])
input shape:  torch.Size([35, 20])
input shape:  torch.Size([35, 20])
input shape:  torch.Size([35, 20])
input shape:  torch.Size([35, 20])
input shape:  torch.Size([35, 20])
input shape:  torch.Size([35, 20])
input shape:  torch.Size([35, 20])
input shape:  torch.Size([35, 20])
input shape:  torch.Size([35, 20])
input shape:  torch.Size([35, 20])
input shape:  torch.Size([35, 20])
input shape:  torch.Size([35, 20])
input shape:  torch.Size([35, 20])
input shape:  torch.Size([35, 20])
input shape:  torch.Size([35, 20])
input shape:  torch.Size([35, 20])
input shape:  torch.Size([35, 20])
input shape:  torch.Size([35, 20])
input shape:  torch.Size([35, 20])
input shape:  torch.Size([35, 20])
input shape:  torch.Size([35, 20])
input shape:  torch.Size([35, 20])
input shape:  torch.Size([35, 20])
input shape:  torch.Size([35, 20])
input shape:  torch.Size([35, 20])
input shape:  torch.Size([35, 20])
input shape:  torch.Size([35, 20])
input shape:  torch.Size([35, 20])
input shape:  torch.Size([35, 20])
input shape:  torch.Size([35, 20])
input shape:  torch.Size([35, 20])
input shape:  torch.Size([35, 20])
input shape:  torch.Size([35, 20])
input shape:  torch.Size([35, 20])
input shape:  torch.Size([35, 20])
input shape:  torch.Size([35, 20])
input shape:  torch.Size([35, 20])
input shape:  torch.Size([35, 20])
input shape:  torch.Size([35, 20])
input shape:  torch.Size([35, 20])
input shape:  torch.Size([35, 20])
input shape:  torch.Size([35, 20])
input shape:  torch.Size([35, 20])
input shape:  torch.Size([35, 20])
input shape:  torch.Size([35, 20])
input shape:  torch.Size([35, 20])
input shape:  torch.Size([35, 20])
input shape:  torch.Size([35, 20])
input shape:  torch.Size([35, 20])
input shape:  torch.Size([35, 20])
input shape:  torch.Size([35, 20])
input shape:  torch.Size([35, 20])
input shape:  torch.Size([35, 20])
input shape:  torch.Size([35, 20])
input shape:  torch.Size([35, 20])
input shape:  torch.Size([35, 20])
input shape:  torch.Size([35, 20])
input shape:  torch.Size([35, 20])
input shape:  torch.Size([35, 20])
input shape:  torch.Size([35, 20])
input shape:  torch.Size([35, 20])
input shape:  torch.Size([35, 20])
input shape:  torch.Size([35, 20])
input shape:  torch.Size([35, 20])
input shape:  torch.Size([35, 20])
input shape:  torch.Size([35, 20])
input shape:  torch.Size([35, 20])
input shape:  torch.Size([35, 20])
input shape:  torch.Size([35, 20])
input shape:  torch.Size([35, 20])
input shape:  torch.Size([35, 20])
input shape:  torch.Size([35, 20])
input shape:  torch.Size([35, 20])
input shape:  torch.Size([35, 20])
input shape:  torch.Size([35, 20])
input shape:  torch.Size([35, 20])
input shape:  torch.Size([35, 20])
input shape:  torch.Size([35, 20])
input shape:  torch.Size([35, 20])
input shape:  torch.Size([35, 20])
input shape:  torch.Size([35, 20])
input shape:  torch.Size([35, 20])
input shape:  torch.Size([35, 20])
input shape:  torch.Size([35, 20])
input shape:  torch.Size([35, 20])
input shape:  torch.Size([35, 20])
input shape:  torch.Size([35, 20])
input shape:  torch.Size([35, 20])
input shape:  torch.Size([35, 20])
input shape:  torch.Size([35, 20])
input shape:  torch.Size([35, 20])
input shape:  torch.Size([35, 20])
input shape:  torch.Size([35, 20])
input shape:  torch.Size([35, 20])
input shape:  torch.Size([35, 20])
input shape:  torch.Size([35, 20])
input shape:  torch.Size([35, 20])
input shape:  torch.Size([35, 20])
input shape:  torch.Size([35, 20])
input shape:  torch.Size([35, 20])
input shape:  torch.Size([35, 20])
input shape:  torch.Size([35, 20])
input shape:  torch.Size([35, 20])
input shape:  torch.Size([35, 20])
input shape:  torch.Size([35, 20])
input shape:  torch.Size([35, 20])
input shape:  torch.Size([35, 20])
input shape:  torch.Size([35, 20])
input shape:  torch.Size([35, 20])
input shape:  torch.Size([35, 20])
input shape:  torch.Size([35, 20])
input shape:  torch.Size([35, 20])
input shape:  torch.Size([35, 20])
input shape:  torch.Size([35, 20])
input shape:  torch.Size([35, 20])
input shape:  torch.Size([35, 20])
input shape:  torch.Size([35, 20])
input shape:  torch.Size([35, 20])
input shape:  torch.Size([35, 20])
input shape:  torch.Size([35, 20])
input shape:  torch.Size([35, 20])
input shape:  torch.Size([35, 20])
input shape:  torch.Size([35, 20])
input shape:  torch.Size([35, 20])
input shape:  torch.Size([35, 20])
input shape:  torch.Size([35, 20])
input shape:  torch.Size([35, 20])
input shape:  torch.Size([35, 20])
input shape:  torch.Size([35, 20])
input shape:  torch.Size([35, 20])
input shape:  torch.Size([35, 20])
input shape:  torch.Size([35, 20])
input shape:  torch.Size([35, 20])
input shape:  torch.Size([35, 20])
input shape:  torch.Size([35, 20])
input shape:  torch.Size([35, 20])
input shape:  torch.Size([35, 20])
input shape:  torch.Size([35, 20])
input shape:  torch.Size([35, 20])
input shape:  torch.Size([35, 20])
input shape:  torch.Size([35, 20])
input shape:  torch.Size([35, 20])
input shape:  torch.Size([35, 20])
input shape:  torch.Size([35, 20])
input shape:  torch.Size([35, 20])
input shape:  torch.Size([35, 20])
input shape:  torch.Size([35, 20])
input shape:  torch.Size([35, 20])
input shape:  torch.Size([35, 20])
input shape:  torch.Size([35, 20])
input shape:  torch.Size([35, 20])
input shape:  torch.Size([35, 20])
input shape:  torch.Size([35, 20])
input shape:  torch.Size([35, 20])
input shape:  torch.Size([35, 20])
input shape:  torch.Size([35, 20])
input shape:  torch.Size([35, 20])
input shape:  torch.Size([35, 20])
input shape:  torch.Size([35, 20])
input shape:  torch.Size([35, 20])
input shape:  torch.Size([35, 20])
input shape:  torch.Size([35, 20])
input shape:  torch.Size([35, 20])
input shape:  torch.Size([35, 20])
input shape:  torch.Size([35, 20])
input shape:  torch.Size([35, 20])
input shape:  torch.Size([35, 20])
input shape:  torch.Size([35, 20])
input shape:  torch.Size([35, 20])
input shape:  torch.Size([35, 20])
input shape:  torch.Size([35, 20])
input shape:  torch.Size([35, 20])
input shape:  torch.Size([35, 20])
input shape:  torch.Size([35, 20])
input shape:  torch.Size([35, 20])
input shape:  torch.Size([35, 20])
input shape:  torch.Size([35, 20])
input shape:  torch.Size([35, 20])
input shape:  torch.Size([35, 20])
input shape:  torch.Size([35, 20])
input shape:  torch.Size([35, 20])
input shape:  torch.Size([35, 20])
input shape:  torch.Size([35, 20])
input shape:  torch.Size([35, 20])
input shape:  torch.Size([35, 20])
input shape:  torch.Size([35, 20])
input shape:  torch.Size([35, 20])
input shape:  torch.Size([35, 20])
input shape:  torch.Size([35, 20])
input shape:  torch.Size([35, 20])
input shape:  torch.Size([35, 20])
| epoch   1 |   200/ 1327 batches | lr 0.001000 | ms/batch 22.05 | loss  6.80 | ppl   902.02
input shape:  torch.Size([35, 20])
input shape:  torch.Size([35, 20])
input shape:  torch.Size([35, 20])
input shape:  torch.Size([35, 20])
input shape:  torch.Size([35, 20])
input shape:  torch.Size([35, 20])
input shape:  torch.Size([35, 20])
input shape:  torch.Size([35, 20])
input shape:  torch.Size([35, 20])
input shape:  torch.Size([35, 20])
input shape:  torch.Size([35, 20])
input shape:  torch.Size([35, 20])
input shape:  torch.Size([35, 20])
input shape:  torch.Size([35, 20])
input shape:  torch.Size([35, 20])
input shape:  torch.Size([35, 20])
input shape:  torch.Size([35, 20])
input shape:  torch.Size([35, 20])
input shape:  torch.Size([35, 20])
input shape:  torch.Size([35, 20])
input shape:  torch.Size([35, 20])
input shape:  torch.Size([35, 20])
input shape:  torch.Size([35, 20])
input shape:  torch.Size([35, 20])
input shape:  torch.Size([35, 20])
input shape:  torch.Size([35, 20])
input shape:  torch.Size([35, 20])
input shape:  torch.Size([35, 20])
input shape:  torch.Size([35, 20])
input shape:  torch.Size([35, 20])
input shape:  torch.Size([35, 20])
input shape:  torch.Size([35, 20])
input shape:  torch.Size([35, 20])
input shape:  torch.Size([35, 20])
input shape:  torch.Size([35, 20])
input shape:  torch.Size([35, 20])
input shape:  torch.Size([35, 20])
input shape:  torch.Size([35, 20])
input shape:  torch.Size([35, 20])
input shape:  torch.Size([35, 20])
input shape:  torch.Size([35, 20])
input shape:  torch.Size([35, 20])
input shape:  torch.Size([35, 20])
input shape:  torch.Size([35, 20])
input shape:  torch.Size([35, 20])
input shape:  torch.Size([35, 20])
input shape:  torch.Size([35, 20])
input shape:  torch.Size([35, 20])
input shape:  torch.Size([35, 20])
input shape:  torch.Size([35, 20])
input shape:  torch.Size([35, 20])
input shape:  torch.Size([35, 20])
input shape:  torch.Size([35, 20])
input shape:  torch.Size([35, 20])
input shape:  torch.Size([35, 20])
input shape:  torch.Size([35, 20])
input shape:  torch.Size([35, 20])
input shape:  torch.Size([35, 20])
input shape:  torch.Size([35, 20])
input shape:  torch.Size([35, 20])
input shape:  torch.Size([35, 20])
input shape:  torch.Size([35, 20])
input shape:  torch.Size([35, 20])
input shape:  torch.Size([35, 20])
input shape:  torch.Size([35, 20])
input shape:  torch.Size([35, 20])
input shape:  torch.Size([35, 20])
input shape:  torch.Size([35, 20])
input shape:  torch.Size([35, 20])
input shape:  torch.Size([35, 20])
input shape:  torch.Size([35, 20])
input shape:  torch.Size([35, 20])
input shape:  torch.Size([35, 20])
input shape:  torch.Size([35, 20])
input shape:  torch.Size([35, 20])
input shape:  torch.Size([35, 20])
input shape:  torch.Size([35, 20])
input shape:  torch.Size([35, 20])
input shape:  torch.Size([35, 20])
input shape:  torch.Size([35, 20])
input shape:  torch.Size([35, 20])
input shape:  torch.Size([35, 20])
input shape:  torch.Size([35, 20])
input shape:  torch.Size([35, 20])
input shape:  torch.Size([35, 20])
input shape:  torch.Size([35, 20])
input shape:  torch.Size([35, 20])
input shape:  torch.Size([35, 20])
input shape:  torch.Size([35, 20])
input shape:  torch.Size([35, 20])
input shape:  torch.Size([35, 20])
input shape:  torch.Size([35, 20])
input shape:  torch.Size([35, 20])
input shape:  torch.Size([35, 20])
input shape:  torch.Size([35, 20])
input shape:  torch.Size([35, 20])
input shape:  torch.Size([35, 20])
input shape:  torch.Size([35, 20])
input shape:  torch.Size([35, 20])
input shape:  torch.Size([35, 20])
input shape:  torch.Size([35, 20])
input shape:  torch.Size([35, 20])
input shape:  torch.Size([35, 20])
input shape:  torch.Size([35, 20])
input shape:  torch.Size([35, 20])
input shape:  torch.Size([35, 20])
input shape:  torch.Size([35, 20])
input shape:  torch.Size([35, 20])
input shape:  torch.Size([35, 20])
input shape:  torch.Size([35, 20])
input shape:  torch.Size([35, 20])
input shape:  torch.Size([35, 20])
input shape:  torch.Size([35, 20])
input shape:  torch.Size([35, 20])
input shape:  torch.Size([35, 20])
input shape:  torch.Size([35, 20])
input shape:  torch.Size([35, 20])
input shape:  torch.Size([35, 20])
input shape:  torch.Size([35, 20])
input shape:  torch.Size([35, 20])
input shape:  torch.Size([35, 20])
input shape:  torch.Size([35, 20])
input shape:  torch.Size([35, 20])
input shape:  torch.Size([35, 20])
input shape:  torch.Size([35, 20])
input shape:  torch.Size([35, 20])
input shape:  torch.Size([35, 20])
input shape:  torch.Size([35, 20])
input shape:  torch.Size([35, 20])
input shape:  torch.Size([35, 20])
input shape:  torch.Size([35, 20])
input shape:  torch.Size([35, 20])
input shape:  torch.Size([35, 20])
input shape:  torch.Size([35, 20])
input shape:  torch.Size([35, 20])
input shape:  torch.Size([35, 20])
input shape:  torch.Size([35, 20])
input shape:  torch.Size([35, 20])
input shape:  torch.Size([35, 20])
input shape:  torch.Size([35, 20])
input shape:  torch.Size([35, 20])
input shape:  torch.Size([35, 20])
input shape:  torch.Size([35, 20])
input shape:  torch.Size([35, 20])
input shape:  torch.Size([35, 20])
input shape:  torch.Size([35, 20])
input shape:  torch.Size([35, 20])
input shape:  torch.Size([35, 20])
input shape:  torch.Size([35, 20])
input shape:  torch.Size([35, 20])
input shape:  torch.Size([35, 20])
input shape:  torch.Size([35, 20])
input shape:  torch.Size([35, 20])
input shape:  torch.Size([35, 20])
input shape:  torch.Size([35, 20])
input shape:  torch.Size([35, 20])
input shape:  torch.Size([35, 20])
input shape:  torch.Size([35, 20])
input shape:  torch.Size([35, 20])
input shape:  torch.Size([35, 20])
input shape:  torch.Size([35, 20])
input shape:  torch.Size([35, 20])
input shape:  torch.Size([35, 20])
input shape:  torch.Size([35, 20])
input shape:  torch.Size([35, 20])
input shape:  torch.Size([35, 20])
input shape:  torch.Size([35, 20])
input shape:  torch.Size([35, 20])
input shape:  torch.Size([35, 20])
input shape:  torch.Size([35, 20])
input shape:  torch.Size([35, 20])
input shape:  torch.Size([35, 20])
input shape:  torch.Size([35, 20])
input shape:  torch.Size([35, 20])
input shape:  torch.Size([35, 20])
input shape:  torch.Size([35, 20])
input shape:  torch.Size([35, 20])
input shape:  torch.Size([35, 20])
input shape:  torch.Size([35, 20])
input shape:  torch.Size([35, 20])
input shape:  torch.Size([35, 20])
input shape:  torch.Size([35, 20])
input shape:  torch.Size([35, 20])
input shape:  torch.Size([35, 20])
input shape:  torch.Size([35, 20])
input shape:  torch.Size([35, 20])
input shape:  torch.Size([35, 20])
input shape:  torch.Size([35, 20])
input shape:  torch.Size([35, 20])
input shape:  torch.Size([35, 20])
input shape:  torch.Size([35, 20])
input shape:  torch.Size([35, 20])
input shape:  torch.Size([35, 20])
input shape:  torch.Size([35, 20])
input shape:  torch.Size([35, 20])
input shape:  torch.Size([35, 20])
input shape:  torch.Size([35, 20])
input shape:  torch.Size([35, 20])
input shape:  torch.Size([35, 20])
input shape:  torch.Size([35, 20])
| epoch   1 |   400/ 1327 batches | lr 0.001000 | ms/batch 21.40 | loss  6.65 | ppl   771.17
input shape:  torch.Size([35, 20])
input shape:  torch.Size([35, 20])
input shape:  torch.Size([35, 20])
input shape:  torch.Size([35, 20])
input shape:  torch.Size([35, 20])
input shape:  torch.Size([35, 20])
input shape:  torch.Size([35, 20])
input shape:  torch.Size([35, 20])
input shape:  torch.Size([35, 20])
input shape:  torch.Size([35, 20])
input shape:  torch.Size([35, 20])
input shape:  torch.Size([35, 20])
input shape:  torch.Size([35, 20])
input shape:  torch.Size([35, 20])
input shape:  torch.Size([35, 20])
input shape:  torch.Size([35, 20])
input shape:  torch.Size([35, 20])
input shape:  torch.Size([35, 20])
input shape:  torch.Size([35, 20])
input shape:  torch.Size([35, 20])
input shape:  torch.Size([35, 20])
input shape:  torch.Size([35, 20])
input shape:  torch.Size([35, 20])
input shape:  torch.Size([35, 20])
input shape:  torch.Size([35, 20])
input shape:  torch.Size([35, 20])
input shape:  torch.Size([35, 20])
input shape:  torch.Size([35, 20])
input shape:  torch.Size([35, 20])
input shape:  torch.Size([35, 20])
input shape:  torch.Size([35, 20])
input shape:  torch.Size([35, 20])
input shape:  torch.Size([35, 20])
input shape:  torch.Size([35, 20])
input shape:  torch.Size([35, 20])
input shape:  torch.Size([35, 20])
input shape:  torch.Size([35, 20])
input shape:  torch.Size([35, 20])
input shape:  torch.Size([35, 20])
input shape:  torch.Size([35, 20])
input shape:  torch.Size([35, 20])
input shape:  torch.Size([35, 20])
input shape:  torch.Size([35, 20])
input shape:  torch.Size([35, 20])
input shape:  torch.Size([35, 20])
input shape:  torch.Size([35, 20])
input shape:  torch.Size([35, 20])
input shape:  torch.Size([35, 20])
input shape:  torch.Size([35, 20])
input shape:  torch.Size([35, 20])
input shape:  torch.Size([35, 20])
input shape:  torch.Size([35, 20])
input shape:  torch.Size([35, 20])
input shape:  torch.Size([35, 20])
input shape:  torch.Size([35, 20])
input shape:  torch.Size([35, 20])
input shape:  torch.Size([35, 20])
input shape:  torch.Size([35, 20])
input shape:  torch.Size([35, 20])
input shape:  torch.Size([35, 20])
input shape:  torch.Size([35, 20])
input shape:  torch.Size([35, 20])
input shape:  torch.Size([35, 20])
input shape:  torch.Size([35, 20])
input shape:  torch.Size([35, 20])
input shape:  torch.Size([35, 20])
input shape:  torch.Size([35, 20])
input shape:  torch.Size([35, 20])
input shape:  torch.Size([35, 20])
input shape:  torch.Size([35, 20])
input shape:  torch.Size([35, 20])
input shape:  torch.Size([35, 20])
input shape:  torch.Size([35, 20])
input shape:  torch.Size([35, 20])
input shape:  torch.Size([35, 20])
input shape:  torch.Size([35, 20])
input shape:  torch.Size([35, 20])
input shape:  torch.Size([35, 20])
input shape:  torch.Size([35, 20])
input shape:  torch.Size([35, 20])
input shape:  torch.Size([35, 20])
input shape:  torch.Size([35, 20])
input shape:  torch.Size([35, 20])
input shape:  torch.Size([35, 20])
input shape:  torch.Size([35, 20])
input shape:  torch.Size([35, 20])
input shape:  torch.Size([35, 20])
input shape:  torch.Size([35, 20])
input shape:  torch.Size([35, 20])
input shape:  torch.Size([35, 20])
input shape:  torch.Size([35, 20])
input shape:  torch.Size([35, 20])
input shape:  torch.Size([35, 20])
input shape:  torch.Size([35, 20])
input shape:  torch.Size([35, 20])
input shape:  torch.Size([35, 20])
input shape:  torch.Size([35, 20])
input shape:  torch.Size([35, 20])
input shape:  torch.Size([35, 20])
input shape:  torch.Size([35, 20])
input shape:  torch.Size([35, 20])
input shape:  torch.Size([35, 20])
input shape:  torch.Size([35, 20])
input shape:  torch.Size([35, 20])
input shape:  torch.Size([35, 20])
input shape:  torch.Size([35, 20])
input shape:  torch.Size([35, 20])
input shape:  torch.Size([35, 20])
input shape:  torch.Size([35, 20])
input shape:  torch.Size([35, 20])
input shape:  torch.Size([35, 20])
input shape:  torch.Size([35, 20])
input shape:  torch.Size([35, 20])
input shape:  torch.Size([35, 20])
input shape:  torch.Size([35, 20])
input shape:  torch.Size([35, 20])
input shape:  torch.Size([35, 20])
input shape:  torch.Size([35, 20])
input shape:  torch.Size([35, 20])
input shape:  torch.Size([35, 20])
input shape:  torch.Size([35, 20])
input shape:  torch.Size([35, 20])
input shape:  torch.Size([35, 20])
input shape:  torch.Size([35, 20])
input shape:  torch.Size([35, 20])
input shape:  torch.Size([35, 20])
input shape:  torch.Size([35, 20])
input shape:  torch.Size([35, 20])
input shape:  torch.Size([35, 20])
input shape:  torch.Size([35, 20])
input shape:  torch.Size([35, 20])
input shape:  torch.Size([35, 20])
input shape:  torch.Size([35, 20])
input shape:  torch.Size([35, 20])
input shape:  torch.Size([35, 20])
input shape:  torch.Size([35, 20])
input shape:  torch.Size([35, 20])
input shape:  torch.Size([35, 20])
input shape:  torch.Size([35, 20])
input shape:  torch.Size([35, 20])
input shape:  torch.Size([35, 20])
input shape:  torch.Size([35, 20])
input shape:  torch.Size([35, 20])
input shape:  torch.Size([35, 20])
input shape:  torch.Size([35, 20])
input shape:  torch.Size([35, 20])
input shape:  torch.Size([35, 20])
input shape:  torch.Size([35, 20])
input shape:  torch.Size([35, 20])
input shape:  torch.Size([35, 20])
input shape:  torch.Size([35, 20])
input shape:  torch.Size([35, 20])
input shape:  torch.Size([35, 20])
input shape:  torch.Size([35, 20])
input shape:  torch.Size([35, 20])
input shape:  torch.Size([35, 20])
input shape:  torch.Size([35, 20])
input shape:  torch.Size([35, 20])
input shape:  torch.Size([35, 20])
input shape:  torch.Size([35, 20])
input shape:  torch.Size([35, 20])
input shape:  torch.Size([35, 20])
input shape:  torch.Size([35, 20])
input shape:  torch.Size([35, 20])
input shape:  torch.Size([35, 20])
input shape:  torch.Size([35, 20])
input shape:  torch.Size([35, 20])
input shape:  torch.Size([35, 20])
input shape:  torch.Size([35, 20])
input shape:  torch.Size([35, 20])
input shape:  torch.Size([35, 20])
input shape:  torch.Size([35, 20])
input shape:  torch.Size([35, 20])
input shape:  torch.Size([35, 20])
input shape:  torch.Size([35, 20])
input shape:  torch.Size([35, 20])
input shape:  torch.Size([35, 20])
input shape:  torch.Size([35, 20])
input shape:  torch.Size([35, 20])
input shape:  torch.Size([35, 20])
input shape:  torch.Size([35, 20])
input shape:  torch.Size([35, 20])
input shape:  torch.Size([35, 20])
input shape:  torch.Size([35, 20])
input shape:  torch.Size([35, 20])
input shape:  torch.Size([35, 20])
input shape:  torch.Size([35, 20])
input shape:  torch.Size([35, 20])
input shape:  torch.Size([35, 20])
input shape:  torch.Size([35, 20])
input shape:  torch.Size([35, 20])
input shape:  torch.Size([35, 20])
input shape:  torch.Size([35, 20])
input shape:  torch.Size([35, 20])
input shape:  torch.Size([35, 20])
input shape:  torch.Size([35, 20])
input shape:  torch.Size([35, 20])
input shape:  torch.Size([35, 20])
input shape:  torch.Size([35, 20])
input shape:  torch.Size([35, 20])
| epoch   1 |   600/ 1327 batches | lr 0.001000 | ms/batch 21.63 | loss  6.66 | ppl   780.81
input shape:  torch.Size([35, 20])
input shape:  torch.Size([35, 20])
input shape:  torch.Size([35, 20])
input shape:  torch.Size([35, 20])
input shape:  torch.Size([35, 20])
input shape:  torch.Size([35, 20])
input shape:  torch.Size([35, 20])
input shape:  torch.Size([35, 20])
input shape:  torch.Size([35, 20])
input shape:  torch.Size([35, 20])
input shape:  torch.Size([35, 20])
input shape:  torch.Size([35, 20])
input shape:  torch.Size([35, 20])
input shape:  torch.Size([35, 20])
input shape:  torch.Size([35, 20])
input shape:  torch.Size([35, 20])
input shape:  torch.Size([35, 20])
input shape:  torch.Size([35, 20])
input shape:  torch.Size([35, 20])
input shape:  torch.Size([35, 20])
input shape:  torch.Size([35, 20])
input shape:  torch.Size([35, 20])
input shape:  torch.Size([35, 20])
input shape:  torch.Size([35, 20])
input shape:  torch.Size([35, 20])
input shape:  torch.Size([35, 20])
input shape:  torch.Size([35, 20])
input shape:  torch.Size([35, 20])
input shape:  torch.Size([35, 20])
input shape:  torch.Size([35, 20])
input shape:  torch.Size([35, 20])
input shape:  torch.Size([35, 20])
input shape:  torch.Size([35, 20])
input shape:  torch.Size([35, 20])
input shape:  torch.Size([35, 20])
input shape:  torch.Size([35, 20])
input shape:  torch.Size([35, 20])
input shape:  torch.Size([35, 20])
input shape:  torch.Size([35, 20])
input shape:  torch.Size([35, 20])
input shape:  torch.Size([35, 20])
input shape:  torch.Size([35, 20])
input shape:  torch.Size([35, 20])
input shape:  torch.Size([35, 20])
input shape:  torch.Size([35, 20])
input shape:  torch.Size([35, 20])
input shape:  torch.Size([35, 20])
input shape:  torch.Size([35, 20])
input shape:  torch.Size([35, 20])
input shape:  torch.Size([35, 20])
input shape:  torch.Size([35, 20])
input shape:  torch.Size([35, 20])
input shape:  torch.Size([35, 20])
input shape:  torch.Size([35, 20])
input shape:  torch.Size([35, 20])
input shape:  torch.Size([35, 20])
input shape:  torch.Size([35, 20])
input shape:  torch.Size([35, 20])
input shape:  torch.Size([35, 20])
input shape:  torch.Size([35, 20])
input shape:  torch.Size([35, 20])
input shape:  torch.Size([35, 20])
input shape:  torch.Size([35, 20])
input shape:  torch.Size([35, 20])
input shape:  torch.Size([35, 20])
input shape:  torch.Size([35, 20])
input shape:  torch.Size([35, 20])
input shape:  torch.Size([35, 20])
input shape:  torch.Size([35, 20])
input shape:  torch.Size([35, 20])
input shape:  torch.Size([35, 20])
input shape:  torch.Size([35, 20])
input shape:  torch.Size([35, 20])
input shape:  torch.Size([35, 20])
input shape:  torch.Size([35, 20])
input shape:  torch.Size([35, 20])
input shape:  torch.Size([35, 20])
input shape:  torch.Size([35, 20])
input shape:  torch.Size([35, 20])
input shape:  torch.Size([35, 20])
input shape:  torch.Size([35, 20])
input shape:  torch.Size([35, 20])
input shape:  torch.Size([35, 20])
input shape:  torch.Size([35, 20])
input shape:  torch.Size([35, 20])
input shape:  torch.Size([35, 20])
input shape:  torch.Size([35, 20])
input shape:  torch.Size([35, 20])
input shape:  torch.Size([35, 20])
input shape:  torch.Size([35, 20])
input shape:  torch.Size([35, 20])
input shape:  torch.Size([35, 20])
input shape:  torch.Size([35, 20])
input shape:  torch.Size([35, 20])
input shape:  torch.Size([35, 20])
input shape:  torch.Size([35, 20])
input shape:  torch.Size([35, 20])
input shape:  torch.Size([35, 20])
input shape:  torch.Size([35, 20])
input shape:  torch.Size([35, 20])
input shape:  torch.Size([35, 20])
input shape:  torch.Size([35, 20])
input shape:  torch.Size([35, 20])
input shape:  torch.Size([35, 20])
input shape:  torch.Size([35, 20])
input shape:  torch.Size([35, 20])
input shape:  torch.Size([35, 20])
input shape:  torch.Size([35, 20])
input shape:  torch.Size([35, 20])
input shape:  torch.Size([35, 20])
input shape:  torch.Size([35, 20])
input shape:  torch.Size([35, 20])
input shape:  torch.Size([35, 20])
input shape:  torch.Size([35, 20])
input shape:  torch.Size([35, 20])
input shape:  torch.Size([35, 20])
input shape:  torch.Size([35, 20])
input shape:  torch.Size([35, 20])
input shape:  torch.Size([35, 20])
input shape:  torch.Size([35, 20])
input shape:  torch.Size([35, 20])
input shape:  torch.Size([35, 20])
input shape:  torch.Size([35, 20])
input shape:  torch.Size([35, 20])
input shape:  torch.Size([35, 20])
input shape:  torch.Size([35, 20])
input shape:  torch.Size([35, 20])
input shape:  torch.Size([35, 20])
input shape:  torch.Size([35, 20])
input shape:  torch.Size([35, 20])
input shape:  torch.Size([35, 20])
input shape:  torch.Size([35, 20])
input shape:  torch.Size([35, 20])
input shape:  torch.Size([35, 20])
input shape:  torch.Size([35, 20])
input shape:  torch.Size([35, 20])
input shape:  torch.Size([35, 20])
input shape:  torch.Size([35, 20])
input shape:  torch.Size([35, 20])
input shape:  torch.Size([35, 20])
input shape:  torch.Size([35, 20])
input shape:  torch.Size([35, 20])
input shape:  torch.Size([35, 20])
input shape:  torch.Size([35, 20])
input shape:  torch.Size([35, 20])
input shape:  torch.Size([35, 20])
input shape:  torch.Size([35, 20])
input shape:  torch.Size([35, 20])
input shape:  torch.Size([35, 20])
input shape:  torch.Size([35, 20])
input shape:  torch.Size([35, 20])
input shape:  torch.Size([35, 20])
input shape:  torch.Size([35, 20])
input shape:  torch.Size([35, 20])
input shape:  torch.Size([35, 20])
input shape:  torch.Size([35, 20])
input shape:  torch.Size([35, 20])
input shape:  torch.Size([35, 20])
input shape:  torch.Size([35, 20])
input shape:  torch.Size([35, 20])
input shape:  torch.Size([35, 20])
input shape:  torch.Size([35, 20])
input shape:  torch.Size([35, 20])
input shape:  torch.Size([35, 20])
input shape:  torch.Size([35, 20])
input shape:  torch.Size([35, 20])
input shape:  torch.Size([35, 20])
input shape:  torch.Size([35, 20])
input shape:  torch.Size([35, 20])
input shape:  torch.Size([35, 20])
input shape:  torch.Size([35, 20])
input shape:  torch.Size([35, 20])
input shape:  torch.Size([35, 20])
input shape:  torch.Size([35, 20])
input shape:  torch.Size([35, 20])
input shape:  torch.Size([35, 20])
input shape:  torch.Size([35, 20])
input shape:  torch.Size([35, 20])
input shape:  torch.Size([35, 20])
input shape:  torch.Size([35, 20])
input shape:  torch.Size([35, 20])
input shape:  torch.Size([35, 20])
input shape:  torch.Size([35, 20])
input shape:  torch.Size([35, 20])
input shape:  torch.Size([35, 20])
input shape:  torch.Size([35, 20])
input shape:  torch.Size([35, 20])
input shape:  torch.Size([35, 20])
input shape:  torch.Size([35, 20])
input shape:  torch.Size([35, 20])
input shape:  torch.Size([35, 20])
input shape:  torch.Size([35, 20])
input shape:  torch.Size([35, 20])
input shape:  torch.Size([35, 20])
input shape:  torch.Size([35, 20])
input shape:  torch.Size([35, 20])
input shape:  torch.Size([35, 20])
input shape:  torch.Size([35, 20])
input shape:  torch.Size([35, 20])
input shape:  torch.Size([35, 20])
| epoch   1 |   800/ 1327 batches | lr 0.001000 | ms/batch 21.39 | loss  6.60 | ppl   735.17
input shape:  torch.Size([35, 20])
input shape:  torch.Size([35, 20])
input shape:  torch.Size([35, 20])
input shape:  torch.Size([35, 20])
input shape:  torch.Size([35, 20])
input shape:  torch.Size([35, 20])
input shape:  torch.Size([35, 20])
input shape:  torch.Size([35, 20])
input shape:  torch.Size([35, 20])
input shape:  torch.Size([35, 20])
input shape:  torch.Size([35, 20])
input shape:  torch.Size([35, 20])
input shape:  torch.Size([35, 20])
input shape:  torch.Size([35, 20])
input shape:  torch.Size([35, 20])
input shape:  torch.Size([35, 20])
input shape:  torch.Size([35, 20])
input shape:  torch.Size([35, 20])
input shape:  torch.Size([35, 20])
input shape:  torch.Size([35, 20])
input shape:  torch.Size([35, 20])
input shape:  torch.Size([35, 20])
input shape:  torch.Size([35, 20])
input shape:  torch.Size([35, 20])
input shape:  torch.Size([35, 20])
input shape:  torch.Size([35, 20])
input shape:  torch.Size([35, 20])
input shape:  torch.Size([35, 20])
input shape:  torch.Size([35, 20])
input shape:  torch.Size([35, 20])
input shape:  torch.Size([35, 20])
input shape:  torch.Size([35, 20])
input shape:  torch.Size([35, 20])
input shape:  torch.Size([35, 20])
input shape:  torch.Size([35, 20])
input shape:  torch.Size([35, 20])
input shape:  torch.Size([35, 20])
input shape:  torch.Size([35, 20])
input shape:  torch.Size([35, 20])
input shape:  torch.Size([35, 20])
input shape:  torch.Size([35, 20])
input shape:  torch.Size([35, 20])
input shape:  torch.Size([35, 20])
input shape:  torch.Size([35, 20])
input shape:  torch.Size([35, 20])
input shape:  torch.Size([35, 20])
input shape:  torch.Size([35, 20])
input shape:  torch.Size([35, 20])
input shape:  torch.Size([35, 20])
input shape:  torch.Size([35, 20])
input shape:  torch.Size([35, 20])
input shape:  torch.Size([35, 20])
input shape:  torch.Size([35, 20])
input shape:  torch.Size([35, 20])
input shape:  torch.Size([35, 20])
input shape:  torch.Size([35, 20])
input shape:  torch.Size([35, 20])
input shape:  torch.Size([35, 20])
input shape:  torch.Size([35, 20])
input shape:  torch.Size([35, 20])
input shape:  torch.Size([35, 20])
input shape:  torch.Size([35, 20])
input shape:  torch.Size([35, 20])
input shape:  torch.Size([35, 20])
input shape:  torch.Size([35, 20])
input shape:  torch.Size([35, 20])
input shape:  torch.Size([35, 20])
input shape:  torch.Size([35, 20])
input shape:  torch.Size([35, 20])
input shape:  torch.Size([35, 20])
input shape:  torch.Size([35, 20])
input shape:  torch.Size([35, 20])
input shape:  torch.Size([35, 20])
input shape:  torch.Size([35, 20])
input shape:  torch.Size([35, 20])
input shape:  torch.Size([35, 20])
input shape:  torch.Size([35, 20])
input shape:  torch.Size([35, 20])
input shape:  torch.Size([35, 20])
input shape:  torch.Size([35, 20])
input shape:  torch.Size([35, 20])
input shape:  torch.Size([35, 20])
input shape:  torch.Size([35, 20])
input shape:  torch.Size([35, 20])
input shape:  torch.Size([35, 20])
input shape:  torch.Size([35, 20])
input shape:  torch.Size([35, 20])
input shape:  torch.Size([35, 20])
input shape:  torch.Size([35, 20])
input shape:  torch.Size([35, 20])
input shape:  torch.Size([35, 20])
input shape:  torch.Size([35, 20])
input shape:  torch.Size([35, 20])
input shape:  torch.Size([35, 20])
input shape:  torch.Size([35, 20])
input shape:  torch.Size([35, 20])
input shape:  torch.Size([35, 20])
input shape:  torch.Size([35, 20])
input shape:  torch.Size([35, 20])
input shape:  torch.Size([35, 20])
input shape:  torch.Size([35, 20])
input shape:  torch.Size([35, 20])
input shape:  torch.Size([35, 20])
input shape:  torch.Size([35, 20])
input shape:  torch.Size([35, 20])
input shape:  torch.Size([35, 20])
input shape:  torch.Size([35, 20])
input shape:  torch.Size([35, 20])
input shape:  torch.Size([35, 20])
input shape:  torch.Size([35, 20])
input shape:  torch.Size([35, 20])
input shape:  torch.Size([35, 20])
input shape:  torch.Size([35, 20])
input shape:  torch.Size([35, 20])
input shape:  torch.Size([35, 20])
input shape:  torch.Size([35, 20])
input shape:  torch.Size([35, 20])
input shape:  torch.Size([35, 20])
input shape:  torch.Size([35, 20])
input shape:  torch.Size([35, 20])
input shape:  torch.Size([35, 20])
input shape:  torch.Size([35, 20])
input shape:  torch.Size([35, 20])
input shape:  torch.Size([35, 20])
input shape:  torch.Size([35, 20])
input shape:  torch.Size([35, 20])
input shape:  torch.Size([35, 20])
input shape:  torch.Size([35, 20])
input shape:  torch.Size([35, 20])
input shape:  torch.Size([35, 20])
input shape:  torch.Size([35, 20])
input shape:  torch.Size([35, 20])
input shape:  torch.Size([35, 20])
input shape:  torch.Size([35, 20])
input shape:  torch.Size([35, 20])
input shape:  torch.Size([35, 20])
input shape:  torch.Size([35, 20])
input shape:  torch.Size([35, 20])
input shape:  torch.Size([35, 20])
input shape:  torch.Size([35, 20])
input shape:  torch.Size([35, 20])
input shape:  torch.Size([35, 20])
input shape:  torch.Size([35, 20])
input shape:  torch.Size([35, 20])
input shape:  torch.Size([35, 20])
input shape:  torch.Size([35, 20])
input shape:  torch.Size([35, 20])
input shape:  torch.Size([35, 20])
input shape:  torch.Size([35, 20])
input shape:  torch.Size([35, 20])
input shape:  torch.Size([35, 20])
input shape:  torch.Size([35, 20])
input shape:  torch.Size([35, 20])
input shape:  torch.Size([35, 20])
input shape:  torch.Size([35, 20])
input shape:  torch.Size([35, 20])
input shape:  torch.Size([35, 20])
input shape:  torch.Size([35, 20])
input shape:  torch.Size([35, 20])
input shape:  torch.Size([35, 20])
input shape:  torch.Size([35, 20])
input shape:  torch.Size([35, 20])
input shape:  torch.Size([35, 20])
input shape:  torch.Size([35, 20])
input shape:  torch.Size([35, 20])
input shape:  torch.Size([35, 20])
input shape:  torch.Size([35, 20])
input shape:  torch.Size([35, 20])
input shape:  torch.Size([35, 20])
input shape:  torch.Size([35, 20])
input shape:  torch.Size([35, 20])
input shape:  torch.Size([35, 20])
input shape:  torch.Size([35, 20])
input shape:  torch.Size([35, 20])
input shape:  torch.Size([35, 20])
input shape:  torch.Size([35, 20])
input shape:  torch.Size([35, 20])
input shape:  torch.Size([35, 20])
input shape:  torch.Size([35, 20])
input shape:  torch.Size([35, 20])
input shape:  torch.Size([35, 20])
input shape:  torch.Size([35, 20])
input shape:  torch.Size([35, 20])
input shape:  torch.Size([35, 20])
input shape:  torch.Size([35, 20])
input shape:  torch.Size([35, 20])
input shape:  torch.Size([35, 20])
input shape:  torch.Size([35, 20])
input shape:  torch.Size([35, 20])
input shape:  torch.Size([35, 20])
input shape:  torch.Size([35, 20])
input shape:  torch.Size([35, 20])
input shape:  torch.Size([35, 20])
input shape:  torch.Size([35, 20])
input shape:  torch.Size([35, 20])
input shape:  torch.Size([35, 20])
input shape:  torch.Size([35, 20])
input shape:  torch.Size([35, 20])
input shape:  torch.Size([35, 20])
input shape:  torch.Size([35, 20])
| epoch   1 |  1000/ 1327 batches | lr 0.001000 | ms/batch 21.53 | loss  6.60 | ppl   737.44
input shape:  torch.Size([35, 20])
input shape:  torch.Size([35, 20])
input shape:  torch.Size([35, 20])
input shape:  torch.Size([35, 20])
input shape:  torch.Size([35, 20])
input shape:  torch.Size([35, 20])
input shape:  torch.Size([35, 20])
input shape:  torch.Size([35, 20])
input shape:  torch.Size([35, 20])
input shape:  torch.Size([35, 20])
input shape:  torch.Size([35, 20])
input shape:  torch.Size([35, 20])
input shape:  torch.Size([35, 20])
input shape:  torch.Size([35, 20])
input shape:  torch.Size([35, 20])
input shape:  torch.Size([35, 20])
input shape:  torch.Size([35, 20])
input shape:  torch.Size([35, 20])
input shape:  torch.Size([35, 20])
input shape:  torch.Size([35, 20])
input shape:  torch.Size([35, 20])
input shape:  torch.Size([35, 20])
input shape:  torch.Size([35, 20])
input shape:  torch.Size([35, 20])
input shape:  torch.Size([35, 20])
input shape:  torch.Size([35, 20])
input shape:  torch.Size([35, 20])
input shape:  torch.Size([35, 20])
input shape:  torch.Size([35, 20])
input shape:  torch.Size([35, 20])
input shape:  torch.Size([35, 20])
input shape:  torch.Size([35, 20])
input shape:  torch.Size([35, 20])
input shape:  torch.Size([35, 20])
input shape:  torch.Size([35, 20])
input shape:  torch.Size([35, 20])
input shape:  torch.Size([35, 20])
input shape:  torch.Size([35, 20])
input shape:  torch.Size([35, 20])
input shape:  torch.Size([35, 20])
input shape:  torch.Size([35, 20])
input shape:  torch.Size([35, 20])
input shape:  torch.Size([35, 20])
input shape:  torch.Size([35, 20])
input shape:  torch.Size([35, 20])
input shape:  torch.Size([35, 20])
input shape:  torch.Size([35, 20])
input shape:  torch.Size([35, 20])
input shape:  torch.Size([35, 20])
input shape:  torch.Size([35, 20])
input shape:  torch.Size([35, 20])
input shape:  torch.Size([35, 20])
input shape:  torch.Size([35, 20])
input shape:  torch.Size([35, 20])
input shape:  torch.Size([35, 20])
input shape:  torch.Size([35, 20])
input shape:  torch.Size([35, 20])
input shape:  torch.Size([35, 20])
input shape:  torch.Size([35, 20])
input shape:  torch.Size([35, 20])
input shape:  torch.Size([35, 20])
input shape:  torch.Size([35, 20])
input shape:  torch.Size([35, 20])
input shape:  torch.Size([35, 20])
input shape:  torch.Size([35, 20])
input shape:  torch.Size([35, 20])
input shape:  torch.Size([35, 20])
input shape:  torch.Size([35, 20])
input shape:  torch.Size([35, 20])
input shape:  torch.Size([35, 20])
input shape:  torch.Size([35, 20])
input shape:  torch.Size([35, 20])
input shape:  torch.Size([35, 20])
input shape:  torch.Size([35, 20])
input shape:  torch.Size([35, 20])
input shape:  torch.Size([35, 20])
input shape:  torch.Size([35, 20])
input shape:  torch.Size([35, 20])
input shape:  torch.Size([35, 20])
input shape:  torch.Size([35, 20])
input shape:  torch.Size([35, 20])
input shape:  torch.Size([35, 20])
input shape:  torch.Size([35, 20])
input shape:  torch.Size([35, 20])
input shape:  torch.Size([35, 20])
input shape:  torch.Size([35, 20])
input shape:  torch.Size([35, 20])
input shape:  torch.Size([35, 20])
input shape:  torch.Size([35, 20])
input shape:  torch.Size([35, 20])
input shape:  torch.Size([35, 20])
input shape:  torch.Size([35, 20])
input shape:  torch.Size([35, 20])
input shape:  torch.Size([35, 20])
input shape:  torch.Size([35, 20])
input shape:  torch.Size([35, 20])
input shape:  torch.Size([35, 20])
input shape:  torch.Size([35, 20])
input shape:  torch.Size([35, 20])
input shape:  torch.Size([35, 20])
input shape:  torch.Size([35, 20])
input shape:  torch.Size([35, 20])
input shape:  torch.Size([35, 20])
input shape:  torch.Size([35, 20])
input shape:  torch.Size([35, 20])
input shape:  torch.Size([35, 20])
input shape:  torch.Size([35, 20])
input shape:  torch.Size([35, 20])
input shape:  torch.Size([35, 20])
input shape:  torch.Size([35, 20])
input shape:  torch.Size([35, 20])
input shape:  torch.Size([35, 20])
input shape:  torch.Size([35, 20])
input shape:  torch.Size([35, 20])
input shape:  torch.Size([35, 20])
input shape:  torch.Size([35, 20])
input shape:  torch.Size([35, 20])
input shape:  torch.Size([35, 20])
input shape:  torch.Size([35, 20])
input shape:  torch.Size([35, 20])
input shape:  torch.Size([35, 20])
input shape:  torch.Size([35, 20])
input shape:  torch.Size([35, 20])
input shape:  torch.Size([35, 20])
input shape:  torch.Size([35, 20])
input shape:  torch.Size([35, 20])
input shape:  torch.Size([35, 20])
input shape:  torch.Size([35, 20])
input shape:  torch.Size([35, 20])
input shape:  torch.Size([35, 20])
input shape:  torch.Size([35, 20])
input shape:  torch.Size([35, 20])
input shape:  torch.Size([35, 20])
input shape:  torch.Size([35, 20])
input shape:  torch.Size([35, 20])
input shape:  torch.Size([35, 20])
input shape:  torch.Size([35, 20])
input shape:  torch.Size([35, 20])
input shape:  torch.Size([35, 20])
input shape:  torch.Size([35, 20])
input shape:  torch.Size([35, 20])
input shape:  torch.Size([35, 20])
input shape:  torch.Size([35, 20])
input shape:  torch.Size([35, 20])
input shape:  torch.Size([35, 20])
input shape:  torch.Size([35, 20])
input shape:  torch.Size([35, 20])
input shape:  torch.Size([35, 20])
input shape:  torch.Size([35, 20])
input shape:  torch.Size([35, 20])
input shape:  torch.Size([35, 20])
input shape:  torch.Size([35, 20])
input shape:  torch.Size([35, 20])
input shape:  torch.Size([35, 20])
input shape:  torch.Size([35, 20])
input shape:  torch.Size([35, 20])
input shape:  torch.Size([35, 20])
input shape:  torch.Size([35, 20])
input shape:  torch.Size([35, 20])
input shape:  torch.Size([35, 20])
input shape:  torch.Size([35, 20])
input shape:  torch.Size([35, 20])
input shape:  torch.Size([35, 20])
input shape:  torch.Size([35, 20])
input shape:  torch.Size([35, 20])
input shape:  torch.Size([35, 20])
input shape:  torch.Size([35, 20])
input shape:  torch.Size([35, 20])
input shape:  torch.Size([35, 20])
input shape:  torch.Size([35, 20])
input shape:  torch.Size([35, 20])
input shape:  torch.Size([35, 20])
input shape:  torch.Size([35, 20])
input shape:  torch.Size([35, 20])
input shape:  torch.Size([35, 20])
input shape:  torch.Size([35, 20])
input shape:  torch.Size([35, 20])
input shape:  torch.Size([35, 20])
input shape:  torch.Size([35, 20])
input shape:  torch.Size([35, 20])
input shape:  torch.Size([35, 20])
input shape:  torch.Size([35, 20])
input shape:  torch.Size([35, 20])
input shape:  torch.Size([35, 20])
input shape:  torch.Size([35, 20])
input shape:  torch.Size([35, 20])
input shape:  torch.Size([35, 20])
input shape:  torch.Size([35, 20])
input shape:  torch.Size([35, 20])
input shape:  torch.Size([35, 20])
input shape:  torch.Size([35, 20])
input shape:  torch.Size([35, 20])
input shape:  torch.Size([35, 20])
input shape:  torch.Size([35, 20])
input shape:  torch.Size([35, 20])
input shape:  torch.Size([35, 20])
input shape:  torch.Size([35, 20])
input shape:  torch.Size([35, 20])
input shape:  torch.Size([35, 20])
input shape:  torch.Size([35, 20])
| epoch   1 |  1200/ 1327 batches | lr 0.001000 | ms/batch 21.49 | loss  6.60 | ppl   736.65
input shape:  torch.Size([35, 20])
input shape:  torch.Size([35, 20])
input shape:  torch.Size([35, 20])
input shape:  torch.Size([35, 20])
input shape:  torch.Size([35, 20])
input shape:  torch.Size([35, 20])
input shape:  torch.Size([35, 20])
input shape:  torch.Size([35, 20])
input shape:  torch.Size([35, 20])
input shape:  torch.Size([35, 20])
input shape:  torch.Size([35, 20])
input shape:  torch.Size([35, 20])
input shape:  torch.Size([35, 20])
input shape:  torch.Size([35, 20])
input shape:  torch.Size([35, 20])
input shape:  torch.Size([35, 20])
input shape:  torch.Size([35, 20])
input shape:  torch.Size([35, 20])
input shape:  torch.Size([35, 20])
input shape:  torch.Size([35, 20])
input shape:  torch.Size([35, 20])
input shape:  torch.Size([35, 20])
input shape:  torch.Size([35, 20])
input shape:  torch.Size([35, 20])
input shape:  torch.Size([35, 20])
input shape:  torch.Size([35, 20])
input shape:  torch.Size([35, 20])
input shape:  torch.Size([35, 20])
input shape:  torch.Size([35, 20])
input shape:  torch.Size([35, 20])
input shape:  torch.Size([35, 20])
input shape:  torch.Size([35, 20])
input shape:  torch.Size([35, 20])
input shape:  torch.Size([35, 20])
input shape:  torch.Size([35, 20])
input shape:  torch.Size([35, 20])
input shape:  torch.Size([35, 20])
input shape:  torch.Size([35, 20])
input shape:  torch.Size([35, 20])
input shape:  torch.Size([35, 20])
input shape:  torch.Size([35, 20])
input shape:  torch.Size([35, 20])
input shape:  torch.Size([35, 20])
input shape:  torch.Size([35, 20])
input shape:  torch.Size([35, 20])
input shape:  torch.Size([35, 20])
input shape:  torch.Size([35, 20])
input shape:  torch.Size([35, 20])
input shape:  torch.Size([35, 20])
input shape:  torch.Size([35, 20])
input shape:  torch.Size([35, 20])
input shape:  torch.Size([35, 20])
input shape:  torch.Size([35, 20])
input shape:  torch.Size([35, 20])
input shape:  torch.Size([35, 20])
input shape:  torch.Size([35, 20])
input shape:  torch.Size([35, 20])
input shape:  torch.Size([35, 20])
input shape:  torch.Size([35, 20])
input shape:  torch.Size([35, 20])
input shape:  torch.Size([35, 20])
input shape:  torch.Size([35, 20])
input shape:  torch.Size([35, 20])
input shape:  torch.Size([35, 20])
input shape:  torch.Size([35, 20])
input shape:  torch.Size([35, 20])
input shape:  torch.Size([35, 20])
input shape:  torch.Size([35, 20])
input shape:  torch.Size([35, 20])
input shape:  torch.Size([35, 20])
input shape:  torch.Size([35, 20])
input shape:  torch.Size([35, 20])
input shape:  torch.Size([35, 20])
input shape:  torch.Size([35, 20])
input shape:  torch.Size([35, 20])
input shape:  torch.Size([35, 20])
input shape:  torch.Size([35, 20])
input shape:  torch.Size([35, 20])
input shape:  torch.Size([35, 20])
input shape:  torch.Size([35, 20])
input shape:  torch.Size([35, 20])
input shape:  torch.Size([35, 20])
input shape:  torch.Size([35, 20])
input shape:  torch.Size([35, 20])
input shape:  torch.Size([35, 20])
input shape:  torch.Size([35, 20])
input shape:  torch.Size([35, 20])
input shape:  torch.Size([35, 20])
input shape:  torch.Size([35, 20])
input shape:  torch.Size([35, 20])
input shape:  torch.Size([35, 20])
input shape:  torch.Size([35, 20])
input shape:  torch.Size([35, 20])
input shape:  torch.Size([35, 20])
input shape:  torch.Size([35, 20])
input shape:  torch.Size([35, 20])
input shape:  torch.Size([35, 20])
input shape:  torch.Size([35, 20])
input shape:  torch.Size([35, 20])
input shape:  torch.Size([35, 20])
input shape:  torch.Size([35, 20])
input shape:  torch.Size([35, 20])
input shape:  torch.Size([35, 20])
input shape:  torch.Size([35, 20])
input shape:  torch.Size([35, 20])
input shape:  torch.Size([35, 20])
input shape:  torch.Size([35, 20])
input shape:  torch.Size([35, 20])
input shape:  torch.Size([35, 20])
input shape:  torch.Size([35, 20])
input shape:  torch.Size([35, 20])
input shape:  torch.Size([35, 20])
input shape:  torch.Size([35, 20])
input shape:  torch.Size([35, 20])
input shape:  torch.Size([35, 20])
input shape:  torch.Size([35, 20])
input shape:  torch.Size([35, 20])
input shape:  torch.Size([35, 20])
input shape:  torch.Size([35, 20])
input shape:  torch.Size([35, 20])
input shape:  torch.Size([35, 20])
input shape:  torch.Size([35, 20])
input shape:  torch.Size([35, 20])
input shape:  torch.Size([35, 20])
input shape:  torch.Size([35, 20])
input shape:  torch.Size([35, 20])
input shape:  torch.Size([33, 20])
Traceback (most recent call last):
  File "main.py", line 233, in <module>
    train()
  File "main.py", line 204, in train
    output, hidden = model(data, hidden)
  File "/mnt/storage/home/mk17486/.local/lib/python3.7/site-packages/torch/nn/modules/module.py", line 532, in __call__
    result = self.forward(*input, **kwargs)
  File "/mnt/storage/home/mk17486/neural-networks/pytorch-subLSTM/tasks/word_language_model/model.py", line 69, in forward
    output, hidden = self.rnn(emb, hidden)
  File "/mnt/storage/home/mk17486/.local/lib/python3.7/site-packages/torch/nn/modules/module.py", line 532, in __call__
    result = self.forward(*input, **kwargs)
  File "/mnt/storage/home/mk17486/.local/lib/python3.7/site-packages/torch/nn/modules/rnn.py", line 556, in forward
    self.check_forward_args(input, hx, batch_sizes)
  File "/mnt/storage/home/mk17486/.local/lib/python3.7/site-packages/torch/nn/modules/rnn.py", line 512, in check_forward_args
    'Expected hidden[0] size {}, got {}')
  File "/mnt/storage/home/mk17486/.local/lib/python3.7/site-packages/torch/nn/modules/rnn.py", line 176, in check_hidden_size
    raise RuntimeError(msg.format(expected_hidden_size, tuple(hx.size())))
RuntimeError: Expected hidden[0] size (2, 33, 650), got (2, 35, 650)
