Running on host gpu10.bc4.acrc.priv
Slurm job ID is 3575829
This job runs on the following machines:
gpu10
Traceback (most recent call last):
  File "main.py", line 233, in <module>
    train()
  File "main.py", line 204, in train
    output, hidden = model(data, hidden)
  File "/mnt/storage/home/mk17486/.local/lib/python3.7/site-packages/torch/nn/modules/module.py", line 532, in __call__
    result = self.forward(*input, **kwargs)
  File "/mnt/storage/home/mk17486/neural-networks/pytorch-subLSTM/tasks/word_language_model/model.py", line 72, in forward
    decoded = self.decoder(output.view(output.size(0)*output.size(1), output.size(2)))
  File "/mnt/storage/home/mk17486/.local/lib/python3.7/site-packages/torch/nn/modules/module.py", line 532, in __call__
    result = self.forward(*input, **kwargs)
  File "/mnt/storage/home/mk17486/.local/lib/python3.7/site-packages/torch/nn/modules/linear.py", line 87, in forward
    return F.linear(input, self.weight, self.bias)
  File "/mnt/storage/home/mk17486/.local/lib/python3.7/site-packages/torch/nn/functional.py", line 1370, in linear
    ret = torch.addmm(bias, input, weight.t())
RuntimeError: size mismatch, m1: [13000 x 35], m2: [650 x 10000] at /pytorch/aten/src/THC/generic/THCTensorMathBlas.cu:290
