Running on host gpu12.bc4.acrc.priv
Slurm job ID is 3584654
This job runs on the following machines:
gpu12
LSTM
`bottleneck` is a tool that can be used as an initial step for debugging
bottlenecks in your program.

It summarizes runs of your script with the Python profiler and PyTorch's
autograd profiler. Because your script will be profiled, please ensure that it
exits in a finite amount of time.

For more complicated uses of the profilers, please see
https://docs.python.org/3/library/profile.html and
https://pytorch.org/docs/master/autograd.html#profiler for more information.
Running environment analysis...
Running your script with cProfile
forward time:  2.5689940452575684  backward time:  3.849088191986084
-----------------------------------------------------------------------------------------
| end of epoch   1 | time: 32.39s | valid loss  5.43 | valid ppl   227.89
-----------------------------------------------------------------------------------------
=========================================================================================
| End of training | test loss  5.39 | test ppl   218.26
=========================================================================================
Running your script with the autograd profiler...
forward time:  2.5983805656433105  backward time:  3.9743025302886963
-----------------------------------------------------------------------------------------
| end of epoch   1 | time: 32.60s | valid loss  5.44 | valid ppl   229.68
-----------------------------------------------------------------------------------------
=========================================================================================
| End of training | test loss  5.40 | test ppl   220.48
=========================================================================================
forward time:  2.780482053756714  backward time:  4.509768009185791
-----------------------------------------------------------------------------------------
| end of epoch   1 | time: 34.54s | valid loss  5.43 | valid ppl   229.28
-----------------------------------------------------------------------------------------
=========================================================================================
| End of training | test loss  5.40 | test ppl   220.41
=========================================================================================
--------------------------------------------------------------------------------
  Environment Summary
--------------------------------------------------------------------------------
PyTorch 1.4.0 compiled w/ CUDA 10.1
Running with Python 3.7 and CUDA 10.1.105

`pip list` truncated output:
numpy==1.18.1
torch==1.4.0
torch-sublstm==0.1.0
torchvision==0.5.0
--------------------------------------------------------------------------------
  cProfile output
--------------------------------------------------------------------------------
         2031408 function calls (2007236 primitive calls) in 45.188 seconds

   Ordered by: internal time
   List reduced from 574 to 15 due to restriction <15>

   ncalls  tottime  percall  cumtime  percall filename:lineno(function)
    14610   18.756    0.001   18.756    0.001 {method 'item' of 'torch._C._TensorBase' objects}
        3    7.755    2.585    8.227    2.742 /mnt/storage/home/mk17486/neural-networks/pytorch-subLSTM/tasks/word_language_model/data.py:26(tokenize)
     1328    3.766    0.003    3.766    0.003 {method 'run_backward' of 'torch._C._EngineBase' objects}
       14    3.029    0.216    3.029    0.216 {method 'cuda' of 'torch._C._TensorBase' objects}
     1775    2.750    0.002    2.750    0.002 {built-in method lstm}
        1    2.514    2.514   31.507   31.507 main.py:173(train)
        2    0.926    0.463    1.874    0.937 main.py:138(evaluate)
    43802    0.706    0.000    0.706    0.000 {method 'mul_' of 'torch._C._TensorBase' objects}
     1328    0.623    0.000    2.356    0.002 /mnt/storage/home/mk17486/.local/lib/python3.7/site-packages/torch/optim/adam.py:49(step)
    29216    0.498    0.000    0.498    0.000 {method 'add_' of 'torch._C._TensorBase' objects}
    14608    0.451    0.000    0.451    0.000 {built-in method norm}
  1085779    0.311    0.000    0.313    0.000 /mnt/storage/home/mk17486/neural-networks/pytorch-subLSTM/tasks/word_language_model/data.py:9(add_word)
    14608    0.266    0.000    0.266    0.000 {method 'sqrt' of 'torch._C._TensorBase' objects}
    14608    0.246    0.000    0.246    0.000 {method 'addcdiv_' of 'torch._C._TensorBase' objects}
    14608    0.212    0.000    0.212    0.000 {method 'addcmul_' of 'torch._C._TensorBase' objects}


--------------------------------------------------------------------------------
  autograd profiler output (CPU mode)
--------------------------------------------------------------------------------
        top 15 events sorted by cpu_time_total

-----------------------  ---------------  ---------------  ---------------  ---------------  ---------------  ---------------  ---------------  ---------------  ---------------  -----------------------------------  
Name                     Self CPU total %  Self CPU total   CPU total %      CPU total        CPU time avg     CUDA total %     CUDA total       CUDA time avg    Number of Calls  Input Shapes                         
-----------------------  ---------------  ---------------  ---------------  ---------------  ---------------  ---------------  ---------------  ---------------  ---------------  -----------------------------------  
normal_                  13.02%           42.520ms         13.02%           42.520ms         42.520ms         NaN              0.000us          0.000us          1                []                                   
uniform_                 11.68%           38.137ms         11.68%           38.137ms         38.137ms         NaN              0.000us          0.000us          1                []                                   
uniform_                 11.21%           36.589ms         11.21%           36.589ms         36.589ms         NaN              0.000us          0.000us          1                []                                   
uniform_                 10.82%           35.334ms         10.82%           35.334ms         35.334ms         NaN              0.000us          0.000us          1                []                                   
item                     5.03%            16.417ms         5.03%            16.417ms         16.417ms         NaN              0.000us          0.000us          1                []                                   
_local_scalar_dense      5.03%            16.415ms         5.03%            16.415ms         16.415ms         NaN              0.000us          0.000us          1                []                                   
item                     4.92%            16.064ms         4.92%            16.064ms         16.064ms         NaN              0.000us          0.000us          1                []                                   
_local_scalar_dense      4.92%            16.062ms         4.92%            16.062ms         16.062ms         NaN              0.000us          0.000us          1                []                                   
item                     4.91%            16.035ms         4.91%            16.035ms         16.035ms         NaN              0.000us          0.000us          1                []                                   
_local_scalar_dense      4.91%            16.033ms         4.91%            16.033ms         16.033ms         NaN              0.000us          0.000us          1                []                                   
item                     4.90%            15.986ms         4.90%            15.986ms         15.986ms         NaN              0.000us          0.000us          1                []                                   
_local_scalar_dense      4.90%            15.984ms         4.90%            15.984ms         15.984ms         NaN              0.000us          0.000us          1                []                                   
item                     4.59%            14.990ms         4.59%            14.990ms         14.990ms         NaN              0.000us          0.000us          1                []                                   
_local_scalar_dense      4.59%            14.988ms         4.59%            14.988ms         14.988ms         NaN              0.000us          0.000us          1                []                                   
item                     4.58%            14.965ms         4.58%            14.965ms         14.965ms         NaN              0.000us          0.000us          1                []                                   
-----------------------  ---------------  ---------------  ---------------  ---------------  ---------------  ---------------  ---------------  ---------------  ---------------  -----------------------------------  
Self CPU time total: 326.519ms
CUDA time total: 0.000us

--------------------------------------------------------------------------------
  autograd profiler output (CUDA mode)
--------------------------------------------------------------------------------
        top 15 events sorted by cpu_time_total

	Because the autograd profiler uses the CUDA event API,
	the CUDA time column reports approximately max(cuda_time, cpu_time).
	Please ignore this output if your code does not use CUDA.

-----------------------  ---------------  ---------------  ---------------  ---------------  ---------------  ---------------  ---------------  ---------------  ---------------  -----------------------------------  
Name                     Self CPU total %  Self CPU total   CPU total %      CPU total        CPU time avg     CUDA total %     CUDA total       CUDA time avg    Number of Calls  Input Shapes                         
-----------------------  ---------------  ---------------  ---------------  ---------------  ---------------  ---------------  ---------------  ---------------  ---------------  -----------------------------------  
normal_                  18.56%           70.738ms         18.56%           70.738ms         70.738ms         30.90%           70.744ms         70.744ms         1                []                                   
uniform_                 15.47%           58.942ms         15.47%           58.942ms         58.942ms         25.75%           58.952ms         58.952ms         1                []                                   
uniform_                 12.43%           47.366ms         12.43%           47.366ms         47.366ms         20.69%           47.372ms         47.372ms         1                []                                   
uniform_                 10.04%           38.274ms         10.04%           38.274ms         38.274ms         16.72%           38.276ms         38.276ms         1                []                                   
item                     4.45%            16.947ms         4.45%            16.947ms         16.947ms         2.12%            4.856ms          4.856ms          1                []                                   
_local_scalar_dense      4.44%            16.928ms         4.44%            16.928ms         16.928ms         2.12%            4.848ms          4.848ms          1                []                                   
item                     3.87%            14.754ms         3.87%            14.754ms         14.754ms         0.52%            1.184ms          1.184ms          1                []                                   
_local_scalar_dense      3.87%            14.740ms         3.87%            14.740ms         14.740ms         0.51%            1.176ms          1.176ms          1                []                                   
item                     3.85%            14.677ms         3.85%            14.677ms         14.677ms         0.26%            598.000us        598.000us        1                []                                   
_local_scalar_dense      3.85%            14.661ms         3.85%            14.661ms         14.661ms         0.26%            586.000us        586.000us        1                []                                   
item                     3.84%            14.650ms         3.84%            14.650ms         14.650ms         0.02%            48.000us         48.000us         1                []                                   
_local_scalar_dense      3.84%            14.634ms         3.84%            14.634ms         14.634ms         0.02%            36.000us         36.000us         1                []                                   
item                     3.83%            14.608ms         3.83%            14.608ms         14.608ms         0.10%            228.000us        228.000us        1                []                                   
item                     3.82%            14.567ms         3.82%            14.567ms         14.567ms         0.01%            24.000us         24.000us         1                []                                   
_local_scalar_dense      3.82%            14.560ms         3.82%            14.560ms         14.560ms         0.01%            16.000us         16.000us         1                []                                   
-----------------------  ---------------  ---------------  ---------------  ---------------  ---------------  ---------------  ---------------  ---------------  ---------------  -----------------------------------  
Self CPU time total: 381.046ms
CUDA time total: 228.944ms

subLSTM
`bottleneck` is a tool that can be used as an initial step for debugging
bottlenecks in your program.

It summarizes runs of your script with the Python profiler and PyTorch's
autograd profiler. Because your script will be profiled, please ensure that it
exits in a finite amount of time.

For more complicated uses of the profilers, please see
https://docs.python.org/3/library/profile.html and
https://pytorch.org/docs/master/autograd.html#profiler for more information.
Running environment analysis...
Running your script with cProfile
forward time:  42.99617552757263  backward time:  52.19275140762329
-----------------------------------------------------------------------------------------
| end of epoch   1 | time: 114.45s | valid loss  5.70 | valid ppl   299.17
-----------------------------------------------------------------------------------------
=========================================================================================
| End of training | test loss  5.66 | test ppl   287.68
=========================================================================================
Running your script with the autograd profiler...
forward time:  38.413206815719604  backward time:  55.40126419067383
-----------------------------------------------------------------------------------------
| end of epoch   1 | time: 110.95s | valid loss  5.70 | valid ppl   299.17
-----------------------------------------------------------------------------------------
=========================================================================================
| End of training | test loss  5.66 | test ppl   287.68
=========================================================================================
forward time:  55.321934938430786  backward time:  99.62109088897705
-----------------------------------------------------------------------------------------
| end of epoch   1 | time: 172.58s | valid loss  5.70 | valid ppl   299.17
-----------------------------------------------------------------------------------------
=========================================================================================
| End of training | test loss  5.66 | test ppl   287.68
=========================================================================================
--------------------------------------------------------------------------------
  Environment Summary
--------------------------------------------------------------------------------
PyTorch 1.4.0 compiled w/ CUDA 10.1
Running with Python 3.7 and CUDA 10.1.105

`pip list` truncated output:
numpy==1.18.1
torch==1.4.0
torch-sublstm==0.1.0
torchvision==0.5.0
--------------------------------------------------------------------------------
  cProfile output
--------------------------------------------------------------------------------
         9152887 function calls (8591599 primitive calls) in 133.073 seconds

   Ordered by: internal time
   List reduced from 552 to 15 due to restriction <15>

   ncalls  tottime  percall  cumtime  percall filename:lineno(function)
     1328   52.061    0.039   52.061    0.039 {method 'run_backward' of 'torch._C._EngineBase' objects}
   124190   17.744    0.000   42.218    0.000 ../../src/subLSTM/basic/functional.py:4(sublstm)
        3    8.471    2.824    8.841    2.947 /mnt/storage/home/mk17486/neural-networks/pytorch-subLSTM/tasks/word_language_model/data.py:26(tokenize)
   125965    6.570    0.000    6.570    0.000 {built-in method addmm}
   248380    6.273    0.000    6.273    0.000 {built-in method sigmoid}
    11954    5.454    0.000    5.454    0.000 {method 'item' of 'torch._C._TensorBase' objects}
       12    3.962    0.330    3.962    0.330 {method 'cuda' of 'torch._C._TensorBase' objects}
   124190    3.880    0.000    3.880    0.000 {method 'matmul' of 'torch._C._TensorBase' objects}
   127740    3.835    0.000    3.835    0.000 {built-in method dropout}
        1    3.274    3.274  107.690  107.690 main.py:173(train)
509185/3550    2.624    0.000   54.676    0.015 /mnt/storage/home/mk17486/.local/lib/python3.7/site-packages/torch/nn/modules/module.py:522(__call__)
   251933    2.314    0.000    2.314    0.000 {method 't' of 'torch._C._TensorBase' objects}
     1775    1.928    0.001   53.729    0.030 ../../src/subLSTM/basic/nn.py:253(forward)
   124190    1.924    0.000    1.924    0.000 {method 'chunk' of 'torch._C._TensorBase' objects}
  1013119    1.049    0.000    1.049    0.000 /mnt/storage/home/mk17486/.local/lib/python3.7/site-packages/torch/nn/modules/module.py:562(__getattr__)


--------------------------------------------------------------------------------
  autograd profiler output (CPU mode)
--------------------------------------------------------------------------------
        top 15 events sorted by cpu_time_total

------------------  ---------------  ---------------  ---------------  ---------------  ---------------  ---------------  ---------------  ---------------  ---------------  -----------------------------------  
Name                Self CPU total %  Self CPU total   CPU total %      CPU total        CPU time avg     CUDA total %     CUDA total       CUDA time avg    Number of Calls  Input Shapes                         
------------------  ---------------  ---------------  ---------------  ---------------  ---------------  ---------------  ---------------  ---------------  ---------------  -----------------------------------  
sub                 25.25%           117.399ms        25.25%           117.399ms        117.399ms        NaN              0.000us          0.000us          1                []                                   
normal_             9.09%            42.272ms         9.09%            42.272ms         42.272ms         NaN              0.000us          0.000us          1                []                                   
uniform_            8.26%            38.389ms         8.26%            38.389ms         38.389ms         NaN              0.000us          0.000us          1                []                                   
uniform_            7.45%            34.632ms         7.45%            34.632ms         34.632ms         NaN              0.000us          0.000us          1                []                                   
uniform_            7.43%            34.532ms         7.43%            34.532ms         34.532ms         NaN              0.000us          0.000us          1                []                                   
add                 5.18%            24.060ms         5.18%            24.060ms         24.060ms         NaN              0.000us          0.000us          1                []                                   
SplitBackward       4.56%            21.203ms         4.56%            21.203ms         21.203ms         NaN              0.000us          0.000us          1                []                                   
cat                 4.56%            21.192ms         4.56%            21.192ms         21.192ms         NaN              0.000us          0.000us          1                []                                   
MulBackward0        4.32%            20.092ms         4.32%            20.092ms         20.092ms         NaN              0.000us          0.000us          1                []                                   
AddmmBackward       4.16%            19.333ms         4.16%            19.333ms         19.333ms         NaN              0.000us          0.000us          1                []                                   
unsigned short      4.10%            19.073ms         4.10%            19.073ms         19.073ms         NaN              0.000us          0.000us          1                []                                   
MulBackward0        3.92%            18.219ms         3.92%            18.219ms         18.219ms         NaN              0.000us          0.000us          1                []                                   
dropout             3.91%            18.174ms         3.91%            18.174ms         18.174ms         NaN              0.000us          0.000us          1                []                                   
_fused_dropout      3.91%            18.161ms         3.91%            18.161ms         18.161ms         NaN              0.000us          0.000us          1                []                                   
mul                 3.90%            18.145ms         3.90%            18.145ms         18.145ms         NaN              0.000us          0.000us          1                []                                   
------------------  ---------------  ---------------  ---------------  ---------------  ---------------  ---------------  ---------------  ---------------  ---------------  -----------------------------------  
Self CPU time total: 464.877ms
CUDA time total: 0.000us

--------------------------------------------------------------------------------
  autograd profiler output (CUDA mode)
--------------------------------------------------------------------------------
        top 15 events sorted by cpu_time_total

	Because the autograd profiler uses the CUDA event API,
	the CUDA time column reports approximately max(cuda_time, cpu_time).
	Please ignore this output if your code does not use CUDA.

------------------  ---------------  ---------------  ---------------  ---------------  ---------------  ---------------  ---------------  ---------------  ---------------  -----------------------------------  
Name                Self CPU total %  Self CPU total   CPU total %      CPU total        CPU time avg     CUDA total %     CUDA total       CUDA time avg    Number of Calls  Input Shapes                         
------------------  ---------------  ---------------  ---------------  ---------------  ---------------  ---------------  ---------------  ---------------  ---------------  -----------------------------------  
uniform_            12.43%           47.414ms         12.43%           47.414ms         47.414ms         12.63%           47.424ms         47.424ms         1                []                                   
uniform_            11.84%           45.150ms         11.84%           45.150ms         45.150ms         12.02%           45.156ms         45.156ms         1                []                                   
normal_             11.78%           44.926ms         11.78%           44.926ms         44.926ms         11.97%           44.932ms         44.932ms         1                []                                   
uniform_            10.94%           41.721ms         10.94%           41.721ms         41.721ms         11.11%           41.728ms         41.728ms         1                []                                   
chunk               5.07%            19.327ms         5.07%            19.327ms         19.327ms         5.15%            19.328ms         19.328ms         1                []                                   
split               5.06%            19.290ms         5.06%            19.290ms         19.290ms         5.14%            19.312ms         19.312ms         1                []                                   
SubBackward0        4.98%            19.005ms         4.98%            19.005ms         19.005ms         5.07%            19.024ms         19.024ms         1                []                                   
mul                 4.96%            18.920ms         4.96%            18.920ms         18.920ms         5.05%            18.960ms         18.960ms         1                []                                   
SelectBackward      4.85%            18.508ms         4.85%            18.508ms         18.508ms         4.93%            18.512ms         18.512ms         1                []                                   
select              4.80%            18.299ms         4.80%            18.299ms         18.299ms         4.88%            18.336ms         18.336ms         1                []                                   
SubBackward0        4.74%            18.066ms         4.74%            18.066ms         18.066ms         4.03%            15.120ms         15.120ms         1                []                                   
TBackward           4.68%            17.867ms         4.68%            17.867ms         17.867ms         4.73%            17.776ms         17.776ms         1                []                                   
neg                 4.68%            17.832ms         4.68%            17.832ms         17.832ms         3.98%            14.928ms         14.928ms         1                []                                   
unsigned short      4.67%            17.824ms         4.67%            17.824ms         17.824ms         4.73%            17.760ms         17.760ms         1                []                                   
SubBackward0        4.52%            17.231ms         4.52%            17.231ms         17.231ms         4.59%            17.232ms         17.232ms         1                []                                   
------------------  ---------------  ---------------  ---------------  ---------------  ---------------  ---------------  ---------------  ---------------  ---------------  -----------------------------------  
Self CPU time total: 381.379ms
CUDA time total: 375.528ms

subLSTMCuda
`bottleneck` is a tool that can be used as an initial step for debugging
bottlenecks in your program.

It summarizes runs of your script with the Python profiler and PyTorch's
autograd profiler. Because your script will be profiled, please ensure that it
exits in a finite amount of time.

For more complicated uses of the profilers, please see
https://docs.python.org/3/library/profile.html and
https://pytorch.org/docs/master/autograd.html#profiler for more information.
Running environment analysis...
Running your script with cProfile
forward time:  33.52418351173401  backward time:  356.09684586524963
-----------------------------------------------------------------------------------------
| end of epoch   1 | time: 567.12s | valid loss  5.70 | valid ppl   299.79
-----------------------------------------------------------------------------------------
=========================================================================================
| End of training | test loss  5.66 | test ppl   287.85
=========================================================================================
Running your script with the autograd profiler...
forward time:  25.914145946502686  backward time:  362.30426812171936
-----------------------------------------------------------------------------------------
| end of epoch   1 | time: 565.33s | valid loss  5.70 | valid ppl   299.79
-----------------------------------------------------------------------------------------
=========================================================================================
| End of training | test loss  5.66 | test ppl   287.85
=========================================================================================
forward time:  98.94589853286743  backward time:  420.0255477428436
-----------------------------------------------------------------------------------------
| end of epoch   1 | time: 587.17s | valid loss  5.70 | valid ppl   299.79
-----------------------------------------------------------------------------------------
=========================================================================================
| End of training | test loss  5.66 | test ppl   287.85
=========================================================================================
--------------------------------------------------------------------------------
  Environment Summary
--------------------------------------------------------------------------------
PyTorch 1.4.0 compiled w/ CUDA 10.1
Running with Python 3.7 and CUDA 10.1.105

`pip list` truncated output:
numpy==1.18.1
torch==1.4.0
torch-sublstm==0.1.0
torchvision==0.5.0
--------------------------------------------------------------------------------
  cProfile output
--------------------------------------------------------------------------------
         5927131 function calls (5635503 primitive calls) in 635.557 seconds

   Ordered by: internal time
   List reduced from 553 to 15 due to restriction <15>

   ncalls  tottime  percall  cumtime  percall filename:lineno(function)
     1328  355.981    0.268  355.981    0.268 {method 'run_backward' of 'torch._C._EngineBase' objects}
     9298  119.669    0.013  119.669    0.013 {method 'item' of 'torch._C._TensorBase' objects}
        2   98.824   49.412  107.860   53.930 main.py:138(evaluate)
   124190   26.865    0.000   26.865    0.000 {built-in method sublstm_cuda.forward}
        3    7.719    2.573    8.157    2.719 /mnt/storage/home/mk17486/neural-networks/pytorch-subLSTM/tasks/word_language_model/data.py:26(tokenize)
   127740    4.344    0.000    4.344    0.000 {built-in method dropout}
        1    3.064    3.064  516.038  516.038 main.py:173(train)
       16    3.002    0.188    3.002    0.188 {method 'cuda' of 'torch._C._TensorBase' objects}
   124190    2.355    0.000   29.727    0.000 {built-in method apply}
     1775    1.882    0.001   41.238    0.023 ../../src/subLSTM/basic/nn.py:253(forward)
260805/3550    1.547    0.000   42.607    0.012 /mnt/storage/home/mk17486/.local/lib/python3.7/site-packages/torch/nn/modules/module.py:522(__call__)
     1328    0.637    0.000    2.078    0.002 /mnt/storage/home/mk17486/.local/lib/python3.7/site-packages/torch/optim/adam.py:49(step)
    27853    0.631    0.000    0.631    0.000 {method 'mul_' of 'torch._C._TensorBase' objects}
   124190    0.591    0.000   30.484    0.000 ../../src/subLSTM/basic/nn.py:97(forward)
   124382    0.549    0.000    0.728    0.000 /mnt/storage/home/mk17486/.local/lib/python3.7/site-packages/torch/nn/modules/module.py:578(__setattr__)


--------------------------------------------------------------------------------
  autograd profiler output (CPU mode)
--------------------------------------------------------------------------------
        top 15 events sorted by cpu_time_total

--------  ---------------  ---------------  ---------------  ---------------  ---------------  ---------------  ---------------  ---------------  ---------------  -----------------------------------  
Name      Self CPU total %  Self CPU total   CPU total %      CPU total        CPU time avg     CUDA total %     CUDA total       CUDA time avg    Number of Calls  Input Shapes                         
--------  ---------------  ---------------  ---------------  ---------------  ---------------  ---------------  ---------------  ---------------  ---------------  -----------------------------------  
add_      6.67%            227.612ms        6.67%            227.612ms        227.612ms        NaN              0.000us          0.000us          1                []                                   
add_      6.67%            227.557ms        6.67%            227.557ms        227.557ms        NaN              0.000us          0.000us          1                []                                   
add_      6.67%            227.520ms        6.67%            227.520ms        227.520ms        NaN              0.000us          0.000us          1                []                                   
add_      6.67%            227.494ms        6.67%            227.494ms        227.494ms        NaN              0.000us          0.000us          1                []                                   
add_      6.67%            227.472ms        6.67%            227.472ms        227.472ms        NaN              0.000us          0.000us          1                []                                   
add_      6.67%            227.454ms        6.67%            227.454ms        227.454ms        NaN              0.000us          0.000us          1                []                                   
add_      6.67%            227.447ms        6.67%            227.447ms        227.447ms        NaN              0.000us          0.000us          1                []                                   
add_      6.67%            227.445ms        6.67%            227.445ms        227.445ms        NaN              0.000us          0.000us          1                []                                   
add_      6.67%            227.439ms        6.67%            227.439ms        227.439ms        NaN              0.000us          0.000us          1                []                                   
add_      6.67%            227.425ms        6.67%            227.425ms        227.425ms        NaN              0.000us          0.000us          1                []                                   
add_      6.67%            227.421ms        6.67%            227.421ms        227.421ms        NaN              0.000us          0.000us          1                []                                   
add_      6.67%            227.421ms        6.67%            227.421ms        227.421ms        NaN              0.000us          0.000us          1                []                                   
add_      6.67%            227.415ms        6.67%            227.415ms        227.415ms        NaN              0.000us          0.000us          1                []                                   
add_      6.66%            227.401ms        6.66%            227.401ms        227.401ms        NaN              0.000us          0.000us          1                []                                   
add_      6.66%            227.391ms        6.66%            227.391ms        227.391ms        NaN              0.000us          0.000us          1                []                                   
--------  ---------------  ---------------  ---------------  ---------------  ---------------  ---------------  ---------------  ---------------  ---------------  -----------------------------------  
Self CPU time total: 3.412s
CUDA time total: 0.000us

--------------------------------------------------------------------------------
  autograd profiler output (CUDA mode)
--------------------------------------------------------------------------------
        top 15 events sorted by cpu_time_total

	Because the autograd profiler uses the CUDA event API,
	the CUDA time column reports approximately max(cuda_time, cpu_time).
	Please ignore this output if your code does not use CUDA.

--------  ---------------  ---------------  ---------------  ---------------  ---------------  ---------------  ---------------  ---------------  ---------------  -----------------------------------  
Name      Self CPU total %  Self CPU total   CPU total %      CPU total        CPU time avg     CUDA total %     CUDA total       CUDA time avg    Number of Calls  Input Shapes                         
--------  ---------------  ---------------  ---------------  ---------------  ---------------  ---------------  ---------------  ---------------  ---------------  -----------------------------------  
add_      6.67%            224.271ms        6.67%            224.271ms        224.271ms        6.25%            64.000us         64.000us         1                []                                   
add_      6.67%            224.231ms        6.67%            224.231ms        224.231ms        12.50%           128.000us        128.000us        1                []                                   
add_      6.67%            224.225ms        6.67%            224.225ms        224.225ms        6.25%            64.000us         64.000us         1                []                                   
add_      6.67%            224.223ms        6.67%            224.223ms        224.223ms        12.50%           128.000us        128.000us        1                []                                   
add_      6.67%            224.215ms        6.67%            224.215ms        224.215ms        6.25%            64.000us         64.000us         1                []                                   
add_      6.67%            224.206ms        6.67%            224.206ms        224.206ms        6.25%            64.000us         64.000us         1                []                                   
add_      6.67%            224.185ms        6.67%            224.185ms        224.185ms        6.25%            64.000us         64.000us         1                []                                   
add_      6.67%            224.175ms        6.67%            224.175ms        224.175ms        6.25%            64.000us         64.000us         1                []                                   
add_      6.67%            224.174ms        6.67%            224.174ms        224.174ms        6.25%            64.000us         64.000us         1                []                                   
add_      6.67%            224.167ms        6.67%            224.167ms        224.167ms        6.25%            64.000us         64.000us         1                []                                   
add_      6.67%            224.167ms        6.67%            224.167ms        224.167ms        0.00%            0.000us          0.000us          1                []                                   
add_      6.67%            224.164ms        6.67%            224.164ms        224.164ms        6.25%            64.000us         64.000us         1                []                                   
add_      6.67%            224.164ms        6.67%            224.164ms        224.164ms        6.25%            64.000us         64.000us         1                []                                   
add_      6.67%            224.161ms        6.67%            224.161ms        224.161ms        6.25%            64.000us         64.000us         1                []                                   
add_      6.67%            224.161ms        6.67%            224.161ms        224.161ms        6.25%            64.000us         64.000us         1                []                                   
--------  ---------------  ---------------  ---------------  ---------------  ---------------  ---------------  ---------------  ---------------  ---------------  -----------------------------------  
Self CPU time total: 3.363s
CUDA time total: 1.024ms

