Running on host gpu32.bc4.acrc.priv
Slurm job ID is 3563111
This job runs on the following machines:
gpu32
Requirement already satisfied: matplotlib in /mnt/storage/home/mk17486/.local/lib/python3.7/site-packages (3.2.1)
Requirement already satisfied: kiwisolver>=1.0.1 in /mnt/storage/home/mk17486/.local/lib/python3.7/site-packages (from matplotlib) (1.1.0)
Requirement already satisfied: cycler>=0.10 in /mnt/storage/home/mk17486/.local/lib/python3.7/site-packages (from matplotlib) (0.10.0)
Requirement already satisfied: python-dateutil>=2.1 in /mnt/storage/home/mk17486/.local/lib/python3.7/site-packages (from matplotlib) (2.8.1)
Requirement already satisfied: numpy>=1.11 in /mnt/storage/home/mk17486/.local/lib/python3.7/site-packages (from matplotlib) (1.18.1)
Requirement already satisfied: pyparsing!=2.0.4,!=2.1.2,!=2.1.6,>=2.0.1 in /mnt/storage/home/mk17486/.local/lib/python3.7/site-packages (from matplotlib) (2.4.6)
Requirement already satisfied: setuptools in /mnt/storage/software/languages/miniconda/miniconda3/lib/python3.7/site-packages (from kiwisolver>=1.0.1->matplotlib) (41.0.1)
Requirement already satisfied: six in /mnt/storage/software/languages/miniconda/miniconda3/lib/python3.7/site-packages (from cycler>=0.10->matplotlib) (1.12.0)
Requirement already satisfied: torchvision in /mnt/storage/home/mk17486/.local/lib/python3.7/site-packages (0.5.0)
Requirement already satisfied: torch==1.4.0 in /mnt/storage/home/mk17486/.local/lib/python3.7/site-packages (from torchvision) (1.4.0)
Requirement already satisfied: six in /mnt/storage/software/languages/miniconda/miniconda3/lib/python3.7/site-packages (from torchvision) (1.12.0)
Requirement already satisfied: numpy in /mnt/storage/home/mk17486/.local/lib/python3.7/site-packages (from torchvision) (1.18.1)
Requirement already satisfied: pillow>=4.1.1 in /mnt/storage/home/mk17486/.local/lib/python3.7/site-packages (from torchvision) (7.0.0)
Requirement already satisfied: ninja in /mnt/storage/home/mk17486/.local/lib/python3.7/site-packages (1.9.0.post1)
Processing /mnt/storage/home/mk17486/neural-networks/pytorch-subLSTM
slurmstepd: error: *** JOB 3563111 ON gpu32 CANCELLED AT 2020-04-06T18:59:23 ***
