Running on host gpu32.bc4.acrc.priv
Slurm job ID is 3598117
This job runs on the following machines:
gpu32
Obtaining file:///mnt/storage/home/mk17486/neural-networks/pytorch-subLSTM
Requirement already satisfied: numpy in /mnt/storage/home/mk17486/.local/lib/python3.7/site-packages (from torch-sublstm==0.1.0) (1.18.1)
Requirement already satisfied: torch in /mnt/storage/home/mk17486/.local/lib/python3.7/site-packages (from torch-sublstm==0.1.0) (1.4.0)
Installing collected packages: torch-sublstm
  Found existing installation: torch-sublstm 0.1.0
    Uninstalling torch-sublstm-0.1.0:
      Successfully uninstalled torch-sublstm-0.1.0
  Running setup.py develop for torch-sublstm
Successfully installed torch-sublstm
subLSTMCuda
-----------------------------------------------------------------------------------------
| end of epoch   1 | time: 59.69s | valid loss  5.70 | valid ppl   298.39
-----------------------------------------------------------------------------------------
Traceback (most recent call last):
  File "main.py", line 241, in <module>
    torch.save(model, f)
  File "/mnt/storage/home/mk17486/.local/lib/python3.7/site-packages/torch/serialization.py", line 328, in save
    _legacy_save(obj, opened_file, pickle_module, pickle_protocol)
  File "/mnt/storage/home/mk17486/.local/lib/python3.7/site-packages/torch/serialization.py", line 401, in _legacy_save
    pickler.dump(obj)
  File "/mnt/storage/home/mk17486/.local/lib/python3.7/site-packages/torch/jit/__init__.py", line 1711, in __getstate__
    "Mixed serialization of script and non-script modules is not supported. " +
_pickle.PickleError: ScriptModules cannot be deepcopied using copy.deepcopy or saved using torch.save. Mixed serialization of script and non-script modules is not supported. For purely script modules use my_script_module.save(<filename>) instead.
