Running on host gpu06.bc4.acrc.priv
Slurm job ID is 3611843
This job runs on the following machines:
gpu06
Obtaining file:///mnt/storage/home/mk17486/neural-networks/pytorch-subLSTM
Requirement already satisfied: numpy in /mnt/storage/home/mk17486/.local/lib/python3.7/site-packages (from torch-sublstm==0.1.0) (1.18.1)
Requirement already satisfied: torch in /mnt/storage/home/mk17486/.local/lib/python3.7/site-packages (from torch-sublstm==0.1.0) (1.4.0)
Installing collected packages: torch-sublstm
  Found existing installation: torch-sublstm 0.1.0
    Uninstalling torch-sublstm-0.1.0:
      Successfully uninstalled torch-sublstm-0.1.0
  Running setup.py develop for torch-sublstm
Successfully installed torch-sublstm
subLSTM
-----------------------------------------------------------------------------------------
| end of epoch   1 | time: 47.13s | valid loss  5.61 | valid ppl   274.15
-----------------------------------------------------------------------------------------
-----------------------------------------------------------------------------------------
| end of epoch   2 | time: 47.03s | valid loss  5.49 | valid ppl   241.98
-----------------------------------------------------------------------------------------
-----------------------------------------------------------------------------------------
| end of epoch   3 | time: 47.01s | valid loss  5.41 | valid ppl   224.71
-----------------------------------------------------------------------------------------
-----------------------------------------------------------------------------------------
| end of epoch   4 | time: 46.97s | valid loss  5.37 | valid ppl   213.84
-----------------------------------------------------------------------------------------
-----------------------------------------------------------------------------------------
| end of epoch   5 | time: 46.96s | valid loss  5.32 | valid ppl   203.57
-----------------------------------------------------------------------------------------
=========================================================================================
| End of training | test loss  5.26 | test ppl   192.53
=========================================================================================
