Running on host gpu10.bc4.acrc.priv
Slurm job ID is 3575820
This job runs on the following machines:
gpu10
Traceback (most recent call last):
  File "main.py", line 233, in <module>
    train()
  File "main.py", line 204, in train
    output, hidden = model(data, hidden)
  File "/mnt/storage/home/mk17486/.local/lib/python3.7/site-packages/torch/nn/modules/module.py", line 532, in __call__
    result = self.forward(*input, **kwargs)
  File "/mnt/storage/home/mk17486/neural-networks/pytorch-subLSTM/tasks/word_language_model/model.py", line 69, in forward
    output, hidden = self.rnn(emb, hidden)
  File "/mnt/storage/home/mk17486/.local/lib/python3.7/site-packages/torch/nn/modules/module.py", line 532, in __call__
    result = self.forward(*input, **kwargs)
  File "/mnt/storage/home/mk17486/.local/lib/python3.7/site-packages/torch/nn/modules/rnn.py", line 556, in forward
    self.check_forward_args(input, hx, batch_sizes)
  File "/mnt/storage/home/mk17486/.local/lib/python3.7/site-packages/torch/nn/modules/rnn.py", line 508, in check_forward_args
    self.check_input(input, batch_sizes)
  File "/mnt/storage/home/mk17486/.local/lib/python3.7/site-packages/torch/nn/modules/rnn.py", line 159, in check_input
    self.input_size, input.size(-1)))
RuntimeError: input.size(-1) must be equal to input_size. Expected 650, got 10000
