Running on host gpu12.bc4.acrc.priv
Slurm job ID is 3597742
This job runs on the following machines:
gpu12
Obtaining file:///mnt/storage/home/mk17486/neural-networks/pytorch-subLSTM
Requirement already satisfied: numpy in /mnt/storage/home/mk17486/.local/lib/python3.7/site-packages (from torch-sublstm==0.1.0) (1.18.1)
Requirement already satisfied: torch in /mnt/storage/home/mk17486/.local/lib/python3.7/site-packages (from torch-sublstm==0.1.0) (1.4.0)
Installing collected packages: torch-sublstm
  Found existing installation: torch-sublstm 0.1.0
    Uninstalling torch-sublstm-0.1.0:
      Successfully uninstalled torch-sublstm-0.1.0
  Running setup.py develop for torch-sublstm
Successfully installed torch-sublstm
subLSTMCuda
-----------------------------------------------------------------------------------------
| end of epoch   1 | time: 58.93s | valid loss  5.70 | valid ppl   298.39
-----------------------------------------------------------------------------------------
=========================================================================================
| End of training | test loss  5.65 | test ppl   285.69
=========================================================================================
