Running on host gpu32.bc4.acrc.priv
Slurm job ID is 3589024
This job runs on the following machines:
gpu32
Processing /mnt/storage/home/mk17486/neural-networks/pytorch-subLSTM
Requirement already satisfied: numpy in /mnt/storage/home/mk17486/.local/lib/python3.7/site-packages (from torch-sublstm==0.1.0) (1.18.1)
Requirement already satisfied: torch in /mnt/storage/home/mk17486/.local/lib/python3.7/site-packages (from torch-sublstm==0.1.0) (1.4.0)
Building wheels for collected packages: torch-sublstm
  Building wheel for torch-sublstm (setup.py): started
  Building wheel for torch-sublstm (setup.py): still running...
  Building wheel for torch-sublstm (setup.py): finished with status 'done'
  Stored in directory: /mnt/storage/home/mk17486/.cache/pip/wheels/31/17/41/f7b13d3b73f5822baeb1d95f85487aba02a62f36c7b48952c9
Successfully built torch-sublstm
Installing collected packages: torch-sublstm
  Found existing installation: torch-sublstm 0.1.0
    Uninstalling torch-sublstm-0.1.0:
      Successfully uninstalled torch-sublstm-0.1.0
Successfully installed torch-sublstm-0.1.0
subLSTMCuda
slurmstepd: error: Job 3589024 exceeded memory limit (5232584 > 4096000), being killed
slurmstepd: error: Exceeded job memory limit
slurmstepd: error: *** JOB 3589024 ON gpu32 CANCELLED AT 2020-04-16T15:30:36 ***
