Running on host gpu19.bc4.acrc.priv
Slurm job ID is 3587340
This job runs on the following machines:
gpu19
LSTM
| epoch   1 |   200/ 1327 batches | lr 0.001000 | ms/batch 24.03 | loss  6.56 | ppl   708.63
| epoch   1 |   400/ 1327 batches | lr 0.001000 | ms/batch 24.35 | loss  6.07 | ppl   431.97
| epoch   1 |   600/ 1327 batches | lr 0.001000 | ms/batch 23.60 | loss  5.92 | ppl   373.46
| epoch   1 |   800/ 1327 batches | lr 0.001000 | ms/batch 23.71 | loss  5.76 | ppl   315.81
| epoch   1 |  1000/ 1327 batches | lr 0.001000 | ms/batch 23.79 | loss  5.69 | ppl   295.19
| epoch   1 |  1200/ 1327 batches | lr 0.001000 | ms/batch 23.36 | loss  5.60 | ppl   269.26
-----------------------------------------------------------------------------------------
| end of epoch   1 | time: 32.32s | valid loss  5.43 | valid ppl   228.61
-----------------------------------------------------------------------------------------
=========================================================================================
| End of training | test loss  5.39 | test ppl   219.71
=========================================================================================
subLSTM
| epoch   1 |   200/ 1327 batches | lr 0.001000 | ms/batch 65.44 | loss  6.70 | ppl   816.40
| epoch   1 |   400/ 1327 batches | lr 0.001000 | ms/batch 64.40 | loss  6.22 | ppl   502.31
| epoch   1 |   600/ 1327 batches | lr 0.001000 | ms/batch 62.80 | loss  6.14 | ppl   463.72
| epoch   1 |   800/ 1327 batches | lr 0.001000 | ms/batch 64.01 | loss  6.02 | ppl   410.13
| epoch   1 |  1000/ 1327 batches | lr 0.001000 | ms/batch 63.16 | loss  5.98 | ppl   395.92
| epoch   1 |  1200/ 1327 batches | lr 0.001000 | ms/batch 66.35 | loss  5.92 | ppl   373.55
-----------------------------------------------------------------------------------------
| end of epoch   1 | time: 88.85s | valid loss  5.70 | valid ppl   299.09
-----------------------------------------------------------------------------------------
=========================================================================================
| End of training | test loss  5.66 | test ppl   286.58
=========================================================================================
subLSTMCuda
| epoch   1 |   200/ 1327 batches | lr 0.001000 | ms/batch 47.64 | loss  6.70 | ppl   814.33
| epoch   1 |   400/ 1327 batches | lr 0.001000 | ms/batch 47.27 | loss  6.22 | ppl   503.00
| epoch   1 |   600/ 1327 batches | lr 0.001000 | ms/batch 49.65 | loss  6.14 | ppl   463.69
| epoch   1 |   800/ 1327 batches | lr 0.001000 | ms/batch 48.27 | loss  6.02 | ppl   409.86
| epoch   1 |  1000/ 1327 batches | lr 0.001000 | ms/batch 47.73 | loss  5.98 | ppl   395.12
| epoch   1 |  1200/ 1327 batches | lr 0.001000 | ms/batch 49.47 | loss  5.92 | ppl   373.40
-----------------------------------------------------------------------------------------
| end of epoch   1 | time: 67.65s | valid loss  5.70 | valid ppl   298.14
-----------------------------------------------------------------------------------------
=========================================================================================
| End of training | test loss  5.66 | test ppl   285.75
=========================================================================================
