Running on host gpu12.bc4.acrc.priv
Slurm job ID is 3584139
This job runs on the following machines:
gpu12
subLSTM
forward time:  39.41452407836914  backward time:  51.78197360038757
-----------------------------------------------------------------------------------------
| end of epoch   1 | time: 104.07s | valid loss  5.70 | valid ppl   299.17
-----------------------------------------------------------------------------------------
=========================================================================================
| End of training | test loss  5.66 | test ppl   287.68
=========================================================================================
subLSTMCuda
forward time:  29.635292053222656  backward time:  361.31857991218567
-----------------------------------------------------------------------------------------
| end of epoch   1 | time: 564.74s | valid loss  5.70 | valid ppl   299.79
-----------------------------------------------------------------------------------------
=========================================================================================
| End of training | test loss  5.66 | test ppl   287.85
=========================================================================================
