Running on host gpu32.bc4.acrc.priv
Slurm job ID is 3589004
This job runs on the following machines:
gpu32
Processing /mnt/storage/home/mk17486/neural-networks/pytorch-subLSTM
Requirement already satisfied: numpy in /mnt/storage/home/mk17486/.local/lib/python3.7/site-packages (from torch-sublstm==0.1.0) (1.18.1)
Requirement already satisfied: torch in /mnt/storage/home/mk17486/.local/lib/python3.7/site-packages (from torch-sublstm==0.1.0) (1.4.0)
Building wheels for collected packages: torch-sublstm
  Building wheel for torch-sublstm (setup.py): started
  Building wheel for torch-sublstm (setup.py): still running...
  Building wheel for torch-sublstm (setup.py): finished with status 'done'
  Stored in directory: /mnt/storage/home/mk17486/.cache/pip/wheels/31/17/41/f7b13d3b73f5822baeb1d95f85487aba02a62f36c7b48952c9
Successfully built torch-sublstm
Installing collected packages: torch-sublstm
  Found existing installation: torch-sublstm 0.1.0
    Uninstalling torch-sublstm-0.1.0:
      Successfully uninstalled torch-sublstm-0.1.0
Successfully installed torch-sublstm-0.1.0
subLSTMCuda
Traceback (most recent call last):
  File "main.py", line 230, in <module>
    train()
  File "main.py", line 197, in train
    loss.backward()
  File "/mnt/storage/home/mk17486/.local/lib/python3.7/site-packages/torch/tensor.py", line 195, in backward
    torch.autograd.backward(self, gradient, retain_graph, create_graph)
  File "/mnt/storage/home/mk17486/.local/lib/python3.7/site-packages/torch/autograd/__init__.py", line 99, in backward
    allow_unreachable=True)  # allow_unreachable flag
  File "/mnt/storage/home/mk17486/.local/lib/python3.7/site-packages/torch/autograd/function.py", line 77, in apply
    return self._forward_cls.backward(self, *args)
  File "../../src/subLSTM/basic/nn.py", line 47, in backward
    outputs = sublstm_cuda.backward(grad_h, grad_cell, *ctx.varies)
RuntimeError: invalid argument 0: Sizes of tensors must match except in dimension 0. Got 2600 and 20 in dimension 1 at /pytorch/aten/src/THC/generic/THCTensorMath.cu:71
