Running on host gpu21.bc4.acrc.priv
Slurm job ID is 3576803
This job runs on the following machines:
gpu21
subLSTM
| epoch   1 |   200/ 1327 batches | lr 0.001000 | ms/batch 63.12 | loss  6.70 | ppl   813.90
| epoch   1 |   400/ 1327 batches | lr 0.001000 | ms/batch 62.58 | loss  6.22 | ppl   504.52
| epoch   1 |   600/ 1327 batches | lr 0.001000 | ms/batch 62.63 | loss  6.14 | ppl   463.77
| epoch   1 |   800/ 1327 batches | lr 0.001000 | ms/batch 62.55 | loss  6.01 | ppl   409.09
| epoch   1 |  1000/ 1327 batches | lr 0.001000 | ms/batch 62.56 | loss  5.98 | ppl   395.55
| epoch   1 |  1200/ 1327 batches | lr 0.001000 | ms/batch 62.58 | loss  5.92 | ppl   372.86
forward time:  31.71356439590454  backward time:  44.13448715209961
-----------------------------------------------------------------------------------------
| end of epoch   1 | time: 86.94s | valid loss  5.70 | valid ppl   299.17
-----------------------------------------------------------------------------------------
=========================================================================================
| End of training | test loss  5.66 | test ppl   287.68
=========================================================================================
subLSTMCuda
| epoch   1 |   200/ 1327 batches | lr 0.001000 | ms/batch 389.18 | loss  6.70 | ppl   812.58
| epoch   1 |   400/ 1327 batches | lr 0.001000 | ms/batch 387.20 | loss  6.23 | ppl   505.40
| epoch   1 |   600/ 1327 batches | lr 0.001000 | ms/batch 387.22 | loss  6.14 | ppl   463.81
| epoch   1 |   800/ 1327 batches | lr 0.001000 | ms/batch 386.95 | loss  6.01 | ppl   408.80
| epoch   1 |  1000/ 1327 batches | lr 0.001000 | ms/batch 386.95 | loss  5.98 | ppl   395.94
| epoch   1 |  1200/ 1327 batches | lr 0.001000 | ms/batch 386.89 | loss  5.92 | ppl   373.42
forward time:  26.51692771911621  backward time:  361.5515320301056
-----------------------------------------------------------------------------------------
| end of epoch   1 | time: 564.61s | valid loss  5.70 | valid ppl   299.79
-----------------------------------------------------------------------------------------
=========================================================================================
| End of training | test loss  5.66 | test ppl   287.85
=========================================================================================
