Running on host gpu32.bc4.acrc.priv
Slurm job ID is 3604132
This job runs on the following machines:
gpu32
Obtaining file:///mnt/storage/home/mk17486/neural-networks/pytorch-subLSTM
Requirement already satisfied: numpy in /mnt/storage/home/mk17486/.local/lib/python3.7/site-packages (from torch-sublstm==0.1.0) (1.18.1)
Requirement already satisfied: torch in /mnt/storage/home/mk17486/.local/lib/python3.7/site-packages (from torch-sublstm==0.1.0) (1.4.0)
Installing collected packages: torch-sublstm
  Found existing installation: torch-sublstm 0.1.0
    Uninstalling torch-sublstm-0.1.0:
      Successfully uninstalled torch-sublstm-0.1.0
  Running setup.py develop for torch-sublstm
Successfully installed torch-sublstm
subLSTMCuda
Traceback (most recent call last):
  File "main.py", line 98, in <module>
    model = model.RNNModel(args.model, ntokens, args.emsize, args.nhid, args.nlayers, args.dropout, args.tied, args.batch_size)
  File "/mnt/storage/home/mk17486/neural-networks/pytorch-subLSTM/tasks/word_language_model/model.py", line 37, in __init__
    batch_size=batch_size)
  File "../../src/subLSTM/basic/nn.py", line 249, in __init__
    traced_layer = torch.jit.script(layer_type(layer_in_size, layer_out_size, bias)).cuda()
  File "/mnt/storage/home/mk17486/.local/lib/python3.7/site-packages/torch/jit/__init__.py", line 1255, in script
    return torch.jit._recursive.recursive_script(obj)
  File "/mnt/storage/home/mk17486/.local/lib/python3.7/site-packages/torch/jit/_recursive.py", line 534, in recursive_script
    return create_script_module(nn_module, infer_methods_to_compile(nn_module))
  File "/mnt/storage/home/mk17486/.local/lib/python3.7/site-packages/torch/jit/_recursive.py", line 296, in create_script_module
    return create_script_module_impl(nn_module, concrete_type, cpp_module, stubs)
  File "/mnt/storage/home/mk17486/.local/lib/python3.7/site-packages/torch/jit/_recursive.py", line 340, in create_script_module_impl
    create_methods_from_stubs(concrete_type, stubs)
  File "/mnt/storage/home/mk17486/.local/lib/python3.7/site-packages/torch/jit/_recursive.py", line 259, in create_methods_from_stubs
    concrete_type._create_methods(defs, rcbs, defaults)
RuntimeError: 
Tried to set an attribute: requires_grad on a non-class: Tensor:
  File "../../src/subLSTM/basic/nn.py", line 100

        #with torch.no_grad() is not supported by TorchScript
        old_h.requires_grad = False
        ~~~~~~~~~~~~~~~~~~~~~~~~~~~ <--- HERE
        input.requires_grad = False
        self.bias.requires_grad = False

