Running on host gpu11.bc4.acrc.priv
Slurm job ID is 3609119
This job runs on the following machines:
gpu11
Obtaining file:///mnt/storage/home/mk17486/neural-networks/pytorch-subLSTM
Requirement already satisfied: numpy in /mnt/storage/home/mk17486/.local/lib/python3.7/site-packages (from torch-sublstm==0.1.0) (1.18.1)
Requirement already satisfied: torch in /mnt/storage/home/mk17486/.local/lib/python3.7/site-packages (from torch-sublstm==0.1.0) (1.4.0)
Installing collected packages: torch-sublstm
  Found existing installation: torch-sublstm 0.1.0
    Uninstalling torch-sublstm-0.1.0:
      Successfully uninstalled torch-sublstm-0.1.0
  Running setup.py develop for torch-sublstm
Successfully installed torch-sublstm
subLSTMCuda
-----------------------------------------------------------------------------------------
| end of epoch   1 | time: 62.83s | valid loss  5.71 | valid ppl   300.38
-----------------------------------------------------------------------------------------
Traceback (most recent call last):
  File "main.py", line 249, in <module>
    model.save(args.save)
  File "/mnt/storage/home/mk17486/.local/lib/python3.7/site-packages/torch/nn/modules/module.py", line 576, in __getattr__
    type(self).__name__, name))
AttributeError: 'RNNModel' object has no attribute 'save'
