Running on host gpu15.bc4.acrc.priv
Slurm job ID is 3579829
This job runs on the following machines:
gpu15
subLSTM
==8968== NVPROF is profiling process 8968, command: python main.py --model=subLSTM --cuda --emsize 650 --nhid 650 --dropout 0.5 --epochs 1 --lr 0.001 --optim adam
==8968== Warning: Profiling results might be incorrect with current version of nvcc compiler used to compile cuda app. Compile with nvcc compiler 9.0 or later version to get correct profiling results. Ignore this warning if code is already compiled with the recommended nvcc version 
forward time:  49.35763168334961  backward time:  76.33708882331848
-----------------------------------------------------------------------------------------
| end of epoch   1 | time: 140.46s | valid loss  5.70 | valid ppl   299.17
-----------------------------------------------------------------------------------------
=========================================================================================
| End of training | test loss  5.66 | test ppl   287.68
=========================================================================================
==8968== Generated result file: /mnt/storage/home/mk17486/neural-networks/pytorch-subLSTM/tasks/word_language_model/py-prof.nvvp
subLSTMCuda
==13881== NVPROF is profiling process 13881, command: python main.py --model=subLSTMCuda --cuda --emsize 650 --nhid 650 --dropout 0.5 --epochs 1 --lr 0.001 --optim adam
==13881== Warning: Profiling results might be incorrect with current version of nvcc compiler used to compile cuda app. Compile with nvcc compiler 9.0 or later version to get correct profiling results. Ignore this warning if code is already compiled with the recommended nvcc version 
forward time:  54.1304566860199  backward time:  339.93873858451843
-----------------------------------------------------------------------------------------
| end of epoch   1 | time: 573.86s | valid loss  5.70 | valid ppl   299.79
-----------------------------------------------------------------------------------------
=========================================================================================
| End of training | test loss  5.66 | test ppl   287.85
=========================================================================================
==13881== Generated result file: /mnt/storage/home/mk17486/neural-networks/pytorch-subLSTM/tasks/word_language_model/cu-prof.nvvp
